<?xml version="1.0" encoding="utf-8"?><testsuites name="pytest tests"><testsuite name="pytest" errors="0" failures="0" skipped="0" tests="19" time="3.755" timestamp="2026-05-12T08:37:01.543621+00:00" hostname="agent-env-6fa1d02a-3fd7-46f0-b9dd-44183cb4e27c"><testcase classname="backend.tests.test_iter266_17_messaging_autobuild_briefing.TestBeoMessaging" name="test_send_valid" time="1.196" /><testcase classname="backend.tests.test_iter266_17_messaging_autobuild_briefing.TestBeoMessaging" name="test_send_nonexistent_beo_returns_404" time="0.057" /><testcase classname="backend.tests.test_iter266_17_messaging_autobuild_briefing.TestBeoMessaging" name="test_send_empty_body_returns_422" time="0.054" /><testcase classname="backend.tests.test_iter266_17_messaging_autobuild_briefing.TestBeoMessaging" name="test_get_thread" time="0.059" /><testcase classname="backend.tests.test_iter266_17_messaging_autobuild_briefing.TestBeoMessaging" name="test_get_thread_nonexistent_404" time="0.055" /><testcase classname="backend.tests.test_iter266_17_messaging_autobuild_briefing.TestBeoMessaging" name="test_send_3_then_sorted_ascending" time="0.663" /><testcase classname="backend.tests.test_iter266_17_messaging_autobuild_briefing.TestBeoMessaging" name="test_unread_grouped_by_beo_excludes_self" time="0.323" /><testcase classname="backend.tests.test_iter266_17_messaging_autobuild_briefing.TestBeoMessaging" name="test_mark_read_then_unread_drops_thread" time="0.288" /><testcase classname="backend.tests.test_iter266_17_messaging_autobuild_briefing.TestChefAutoBuild" name="test_auto_build_success" time="0.065" /><testcase classname="backend.tests.test_iter266_17_messaging_autobuild_briefing.TestChefAutoBuild" name="test_auto_build_idempotent" time="0.234" /><testcase classname="backend.tests.test_iter266_17_messaging_autobuild_briefing.TestChefAutoBuild" name="test_auto_build_nonexistent_404" time="0.054" /><testcase classname="backend.tests.test_iter266_17_messaging_autobuild_briefing.TestChefAutoBuild" name="test_auto_build_empty_returns_400" time="0.123" /><testcase classname="backend.tests.test_iter266_17_messaging_autobuild_briefing.TestChefAutoBuild" name="test_approve_prep_all" time="0.114" /><testcase classname="backend.tests.test_iter266_17_messaging_autobuild_briefing.TestChefAutoBuild" name="test_detail_still_works" time="0.057" /><testcase classname="backend.tests.test_iter266_17_messaging_autobuild_briefing.TestGmBriefing" name="test_gm_daily_briefing_html" time="0.061" /><testcase classname="backend.tests.test_iter266_17_messaging_autobuild_briefing.TestGmBriefing" name="test_gm_daily_briefing_30days" time="0.057" /><testcase classname="backend.tests.test_iter266_17_messaging_autobuild_briefing.TestGmBriefing" name="test_transfer_link_inserts_row" time="0.063" /><testcase classname="backend.tests.test_iter266_17_messaging_autobuild_briefing.TestGmBriefing" name="test_vip_precheck_endpoint_still_works" time="0.063" /><testcase classname="backend.tests.test_iter266_17_messaging_autobuild_briefing.TestGmBriefing" name="test_availability_still_works" time="0.058" /></testsuite></testsuites>