<?xml version="1.0" encoding="utf-8"?><testsuites name="pytest tests"><testsuite name="pytest" errors="0" failures="0" skipped="0" tests="8" time="1.682" timestamp="2026-04-16T21:21:13.279342+00:00" hostname="agent-env-0d514397-b02f-409d-829a-33424537802f"><testcase classname="backend.tests.test_iteration_123.TestMenuEngineeringMatrix" name="test_matrix_endpoint_returns_data" time="0.285" /><testcase classname="backend.tests.test_iteration_123.TestMenuEngineeringMatrix" name="test_matrix_uses_pos_database" time="0.140" /><testcase classname="backend.tests.test_iteration_123.TestMenuEngineeringMatrix" name="test_matrix_items_have_units_sold" time="0.256" /><testcase classname="backend.tests.test_iteration_123.TestMenuEngineeringMatrix" name="test_matrix_quadrant_classification" time="0.204" /><testcase classname="backend.tests.test_iteration_123.TestMenuEngineeringMatrix" name="test_outlets_endpoint" time="0.156" /><testcase classname="backend.tests.test_iteration_123.TestMenuEngineeringMatrix" name="test_seed_sales_endpoint" time="0.162" /><testcase classname="backend.tests.test_iteration_123.TestMenuEngineeringMatrix" name="test_matrix_with_specific_outlet" time="0.281" /><testcase classname="backend.tests.test_iteration_123.TestHealthCheck" name="test_api_accessible" time="0.117" /></testsuite></testsuites>