<?xml version="1.0" encoding="utf-8"?><testsuites name="pytest tests"><testsuite name="pytest" errors="0" failures="0" skipped="0" tests="20" time="9.213" timestamp="2026-05-12T06:17:09.044689+00:00" hostname="agent-env-6fa1d02a-3fd7-46f0-b9dd-44183cb4e27c"><testcase classname="backend.tests.test_iter266_12_chef_outlet.TestChefDashboard" name="test_dashboard_envelope_shape" time="6.737" /><testcase classname="backend.tests.test_iter266_12_chef_outlet.TestChefDashboard" name="test_dashboard_forecast_horizons_and_invariant" time="0.086" /><testcase classname="backend.tests.test_iter266_12_chef_outlet.TestChefDashboard" name="test_dashboard_labor_shape" time="0.070" /><testcase classname="backend.tests.test_iter266_12_chef_outlet.TestChefDashboard" name="test_dashboard_all_iteration_options[1000]" time="0.074" /><testcase classname="backend.tests.test_iter266_12_chef_outlet.TestChefDashboard" name="test_dashboard_all_iteration_options[2000]" time="0.103" /><testcase classname="backend.tests.test_iter266_12_chef_outlet.TestChefDashboard" name="test_dashboard_all_iteration_options[5000]" time="0.153" /><testcase classname="backend.tests.test_iter266_12_chef_outlet.TestChefDashboard" name="test_dashboard_all_iteration_options[7500]" time="0.168" /><testcase classname="backend.tests.test_iter266_12_chef_outlet.TestChefDashboard" name="test_invalid_iterations_falls_back_to_2000" time="0.136" /><testcase classname="backend.tests.test_iter266_12_chef_outlet.TestChefDashboard" name="test_iteration_count_affects_sampling" time="0.229" /><testcase classname="backend.tests.test_iter266_12_chef_outlet.TestChefDashboard" name="test_nonexistent_outlet_returns_found_false" time="0.054" /><testcase classname="backend.tests.test_iter266_12_chef_outlet.TestOutletsForChef" name="test_no_email_returns_all_outlets" time="0.055" /><testcase classname="backend.tests.test_iter266_12_chef_outlet.TestOutletsForChef" name="test_email_filter" time="0.049" /><testcase classname="backend.tests.test_iter266_12_chef_outlet.TestForecastFeedback" name="test_recalibrate_persists" time="0.648" /><testcase classname="backend.tests.test_iter266_12_chef_outlet.TestForecastFeedback" name="test_accuracy_empty_outlet" time="0.050" /><testcase classname="backend.tests.test_iter266_12_chef_outlet.TestBeoTimeline" name="test_timeline_default_month" time="0.052" /><testcase classname="backend.tests.test_iter266_12_chef_outlet.TestBeoTimeline" name="test_timeline_bad_month" time="0.048" /><testcase classname="backend.tests.test_iter266_12_chef_outlet.TestBeoTimeline" name="test_cumulative_with_events" time="0.100" /><testcase classname="backend.tests.test_iter266_12_chef_outlet.TestBeoTimeline" name="test_cumulative_empty" time="0.058" /><testcase classname="backend.tests.test_iter266_12_chef_outlet.TestLaborBrainRegression" name="test_labor_brain_still_works" time="0.060" /><testcase classname="backend.tests.test_iter266_12_chef_outlet.TestLaborBrainRegression" name="test_echo_schedule_dashboard_still_works" time="0.059" /></testsuite></testsuites>