<?xml version="1.0" encoding="utf-8"?><testsuites name="pytest tests"><testsuite name="pytest" errors="0" failures="0" skipped="0" tests="13" time="11.276" timestamp="2026-05-12T10:17:27.145756+00:00" hostname="agent-env-6fa1d02a-3fd7-46f0-b9dd-44183cb4e27c"><testcase classname="backend.tests.test_iter273_help_onboarding_supplier.TestHelpAgentAsk" name="test_ask_409a" time="3.838" /><testcase classname="backend.tests.test_iter273_help_onboarding_supplier.TestHelpAgentAsk" name="test_ask_calculus" time="3.700" /><testcase classname="backend.tests.test_iter273_help_onboarding_supplier.TestHelpAgentAsk" name="test_ask_paystub_suggests_tour" time="2.258" /><testcase classname="backend.tests.test_iter273_help_onboarding_supplier.TestRoleProvisioning" name="test_role_provisioning_list" time="0.067" /><testcase classname="backend.tests.test_iter273_help_onboarding_supplier.TestRoleProvisioning" name="test_create_banquet_chef_auto_fill" time="0.189" /><testcase classname="backend.tests.test_iter273_help_onboarding_supplier.TestRoleProvisioning" name="test_create_finance_auto_fill" time="0.139" /><testcase classname="backend.tests.test_iter273_help_onboarding_supplier.TestRoleProvisioning" name="test_apply_role_defaults_gm" time="0.189" /><testcase classname="backend.tests.test_iter273_help_onboarding_supplier.TestRoleProvisioning" name="test_unknown_role_falls_back_to_staff" time="0.253" /><testcase classname="backend.tests.test_iter273_help_onboarding_supplier.TestSupplierCatalogDeepDive" name="test_price_history_sys001234" time="0.089" /><testcase classname="backend.tests.test_iter273_help_onboarding_supplier.TestSupplierCatalogDeepDive" name="test_outlet_usage_sys005678" time="0.060" /><testcase classname="backend.tests.test_iter273_help_onboarding_supplier.TestSupplierCatalogDeepDive" name="test_select_vendor_and_persist" time="0.120" /><testcase classname="backend.tests.test_iter273_help_onboarding_supplier.TestSupplierCatalogDeepDive" name="test_price_history_unknown_sku_404" time="0.062" /><testcase classname="backend.tests.test_iter273_help_onboarding_supplier.TestPDFEvidence" name="test_pdf_200_and_size" time="0.151" /></testsuite></testsuites>