<?xml version="1.0" encoding="utf-8"?><testsuites name="pytest tests"><testsuite name="pytest" errors="0" failures="0" skipped="0" tests="35" time="28.764" timestamp="2026-04-19T00:05:06.547643+00:00" hostname="agent-env-0d514397-b02f-409d-829a-33424537802f"><testcase classname="tests.test_iter177_job_profiles_hr.TestJobProfilesList" name="test_list_requires_admin_token" time="0.190" /><testcase classname="tests.test_iter177_job_profiles_hr.TestJobProfilesList" name="test_list_with_wrong_token" time="0.143" /><testcase classname="tests.test_iter177_job_profiles_hr.TestJobProfilesList" name="test_list_returns_seeded_profiles" time="0.134" /><testcase classname="tests.test_iter177_job_profiles_hr.TestJobProfilesList" name="test_list_returns_levels_enum" time="0.156" /><testcase classname="tests.test_iter177_job_profiles_hr.TestJobProfilesList" name="test_list_filter_by_department" time="0.240" /><testcase classname="tests.test_iter177_job_profiles_hr.TestJobProfilesUpsert" name="test_upsert_requires_admin_token" time="0.135" /><testcase classname="tests.test_iter177_job_profiles_hr.TestJobProfilesUpsert" name="test_upsert_creates_new_profile" time="0.117" /><testcase classname="tests.test_iter177_job_profiles_hr.TestJobProfilesUpsert" name="test_upsert_validates_level" time="0.164" /><testcase classname="tests.test_iter177_job_profiles_hr.TestJobProfilesUpsert" name="test_upsert_updates_existing" time="0.275" /><testcase classname="tests.test_iter177_job_profiles_hr.TestJobProfilesByCode" name="test_by_code_requires_admin" time="0.135" /><testcase classname="tests.test_iter177_job_profiles_hr.TestJobProfilesByCode" name="test_by_code_returns_profile" time="0.111" /><testcase classname="tests.test_iter177_job_profiles_hr.TestJobProfilesByCode" name="test_by_code_unknown_returns_404" time="0.161" /><testcase classname="tests.test_iter177_job_profiles_hr.TestJobProfilesDeactivate" name="test_deactivate_requires_admin" time="0.135" /><testcase classname="tests.test_iter177_job_profiles_hr.TestJobProfilesDeactivate" name="test_deactivate_sets_active_false" time="0.399" /><testcase classname="tests.test_iter177_job_profiles_hr.TestJobProfilesDeactivate" name="test_deactivate_unknown_returns_404" time="0.167" /><testcase classname="tests.test_iter177_job_profiles_hr.TestEmployeeResume" name="test_upload_requires_admin" time="0.236" /><testcase classname="tests.test_iter177_job_profiles_hr.TestEmployeeResume" name="test_upload_accepts_txt" time="0.222" /><testcase classname="tests.test_iter177_job_profiles_hr.TestEmployeeResume" name="test_upload_accepts_pdf" time="0.231" /><testcase classname="tests.test_iter177_job_profiles_hr.TestEmployeeResume" name="test_upload_rejects_unsupported_mime" time="0.224" /><testcase classname="tests.test_iter177_job_profiles_hr.TestEmployeeResume" name="test_upload_rejects_empty" time="0.293" /><testcase classname="tests.test_iter177_job_profiles_hr.TestEmployeeResume" name="test_meta_requires_admin" time="0.253" /><testcase classname="tests.test_iter177_job_profiles_hr.TestEmployeeResume" name="test_meta_returns_without_bytes" time="0.352" /><testcase classname="tests.test_iter177_job_profiles_hr.TestEmployeeResume" name="test_download_requires_admin" time="0.230" /><testcase classname="tests.test_iter177_job_profiles_hr.TestEmployeeResume" name="test_download_streams_file" time="0.361" /><testcase classname="tests.test_iter177_job_profiles_hr.TestEmployeeResume" name="test_delete_requires_admin" time="0.253" /><testcase classname="tests.test_iter177_job_profiles_hr.TestEmployeeResume" name="test_delete_removes_resume" time="0.698" /><testcase classname="tests.test_iter177_job_profiles_hr.TestAssignProfile" name="test_assign_requires_admin" time="0.218" /><testcase classname="tests.test_iter177_job_profiles_hr.TestAssignProfile" name="test_assign_profile_to_employee" time="0.228" /><testcase classname="tests.test_iter177_job_profiles_hr.TestAssignProfile" name="test_assign_null_unassigns" time="0.334" /><testcase classname="tests.test_iter177_job_profiles_hr.TestAssignProfile" name="test_assign_invalid_code_returns_404" time="0.226" /><testcase classname="tests.test_iter177_job_profiles_hr.TestAIEvaluation" name="test_evaluate_requires_admin" time="0.529" /><testcase classname="tests.test_iter177_job_profiles_hr.TestAIEvaluation" name="test_evaluate_requires_profile" time="0.297" /><testcase classname="tests.test_iter177_job_profiles_hr.TestAIEvaluation" name="test_evaluate_returns_structured_response" time="20.312" /><testcase classname="tests.test_iter177_job_profiles_hr.TestEvaluationHistory" name="test_history_requires_admin" time="0.236" /><testcase classname="tests.test_iter177_job_profiles_hr.TestEvaluationHistory" name="test_history_returns_evaluations" time="0.235" /></testsuite></testsuites>