<?xml version="1.0" encoding="utf-8"?><testsuites name="pytest tests"><testsuite name="pytest" errors="0" failures="0" skipped="0" tests="17" time="2.282" timestamp="2026-04-14T23:34:07.958777+00:00" hostname="agent-env-0d514397-b02f-409d-829a-33424537802f"><testcase classname="backend.tests.test_iteration72_sidebar_integrations.TestIntegrationStatus" name="test_integration_status_returns_200" time="0.152" /><testcase classname="backend.tests.test_iteration72_sidebar_integrations.TestIntegrationStatus" name="test_integration_status_has_4_providers" time="0.114" /><testcase classname="backend.tests.test_iteration72_sidebar_integrations.TestIntegrationStatus" name="test_integration_status_has_toast_pos" time="0.137" /><testcase classname="backend.tests.test_iteration72_sidebar_integrations.TestIntegrationStatus" name="test_integration_status_has_quickbooks" time="0.112" /><testcase classname="backend.tests.test_iteration72_sidebar_integrations.TestIntegrationStatus" name="test_integration_status_has_sendgrid" time="0.118" /><testcase classname="backend.tests.test_iteration72_sidebar_integrations.TestIntegrationStatus" name="test_integration_status_has_resend" time="0.139" /><testcase classname="backend.tests.test_iteration72_sidebar_integrations.TestIntegrationConfigure" name="test_configure_integration_stores_credentials" time="0.110" /><testcase classname="backend.tests.test_iteration72_sidebar_integrations.TestIntegrationConfigure" name="test_configure_updates_status" time="0.228" /><testcase classname="backend.tests.test_iteration72_sidebar_integrations.TestIntegrationTest" name="test_test_connection_configured_provider" time="0.217" /><testcase classname="backend.tests.test_iteration72_sidebar_integrations.TestIntegrationTest" name="test_test_connection_unconfigured_provider" time="0.108" /><testcase classname="backend.tests.test_iteration72_sidebar_integrations.TestEngineeringOpsIntegrations" name="test_engineering_ops_integrations_returns_200" time="0.106" /><testcase classname="backend.tests.test_iteration72_sidebar_integrations.TestEngineeringOpsIntegrations" name="test_engineering_ops_has_integrations_array" time="0.116" /><testcase classname="backend.tests.test_iteration72_sidebar_integrations.TestEngineeringOpsIntegrations" name="test_engineering_ops_has_alice_quore_hotsos_flexkeeping" time="0.096" /><testcase classname="backend.tests.test_iteration72_sidebar_integrations.TestExistingEndpointsStillWork" name="test_spa_analytics_still_works" time="0.098" /><testcase classname="backend.tests.test_iteration72_sidebar_integrations.TestExistingEndpointsStillWork" name="test_engineering_analytics_still_works" time="0.116" /><testcase classname="backend.tests.test_iteration72_sidebar_integrations.TestExistingEndpointsStillWork" name="test_calendar_events_still_works" time="0.115" /><testcase classname="backend.tests.test_iteration72_sidebar_integrations.TestExistingEndpointsStillWork" name="test_health_endpoint_still_works" time="0.111" /></testsuite></testsuites>