<?xml version="1.0" encoding="utf-8"?><testsuites name="pytest tests"><testsuite name="pytest" errors="0" failures="0" skipped="0" tests="19" time="2.922" timestamp="2026-04-10T21:02:05.346405+00:00" hostname="agent-env-0d514397-b02f-409d-829a-33424537802f"><testcase classname="backend.tests.test_iteration47_aurum_posgl.TestAurumGLActuals" name="test_aurum_actuals_endpoint" time="0.211" /><testcase classname="backend.tests.test_iteration47_aurum_posgl.TestAurumGLActuals" name="test_aurum_actuals_by_outlet" time="0.118" /><testcase classname="backend.tests.test_iteration47_aurum_posgl.TestAurumGLActuals" name="test_aurum_budget_bridge" time="0.294" /><testcase classname="backend.tests.test_iteration47_aurum_posgl.TestPOSGLIntegrationHub" name="test_pos_gl_status" time="0.135" /><testcase classname="backend.tests.test_iteration47_aurum_posgl.TestPOSGLIntegrationHub" name="test_toast_connect_sandbox" time="0.143" /><testcase classname="backend.tests.test_iteration47_aurum_posgl.TestPOSGLIntegrationHub" name="test_quickbooks_connect_sandbox" time="0.109" /><testcase classname="backend.tests.test_iteration47_aurum_posgl.TestBoardReportExport" name="test_executive_pdf_report" time="0.117" /><testcase classname="backend.tests.test_iteration47_aurum_posgl.TestBoardReportExport" name="test_data_export_json" time="0.143" /><testcase classname="backend.tests.test_iteration47_aurum_posgl.TestNavigationTabs" name="test_executive_dashboard" time="0.128" /><testcase classname="backend.tests.test_iteration47_aurum_posgl.TestNavigationTabs" name="test_ask_templates" time="0.114" /><testcase classname="backend.tests.test_iteration47_aurum_posgl.TestNavigationTabs" name="test_budget_list" time="0.164" /><testcase classname="backend.tests.test_iteration47_aurum_posgl.TestNavigationTabs" name="test_forecast" time="0.202" /><testcase classname="backend.tests.test_iteration47_aurum_posgl.TestNavigationTabs" name="test_scenarios_templates" time="0.155" /><testcase classname="backend.tests.test_iteration47_aurum_posgl.TestNavigationTabs" name="test_capex_analyze" time="0.171" /><testcase classname="backend.tests.test_iteration47_aurum_posgl.TestNavigationTabs" name="test_activations_templates" time="0.097" /><testcase classname="backend.tests.test_iteration47_aurum_posgl.TestNavigationTabs" name="test_signals" time="0.147" /><testcase classname="backend.tests.test_iteration47_aurum_posgl.TestNavigationTabs" name="test_recommendations" time="0.109" /><testcase classname="backend.tests.test_iteration47_aurum_posgl.TestNavigationTabs" name="test_portfolio_overview" time="0.113" /><testcase classname="backend.tests.test_iteration47_aurum_posgl.TestNavigationTabs" name="test_risk_radar" time="0.131" /></testsuite></testsuites>