<?xml version="1.0" encoding="utf-8"?><testsuites name="pytest tests"><testsuite name="pytest" errors="0" failures="0" skipped="0" tests="19" time="3.848" timestamp="2026-04-16T15:50:51.790335+00:00" hostname="agent-env-0d514397-b02f-409d-829a-33424537802f"><testcase classname="backend.tests.test_iter116_ops_forecast_group_resume.TestOpsForecast21Day" name="test_get_21_day_forecast" time="0.176" /><testcase classname="backend.tests.test_iter116_ops_forecast_group_resume.TestOpsForecast21Day" name="test_get_forecast_summary" time="0.114" /><testcase classname="backend.tests.test_iter116_ops_forecast_group_resume.TestOpsForecast21Day" name="test_get_group_blocks" time="0.344" /><testcase classname="backend.tests.test_iter116_ops_forecast_group_resume.TestOpsForecast21Day" name="test_get_room_states" time="0.103" /><testcase classname="backend.tests.test_iter116_ops_forecast_group_resume.TestOpsForecast21Day" name="test_get_outlet_forecast" time="0.108" /><testcase classname="backend.tests.test_iter116_ops_forecast_group_resume.TestOpsForecast21Day" name="test_get_trend_analysis" time="0.119" /><testcase classname="backend.tests.test_iter116_ops_forecast_group_resume.TestGroupResumeBuilder" name="test_seed_sample_resume" time="0.200" /><testcase classname="backend.tests.test_iter116_ops_forecast_group_resume.TestGroupResumeBuilder" name="test_list_resumes" time="0.182" /><testcase classname="backend.tests.test_iter116_ops_forecast_group_resume.TestGroupResumeBuilder" name="test_get_eclinical_resume_full" time="0.121" /><testcase classname="backend.tests.test_iter116_ops_forecast_group_resume.TestGroupResumeBuilder" name="test_create_new_resume" time="0.262" /><testcase classname="backend.tests.test_iter116_ops_forecast_group_resume.TestGroupResumeBuilder" name="test_update_resume_sections" time="0.400" /><testcase classname="backend.tests.test_iter116_ops_forecast_group_resume.TestGroupResumeBuilder" name="test_get_resume_templates" time="0.115" /><testcase classname="backend.tests.test_iter116_ops_forecast_group_resume.TestGroupResumeBuilder" name="test_resume_not_found" time="0.133" /><testcase classname="backend.tests.test_iter116_ops_forecast_group_resume.TestBEOTemplates" name="test_save_beo_template" time="0.126" /><testcase classname="backend.tests.test_iter116_ops_forecast_group_resume.TestBEOTemplates" name="test_list_beo_templates" time="0.356" /><testcase classname="backend.tests.test_iter116_ops_forecast_group_resume.TestBEOTemplates" name="test_load_beo_template" time="0.244" /><testcase classname="backend.tests.test_iter116_ops_forecast_group_resume.TestBEOTemplates" name="test_template_not_found" time="0.105" /><testcase classname="backend.tests.test_iter116_ops_forecast_group_resume.TestBEOTemplates" name="test_delete_beo_template" time="0.372" /><testcase classname="backend.tests.test_iter116_ops_forecast_group_resume.TestHealthCheck" name="test_health_endpoint" time="0.135" /></testsuite></testsuites>