<?xml version="1.0" encoding="utf-8"?><testsuites name="pytest tests"><testsuite name="pytest" errors="0" failures="0" skipped="0" tests="11" time="1.281" timestamp="2026-04-15T08:13:43.172188+00:00" hostname="agent-env-0d514397-b02f-409d-829a-33424537802f"><testcase classname="backend.tests.test_iteration74_logo_toolbar.TestHealthAndBasicEndpoints" name="test_health_endpoint" time="0.149" /><testcase classname="backend.tests.test_iteration74_logo_toolbar.TestHealthAndBasicEndpoints" name="test_spa_analytics_endpoint" time="0.105" /><testcase classname="backend.tests.test_iteration74_logo_toolbar.TestHealthAndBasicEndpoints" name="test_engineering_analytics_endpoint" time="0.095" /><testcase classname="backend.tests.test_iteration74_logo_toolbar.TestHealthAndBasicEndpoints" name="test_integrations_status_endpoint" time="0.104" /><testcase classname="backend.tests.test_iteration74_logo_toolbar.TestHealthAndBasicEndpoints" name="test_calendar_events_endpoint" time="0.118" /><testcase classname="backend.tests.test_iteration74_logo_toolbar.TestOnboardingWizardEndpoints" name="test_onboarding_steps_owner_role" time="0.107" /><testcase classname="backend.tests.test_iteration74_logo_toolbar.TestOnboardingWizardEndpoints" name="test_onboarding_steps_default_role" time="0.101" /><testcase classname="backend.tests.test_iteration74_logo_toolbar.TestOnboardingWizardEndpoints" name="test_onboarding_status_new_user" time="0.103" /><testcase classname="backend.tests.test_iteration74_logo_toolbar.TestGuestBookingEndpoints" name="test_guest_booking_treatments" time="0.102" /><testcase classname="backend.tests.test_iteration74_logo_toolbar.TestGuestBookingEndpoints" name="test_guest_booking_availability" time="0.106" /><testcase classname="backend.tests.test_iteration74_logo_toolbar.TestStaticAssets" name="test_logo_image_served" time="0.101" /></testsuite></testsuites>