<?xml version="1.0" encoding="utf-8"?><testsuites name="pytest tests"><testsuite name="pytest" errors="0" failures="0" skipped="0" tests="47" time="6.339" timestamp="2026-04-17T20:06:14.709955+00:00" hostname="agent-env-0d514397-b02f-409d-829a-33424537802f"><testcase classname="backend.tests.test_iter143_foh_guest360_ird_intelligence.TestFOHOps" name="test_foh_seed_idempotent" time="0.274" /><testcase classname="backend.tests.test_iter143_foh_guest360_ird_intelligence.TestFOHOps" name="test_foh_outlets_returns_9" time="0.078" /><testcase classname="backend.tests.test_iter143_foh_guest360_ird_intelligence.TestFOHOps" name="test_foh_kpis_12_fields" time="0.085" /><testcase classname="backend.tests.test_iter143_foh_guest360_ird_intelligence.TestFOHOps" name="test_foh_director_dashboard" time="0.092" /><testcase classname="backend.tests.test_iter143_foh_guest360_ird_intelligence.TestFOHOps" name="test_foh_outlet_pier_top" time="0.084" /><testcase classname="backend.tests.test_iter143_foh_guest360_ird_intelligence.TestFOHOps" name="test_foh_outlet_floor_view" time="0.088" /><testcase classname="backend.tests.test_iter143_foh_guest360_ird_intelligence.TestFOHOps" name="test_foh_create_reservation_emits_event" time="0.085" /><testcase classname="backend.tests.test_iter143_foh_guest360_ird_intelligence.TestFOHOps" name="test_foh_patch_reservation_status" time="0.150" /><testcase classname="backend.tests.test_iter143_foh_guest360_ird_intelligence.TestFOHOps" name="test_foh_pacing_pier_top" time="0.078" /><testcase classname="backend.tests.test_iter143_foh_guest360_ird_intelligence.TestFOHOps" name="test_foh_beverage_performance" time="0.099" /><testcase classname="backend.tests.test_iter143_foh_guest360_ird_intelligence.TestFOHOps" name="test_foh_walk_in_surge" time="0.065" /><testcase classname="backend.tests.test_iter143_foh_guest360_ird_intelligence.TestFOHOps" name="test_foh_recovery_create" time="0.079" /><testcase classname="backend.tests.test_iter143_foh_guest360_ird_intelligence.TestGuest360Hub" name="test_guest360_seed" time="0.096" /><testcase classname="backend.tests.test_iter143_foh_guest360_ird_intelligence.TestGuest360Hub" name="test_guest360_profiles_filter_vip" time="0.065" /><testcase classname="backend.tests.test_iter143_foh_guest360_ird_intelligence.TestGuest360Hub" name="test_guest360_profiles_filter_loyalty_tier" time="0.073" /><testcase classname="backend.tests.test_iter143_foh_guest360_ird_intelligence.TestGuest360Hub" name="test_guest360_profiles_filter_in_house" time="0.065" /><testcase classname="backend.tests.test_iter143_foh_guest360_ird_intelligence.TestGuest360Hub" name="test_guest360_profile_detail" time="0.161" /><testcase classname="backend.tests.test_iter143_foh_guest360_ird_intelligence.TestGuest360Hub" name="test_guest360_upsert_profile" time="0.212" /><testcase classname="backend.tests.test_iter143_foh_guest360_ird_intelligence.TestGuest360Hub" name="test_guest360_add_note_pii_scrubbed" time="0.238" /><testcase classname="backend.tests.test_iter143_foh_guest360_ird_intelligence.TestGuest360Hub" name="test_guest360_in_house" time="0.079" /><testcase classname="backend.tests.test_iter143_foh_guest360_ird_intelligence.TestGuest360Hub" name="test_guest360_vip_today" time="0.069" /><testcase classname="backend.tests.test_iter143_foh_guest360_ird_intelligence.TestIRDHub" name="test_ird_seed" time="0.072" /><testcase classname="backend.tests.test_iter143_foh_guest360_ird_intelligence.TestIRDHub" name="test_ird_menu_13_items" time="0.069" /><testcase classname="backend.tests.test_iter143_foh_guest360_ird_intelligence.TestIRDHub" name="test_ird_create_order_validates_menu_id" time="0.084" /><testcase classname="backend.tests.test_iter143_foh_guest360_ird_intelligence.TestIRDHub" name="test_ird_create_order_invalid_menu_id" time="0.068" /><testcase classname="backend.tests.test_iter143_foh_guest360_ird_intelligence.TestIRDHub" name="test_ird_patch_order_delivered" time="0.146" /><testcase classname="backend.tests.test_iter143_foh_guest360_ird_intelligence.TestIRDHub" name="test_ird_minibar_auto_creates" time="0.074" /><testcase classname="backend.tests.test_iter143_foh_guest360_ird_intelligence.TestIRDHub" name="test_ird_minibar_consumption" time="0.271" /><testcase classname="backend.tests.test_iter143_foh_guest360_ird_intelligence.TestIRDHub" name="test_ird_minibar_restock" time="0.070" /><testcase classname="backend.tests.test_iter143_foh_guest360_ird_intelligence.TestIRDHub" name="test_ird_restock_queue" time="0.061" /><testcase classname="backend.tests.test_iter143_foh_guest360_ird_intelligence.TestIRDHub" name="test_ird_kpis" time="0.093" /><testcase classname="backend.tests.test_iter143_foh_guest360_ird_intelligence.TestIntelligenceAdapter" name="test_intelligence_ai3_foh" time="0.099" /><testcase classname="backend.tests.test_iter143_foh_guest360_ird_intelligence.TestIntelligenceAdapter" name="test_intelligence_ai3_engineering" time="0.066" /><testcase classname="backend.tests.test_iter143_foh_guest360_ird_intelligence.TestIntelligenceAdapter" name="test_intelligence_ai3_housekeeping" time="0.067" /><testcase classname="backend.tests.test_iter143_foh_guest360_ird_intelligence.TestIntelligenceAdapter" name="test_intelligence_ai3_summary" time="0.065" /><testcase classname="backend.tests.test_iter143_foh_guest360_ird_intelligence.TestIntelligenceAdapter" name="test_intelligence_aurium_gm" time="0.077" /><testcase classname="backend.tests.test_iter143_foh_guest360_ird_intelligence.TestIntelligenceAdapter" name="test_intelligence_stratus_forecast_6_weeks" time="0.072" /><testcase classname="backend.tests.test_iter143_foh_guest360_ird_intelligence.TestCrossModuleEvents" name="test_hskp_report_issue_creates_eng_work_order" time="0.128" /><testcase classname="backend.tests.test_iter143_foh_guest360_ird_intelligence.TestCrossModuleEvents" name="test_concierge_intake_emits_event" time="0.070" /><testcase classname="backend.tests.test_iter143_foh_guest360_ird_intelligence.TestRegression" name="test_regression_eng_ops_kpis" time="0.074" /><testcase classname="backend.tests.test_iter143_foh_guest360_ird_intelligence.TestRegression" name="test_regression_hskp_ops_kpis" time="0.112" /><testcase classname="backend.tests.test_iter143_foh_guest360_ird_intelligence.TestRegression" name="test_regression_concierge_domains" time="0.095" /><testcase classname="backend.tests.test_iter143_foh_guest360_ird_intelligence.TestRegression" name="test_regression_health" time="0.074" /><testcase classname="backend.tests.test_iter143_foh_guest360_ird_intelligence.TestSecurityNoIdLeaks" name="test_no_id_leak_foh_ops" time="0.668" /><testcase classname="backend.tests.test_iter143_foh_guest360_ird_intelligence.TestSecurityNoIdLeaks" name="test_no_id_leak_guest360_hub" time="0.203" /><testcase classname="backend.tests.test_iter143_foh_guest360_ird_intelligence.TestSecurityNoIdLeaks" name="test_no_id_leak_ird_hub" time="0.372" /><testcase classname="backend.tests.test_iter143_foh_guest360_ird_intelligence.TestSecurityNoIdLeaks" name="test_no_id_leak_intelligence" time="0.595" /></testsuite></testsuites>