<?xml version="1.0" encoding="utf-8"?><testsuites name="pytest tests"><testsuite name="pytest" errors="0" failures="0" skipped="0" tests="15" time="8.651" timestamp="2026-04-25T17:51:30.273685+00:00" hostname="agent-env-0d514397-b02f-409d-829a-33424537802f"><testcase classname="backend.tests.test_iter245_246.TestSMSEndpoints" name="test_sms_status" time="0.254" /><testcase classname="backend.tests.test_iter245_246.TestSMSEndpoints" name="test_sms_send_queues_without_from_number" time="0.185" /><testcase classname="backend.tests.test_iter245_246.TestPlaybookEndpoints" name="test_playbook_tonight" time="0.131" /><testcase classname="backend.tests.test_iter245_246.TestPlaybookEndpoints" name="test_playbook_push_now" time="1.027" /><testcase classname="backend.tests.test_iter245_246.TestRadioEndpoints" name="test_radio_post" time="0.121" /><testcase classname="backend.tests.test_iter245_246.TestRadioEndpoints" name="test_radio_feed" time="0.108" /><testcase classname="backend.tests.test_iter245_246.TestRadioEndpoints" name="test_radio_feed_by_department" time="0.106" /><testcase classname="backend.tests.test_iter245_246.TestMenuEngineerEndpoints" name="test_menu_heatmap" time="0.127" /><testcase classname="backend.tests.test_iter245_246.TestSaveTheTicketEndpoints" name="test_save_ticket_pending" time="0.110" /><testcase classname="backend.tests.test_iter245_246.TestSaveTheTicketEndpoints" name="test_save_ticket_draft_requires_issue" time="0.124" /><testcase classname="backend.tests.test_iter245_246.TestSaveTheTicketEndpoints" name="test_save_ticket_approve_requires_draft" time="0.118" /><testcase classname="backend.tests.test_iter245_246.TestChefCarissaTrainingEndpoints" name="test_training_modes" time="0.398" /><testcase classname="backend.tests.test_iter245_246.TestChefCarissaTrainingEndpoints" name="test_sessions_list" time="0.146" /><testcase classname="backend.tests.test_iter245_246.TestChefCarissaTrainingEndpoints" name="test_create_session" time="5.455" /><testcase classname="backend.tests.test_iter245_246.TestVIPTrackerEndpoints" name="test_vip_list" time="0.125" /></testsuite></testsuites>