<?xml version="1.0" encoding="utf-8"?><testsuites name="pytest tests"><testsuite name="pytest" errors="0" failures="0" skipped="0" tests="24" time="2.657" timestamp="2026-04-20T18:53:51.994040+00:00" hostname="agent-env-0d514397-b02f-409d-829a-33424537802f"><testcase classname="tests.test_iter192_push_native_offline_sidebar.TestPushRegister" name="test_register_device_success" time="0.302" /><testcase classname="tests.test_iter192_push_native_offline_sidebar.TestPushRegister" name="test_register_device_ios" time="0.067" /><testcase classname="tests.test_iter192_push_native_offline_sidebar.TestPushRegister" name="test_register_device_android" time="0.059" /><testcase classname="tests.test_iter192_push_native_offline_sidebar.TestPushRegister" name="test_register_invalid_platform_400" time="0.056" /><testcase classname="tests.test_iter192_push_native_offline_sidebar.TestPushRegister" name="test_register_no_token_401" time="0.062" /><testcase classname="tests.test_iter192_push_native_offline_sidebar.TestPushRegister" name="test_register_invalid_token_401" time="0.060" /><testcase classname="tests.test_iter192_push_native_offline_sidebar.TestPushUnregister" name="test_unregister_device_success" time="0.128" /><testcase classname="tests.test_iter192_push_native_offline_sidebar.TestPushUnregister" name="test_unregister_no_token_401" time="0.055" /><testcase classname="tests.test_iter192_push_native_offline_sidebar.TestPushDevicesMine" name="test_devices_mine_returns_registered" time="0.107" /><testcase classname="tests.test_iter192_push_native_offline_sidebar.TestPushDevicesMine" name="test_devices_mine_no_token_401" time="0.050" /><testcase classname="tests.test_iter192_push_native_offline_sidebar.TestPushDevicesAll" name="test_devices_all_admin_success" time="0.054" /><testcase classname="tests.test_iter192_push_native_offline_sidebar.TestPushDevicesAll" name="test_devices_all_no_admin_401" time="0.057" /><testcase classname="tests.test_iter192_push_native_offline_sidebar.TestPushDevicesAll" name="test_devices_all_invalid_admin_401" time="0.053" /><testcase classname="tests.test_iter192_push_native_offline_sidebar.TestPushBroadcast" name="test_broadcast_success" time="0.128" /><testcase classname="tests.test_iter192_push_native_offline_sidebar.TestPushBroadcast" name="test_broadcast_missing_title_400" time="0.062" /><testcase classname="tests.test_iter192_push_native_offline_sidebar.TestPushBroadcast" name="test_broadcast_missing_body_400" time="0.054" /><testcase classname="tests.test_iter192_push_native_offline_sidebar.TestPushBroadcast" name="test_broadcast_empty_title_400" time="0.066" /><testcase classname="tests.test_iter192_push_native_offline_sidebar.TestPushBroadcast" name="test_broadcast_no_admin_401" time="0.053" /><testcase classname="tests.test_iter192_push_native_offline_sidebar.TestStandupSendNativePush" name="test_standup_send_includes_mobile_push" time="0.500" /><testcase classname="tests.test_iter192_push_native_offline_sidebar.TestGroupEventOfflineCache" name="test_group_event_returns_itinerary" time="0.077" /><testcase classname="tests.test_iter192_push_native_offline_sidebar.TestRevokedTokenAuth" name="test_revoked_token_register_401" time="0.200" /><testcase classname="tests.test_iter192_push_native_offline_sidebar.TestRevokedTokenAuth" name="test_revoked_token_devices_mine_401" time="0.170" /><testcase classname="tests.test_iter192_push_native_offline_sidebar.TestHealthAndRegression" name="test_health_endpoint" time="0.054" /><testcase classname="tests.test_iter192_push_native_offline_sidebar.TestHealthAndRegression" name="test_staff_mobile_me_still_works" time="0.065" /></testsuite></testsuites>