<?xml version="1.0" encoding="utf-8"?><testsuites name="pytest tests"><testsuite name="pytest" errors="0" failures="0" skipped="0" tests="14" time="11.770" timestamp="2026-04-22T17:17:08.622036+00:00" hostname="agent-env-0d514397-b02f-409d-829a-33424537802f"><testcase classname="tests.test_iter209_echo_chat_tenant_autoregister.TestEchoChatIntents" name="test_echo_chat_ccp_status" time="0.155" /><testcase classname="tests.test_iter209_echo_chat_tenant_autoregister.TestEchoChatIntents" name="test_echo_chat_ticket_status" time="0.122" /><testcase classname="tests.test_iter209_echo_chat_tenant_autoregister.TestEchoChatIntents" name="test_echo_chat_what_happened_with_event" time="4.215" /><testcase classname="tests.test_iter209_echo_chat_tenant_autoregister.TestEchoChatIntents" name="test_echo_chat_history" time="0.118" /><testcase classname="tests.test_iter209_echo_chat_tenant_autoregister.TestEchoChatIntents" name="test_echo_chat_sessions_list" time="0.132" /><testcase classname="tests.test_iter209_echo_chat_tenant_autoregister.TestTenantConfig" name="test_get_tenant_config_defaults" time="0.124" /><testcase classname="tests.test_iter209_echo_chat_tenant_autoregister.TestTenantConfig" name="test_put_tenant_config_admin" time="0.411" /><testcase classname="tests.test_iter209_echo_chat_tenant_autoregister.TestTenantConfig" name="test_put_tenant_config_no_token" time="0.141" /><testcase classname="tests.test_iter209_echo_chat_tenant_autoregister.TestRegressionEndpoints" name="test_crm_forecast_ml" time="0.148" /><testcase classname="tests.test_iter209_echo_chat_tenant_autoregister.TestRegressionEndpoints" name="test_crm_lifecycle_audit" time="0.124" /><testcase classname="tests.test_iter209_echo_chat_tenant_autoregister.TestRegressionEndpoints" name="test_echo_ai3_analyze_event" time="5.563" /><testcase classname="tests.test_iter209_echo_chat_tenant_autoregister.TestRegressionEndpoints" name="test_beo_finalize_regression" time="0.163" /><testcase classname="tests.test_iter209_echo_chat_tenant_autoregister.TestAutoRegister" name="test_tenant_routes_accessible" time="0.137" /><testcase classname="tests.test_iter209_echo_chat_tenant_autoregister.TestAutoRegister" name="test_tenant_list_admin" time="0.114" /></testsuite></testsuites>