<?xml version="1.0" encoding="utf-8"?><testsuites name="pytest tests"><testsuite name="pytest" errors="0" failures="0" skipped="0" tests="25" time="1.635" timestamp="2026-04-10T07:29:58.494661+00:00" hostname="agent-env-0d514397-b02f-409d-829a-33424537802f"><testcase classname="backend.tests.test_iteration29_new_modules.TestScenarioPlannerReferenceData" name="test_get_room_templates" time="0.191" /><testcase classname="backend.tests.test_iteration29_new_modules.TestScenarioPlannerReferenceData" name="test_get_vendor_assets" time="0.047" /><testcase classname="backend.tests.test_iteration29_new_modules.TestScenarioPlannerReferenceData" name="test_get_setup_styles" time="0.043" /><testcase classname="backend.tests.test_iteration29_new_modules.TestScenarioPlannerReferenceData" name="test_get_packages" time="0.042" /><testcase classname="backend.tests.test_iteration29_new_modules.TestScenarioPlannerReferenceData" name="test_get_footprints" time="0.044" /><testcase classname="backend.tests.test_iteration29_new_modules.TestScenarioPlannerReferenceData" name="test_get_training_scenarios" time="0.044" /><testcase classname="backend.tests.test_iteration29_new_modules.TestScenarioPlannerBuildAndCompare" name="test_build_scenario_basic" time="0.049" /><testcase classname="backend.tests.test_iteration29_new_modules.TestScenarioPlannerBuildAndCompare" name="test_build_scenario_with_vendor_assets" time="0.096" /><testcase classname="backend.tests.test_iteration29_new_modules.TestScenarioPlannerBuildAndCompare" name="test_compare_scenarios" time="0.056" /><testcase classname="backend.tests.test_iteration29_new_modules.TestMenuIngestSeasons" name="test_list_seasons_empty_or_existing" time="0.046" /><testcase classname="backend.tests.test_iteration29_new_modules.TestMenuIngestSeasons" name="test_create_season" time="0.096" /><testcase classname="backend.tests.test_iteration29_new_modules.TestMenuIngestSeasons" name="test_get_season_details" time="0.043" /><testcase classname="backend.tests.test_iteration29_new_modules.TestMenuIngestSeasons" name="test_get_season_not_found" time="0.043" /><testcase classname="backend.tests.test_iteration29_new_modules.TestMenuIngestUploads" name="test_list_uploads_for_season" time="0.047" /><testcase classname="backend.tests.test_iteration29_new_modules.TestMenuIngestCategories" name="test_get_categories_for_season" time="0.046" /><testcase classname="backend.tests.test_iteration29_new_modules.TestClientPortalPublicEndpoints" name="test_get_event_types" time="0.046" /><testcase classname="backend.tests.test_iteration29_new_modules.TestClientPortalPublicEndpoints" name="test_get_estimate" time="0.047" /><testcase classname="backend.tests.test_iteration29_new_modules.TestClientPortalLeadManagement" name="test_submit_lead" time="0.051" /><testcase classname="backend.tests.test_iteration29_new_modules.TestClientPortalLeadManagement" name="test_list_leads" time="0.043" /><testcase classname="backend.tests.test_iteration29_new_modules.TestClientPortalLeadManagement" name="test_assign_lead" time="0.045" /><testcase classname="backend.tests.test_iteration29_new_modules.TestClientPortalLeadManagement" name="test_update_lead_status" time="0.045" /><testcase classname="backend.tests.test_iteration29_new_modules.TestClientPortalLeadManagement" name="test_update_lead_status_invalid" time="0.136" /><testcase classname="backend.tests.test_iteration29_new_modules.TestKnowledgeEngineDomains" name="test_domains_include_av_decor_vendor" time="0.046" /><testcase classname="backend.tests.test_iteration29_new_modules.TestKnowledgeEngineDomains" name="test_get_av_decor_vendor_domain" time="0.050" /><testcase classname="backend.tests.test_iteration29_new_modules.TestHealthCheck" name="test_health_endpoint" time="0.056" /></testsuite></testsuites>