<?xml version="1.0" encoding="utf-8"?><testsuites name="pytest tests"><testsuite name="pytest" errors="0" failures="1" skipped="0" tests="27" time="4.491" timestamp="2026-04-19T10:18:05.179334+00:00" hostname="agent-env-0d514397-b02f-409d-829a-33424537802f"><testcase classname="tests.test_iter183_guest_concierge.TestAdminTokenRotation" name="test_old_token_returns_401" time="0.205" /><testcase classname="tests.test_iter183_guest_concierge.TestAdminTokenRotation" name="test_new_token_returns_200" time="0.114" /><testcase classname="tests.test_iter183_guest_concierge.TestGuestAuthentication" name="test_authenticate_success" time="0.224" /><testcase classname="tests.test_iter183_guest_concierge.TestGuestAuthentication" name="test_authenticate_404_no_match" time="0.142" /><testcase classname="tests.test_iter183_guest_concierge.TestGuestAuthentication" name="test_authenticate_400_missing_fields" time="0.246" /><testcase classname="tests.test_iter183_guest_concierge.TestGuestAuthentication" name="test_authenticate_case_insensitive" time="0.107" /><testcase classname="tests.test_iter183_guest_concierge.TestGuestSession" name="test_session_with_valid_token" time="0.126" /><testcase classname="tests.test_iter183_guest_concierge.TestGuestSession" name="test_session_401_without_token" time="0.100" /><testcase classname="tests.test_iter183_guest_concierge.TestGuestSession" name="test_session_401_invalid_token" time="0.107" /><testcase classname="tests.test_iter183_guest_concierge.TestVenues" name="test_list_venues_returns_6_seeded" time="0.117" /><testcase classname="tests.test_iter183_guest_concierge.TestVenues" name="test_upsert_venue_admin_only" time="0.230" /><testcase classname="tests.test_iter183_guest_concierge.TestNearby" name="test_list_nearby_returns_3_seeded" time="0.108" /><testcase classname="tests.test_iter183_guest_concierge.TestNearby" name="test_upsert_nearby_admin_only" time="0.105" /><testcase classname="tests.test_iter183_guest_concierge.TestPropertyMap" name="test_map_returns_property_metadata" time="0.114" /><testcase classname="tests.test_iter183_guest_concierge.TestServiceRequests" name="test_valet_request" time="0.115" /><testcase classname="tests.test_iter183_guest_concierge.TestServiceRequests" name="test_transport_request" time="0.114" /><testcase classname="tests.test_iter183_guest_concierge.TestServiceRequests" name="test_luggage_request" time="0.108" /><testcase classname="tests.test_iter183_guest_concierge.TestGuestRequests" name="test_my_requests_returns_newest_first" time="0.112" /><testcase classname="tests.test_iter183_guest_concierge.TestLocationShare" name="test_share_location" time="0.132" /><testcase classname="tests.test_iter183_guest_concierge.TestAdminEndpoints" name="test_admin_requests_list" time="0.109" /><testcase classname="tests.test_iter183_guest_concierge.TestAdminEndpoints" name="test_admin_requests_requires_token" time="0.128" /><testcase classname="tests.test_iter183_guest_concierge.TestAdminEndpoints" name="test_admin_ack_request" time="0.233" /><testcase classname="tests.test_iter183_guest_concierge.TestPropertyMeta" name="test_property_upsert_admin_only" time="0.213" /><testcase classname="tests.test_iter183_guest_concierge.TestCrossGuestIsolation" name="test_cross_guest_isolation" time="0.367" /><testcase classname="tests.test_iter183_guest_concierge.TestRegressionIter179MobileToken" name="test_mobile_token_flow" time="0.331"><failure message="AssertionError: Expected 200 for mobile page, got 404&#10;assert 404 == 200&#10; +  where 404 = &lt;Response [404]&gt;.status_code">tests/test_iter183_guest_concierge.py:506: in test_mobile_token_flow
    assert r.status_code == 200, f"Expected 200 for mobile page, got {r.status_code}"
E   AssertionError: Expected 200 for mobile page, got 404
E   assert 404 == 200
E    +  where 404 = &lt;Response [404]&gt;.status_code</failure></testcase><testcase classname="tests.test_iter183_guest_concierge.TestRegressionIter182SharedBoard" name="test_shared_board_flow" time="0.232" /><testcase classname="tests.test_iter183_guest_concierge.TestRegressionJarvisDashboard" name="test_dashboard_overview" time="0.113" /></testsuite></testsuites>