<?xml version="1.0" encoding="utf-8"?><testsuites name="pytest tests"><testsuite name="pytest" errors="0" failures="0" skipped="0" tests="26" time="3.122" timestamp="2026-04-28T16:38:09.228418+00:00" hostname="agent-env-0d514397-b02f-409d-829a-33424537802f"><testcase classname="tests.test_iter263_4_ird_spa.TestIRDBuilderMenu" name="test_get_ird_menu_main" time="0.222" /><testcase classname="tests.test_iter263_4_ird_spa.TestIRDBuilderMenu" name="test_get_ird_menu_amenities" time="0.064" /><testcase classname="tests.test_iter263_4_ird_spa.TestIRDBuilderMenu" name="test_put_ird_menu" time="0.134" /><testcase classname="tests.test_iter263_4_ird_spa.TestIRDBuilderMenu" name="test_publish_ird_menu_test_mode" time="0.079" /><testcase classname="tests.test_iter263_4_ird_spa.TestIRDBuilderQR" name="test_qr_main" time="0.062" /><testcase classname="tests.test_iter263_4_ird_spa.TestIRDBuilderOrders" name="test_create_order" time="0.061" /><testcase classname="tests.test_iter263_4_ird_spa.TestIRDBuilderOrders" name="test_list_orders" time="0.073" /><testcase classname="tests.test_iter263_4_ird_spa.TestIRDBuilderOrders" name="test_list_orders_test_mode_filter" time="0.059" /><testcase classname="tests.test_iter263_4_ird_spa.TestIRDBuilderOrders" name="test_route_to_printer" time="0.134" /><testcase classname="tests.test_iter263_4_ird_spa.TestIRDPublic" name="test_public_menu" time="0.061" /><testcase classname="tests.test_iter263_4_ird_spa.TestIRDPublic" name="test_public_order" time="0.070" /><testcase classname="tests.test_iter263_4_ird_spa.TestSpaBuilderMenu" name="test_get_spa_menu" time="0.065" /><testcase classname="tests.test_iter263_4_ird_spa.TestSpaBuilderMenu" name="test_put_spa_menu" time="0.129" /><testcase classname="tests.test_iter263_4_ird_spa.TestSpaBuilderMenu" name="test_publish_spa_menu" time="0.071" /><testcase classname="tests.test_iter263_4_ird_spa.TestSpaBuilderQR" name="test_qr" time="0.062" /><testcase classname="tests.test_iter263_4_ird_spa.TestSpaBuilderBookings" name="test_create_booking" time="0.074" /><testcase classname="tests.test_iter263_4_ird_spa.TestSpaBuilderBookings" name="test_list_bookings" time="0.080" /><testcase classname="tests.test_iter263_4_ird_spa.TestSpaPublic" name="test_public_menu" time="0.069" /><testcase classname="tests.test_iter263_4_ird_spa.TestSpaPublic" name="test_public_booking" time="0.064" /><testcase classname="tests.test_iter263_4_ird_spa.TestAuthNewProfiles" name="test_login_ird_manager" time="0.460" /><testcase classname="tests.test_iter263_4_ird_spa.TestAuthNewProfiles" name="test_login_spa_director" time="0.282" /><testcase classname="tests.test_iter263_4_ird_spa.TestAuthNewProfiles" name="test_login_spa_manager" time="0.286" /><testcase classname="tests.test_iter263_4_ird_spa.TestRegression" name="test_health" time="0.067" /><testcase classname="tests.test_iter263_4_ird_spa.TestRegression" name="test_admin_console_pulse" time="0.124" /><testcase classname="tests.test_iter263_4_ird_spa.TestRegression" name="test_beo_calendar" time="0.079" /><testcase classname="tests.test_iter263_4_ird_spa.TestRegression" name="test_vendor_scorecards" time="0.070" /></testsuite></testsuites>