<?xml version="1.0" encoding="utf-8"?><testsuites name="pytest tests"><testsuite name="pytest" errors="0" failures="0" skipped="0" tests="28" time="12.731" timestamp="2026-04-16T01:56:55.432033+00:00" hostname="agent-env-0d514397-b02f-409d-829a-33424537802f"><testcase classname="backend.tests.test_iter101_financial_ops_lifecycle.TestHealthRegression" name="test_health_returns_healthy" time="0.355" /><testcase classname="backend.tests.test_iter101_financial_ops_lifecycle.TestFinancialOpsFullCycle" name="test_run_full_cycle_returns_200" time="0.812" /><testcase classname="backend.tests.test_iter101_financial_ops_lifecycle.TestFinancialOpsFullCycle" name="test_full_cycle_has_all_7_steps" time="0.795" /><testcase classname="backend.tests.test_iter101_financial_ops_lifecycle.TestFinancialOpsFullCycle" name="test_step1_po_approval" time="0.679" /><testcase classname="backend.tests.test_iter101_financial_ops_lifecycle.TestFinancialOpsFullCycle" name="test_step2_vendor_submission" time="0.545" /><testcase classname="backend.tests.test_iter101_financial_ops_lifecycle.TestFinancialOpsFullCycle" name="test_step3_receiving" time="0.642" /><testcase classname="backend.tests.test_iter101_financial_ops_lifecycle.TestFinancialOpsFullCycle" name="test_step4_invoice_matching" time="0.514" /><testcase classname="backend.tests.test_iter101_financial_ops_lifecycle.TestFinancialOpsFullCycle" name="test_step5_vendor_payments" time="0.525" /><testcase classname="backend.tests.test_iter101_financial_ops_lifecycle.TestFinancialOpsFullCycle" name="test_step6_revenue_posting" time="0.651" /><testcase classname="backend.tests.test_iter101_financial_ops_lifecycle.TestFinancialOpsFullCycle" name="test_step7_reconciliation" time="0.521" /><testcase classname="backend.tests.test_iter101_financial_ops_lifecycle.TestFinancialOpsFullCycle" name="test_reconciliation_payment_reconciled_is_true" time="0.550" /><testcase classname="backend.tests.test_iter101_financial_ops_lifecycle.TestFinancialOpsFullCycle" name="test_full_cycle_summary" time="0.587" /><testcase classname="backend.tests.test_iter101_financial_ops_lifecycle.TestFinancialOpsStatus" name="test_status_returns_200" time="0.150" /><testcase classname="backend.tests.test_iter101_financial_ops_lifecycle.TestFinancialOpsStatus" name="test_status_has_pipeline_stages" time="0.167" /><testcase classname="backend.tests.test_iter101_financial_ops_lifecycle.TestFinancialOpsHistory" name="test_history_returns_200" time="0.144" /><testcase classname="backend.tests.test_iter101_financial_ops_lifecycle.TestFinancialOpsHistory" name="test_history_lists_past_cycles" time="0.678" /><testcase classname="backend.tests.test_iter101_financial_ops_lifecycle.TestStressTestOptimization" name="test_stress_run_ops_per_second_above_5000" time="0.189" /><testcase classname="backend.tests.test_iter101_financial_ops_lifecycle.TestStressTestOptimization" name="test_stress_run_uses_insert_many" time="0.193" /><testcase classname="backend.tests.test_iter101_financial_ops_lifecycle.TestMegaStress" name="test_mega_stress_completes_under_2_seconds" time="0.216" /><testcase classname="backend.tests.test_iter101_financial_ops_lifecycle.TestMegaStress" name="test_mega_stress_returns_echoai3_analysis" time="0.201" /><testcase classname="backend.tests.test_iter101_financial_ops_lifecycle.TestMegaStress" name="test_mega_stress_returns_limits" time="0.184" /><testcase classname="backend.tests.test_iter101_financial_ops_lifecycle.TestOpsPulse12Departments" name="test_ops_pulse_has_12_departments" time="0.243" /><testcase classname="backend.tests.test_iter101_financial_ops_lifecycle.TestOpsPulse12Departments" name="test_ops_pulse_inventory_depletion" time="0.167" /><testcase classname="backend.tests.test_iter101_financial_ops_lifecycle.TestOpsPulse12Departments" name="test_ops_pulse_banquets" time="0.157" /><testcase classname="backend.tests.test_iter101_financial_ops_lifecycle.TestOpsPulse12Departments" name="test_ops_pulse_commissary" time="0.170" /><testcase classname="backend.tests.test_iter101_financial_ops_lifecycle.TestOpsPulse12Departments" name="test_ops_pulse_approvals" time="0.197" /><testcase classname="backend.tests.test_iter101_financial_ops_lifecycle.TestOpsPulse12Departments" name="test_ops_pulse_receiving" time="0.173" /><testcase classname="backend.tests.test_iter101_financial_ops_lifecycle.TestPipelineDrain" name="test_multiple_cycles_drain_pipeline" time="2.205" /></testsuite></testsuites>