<?xml version="1.0" encoding="utf-8"?><testsuites name="pytest tests"><testsuite name="pytest" errors="0" failures="0" skipped="0" tests="11" time="15.262" timestamp="2026-04-23T02:33:39.378203+00:00" hostname="agent-env-0d514397-b02f-409d-829a-33424537802f"><testcase classname="backend.tests.test_iter215_waste_logs_sms.TestWasteLogs" name="test_logs_returns_list_with_count" time="0.139" /><testcase classname="backend.tests.test_iter215_waste_logs_sms.TestWasteLogs" name="test_logs_accepts_query_params" time="0.389" /><testcase classname="backend.tests.test_iter215_waste_logs_sms.TestLogsSummary" name="test_summary_returns_expected_structure" time="0.162" /><testcase classname="backend.tests.test_iter215_waste_logs_sms.TestSmsAdmin" name="test_sms_status_returns_credentials_info" time="0.152" /><testcase classname="backend.tests.test_iter215_waste_logs_sms.TestSmsAdmin" name="test_sms_flush_returns_no_credentials_error" time="0.133" /><testcase classname="backend.tests.test_iter215_waste_logs_sms.TestVideoMot" name="test_video_mot_requires_frames" time="0.234" /><testcase classname="backend.tests.test_iter215_waste_logs_sms.TestVideoMot" name="test_video_mot_with_tiny_image_returns_502" time="7.900" /><testcase classname="backend.tests.test_iter215_waste_logs_sms.TestStillCaptureBackwardsCompat" name="test_still_without_media_falls_to_stub" time="0.265" /><testcase classname="backend.tests.test_iter215_waste_logs_sms.TestVisionLlmLogging" name="test_vision_llm_entry_has_required_fields" time="0.124" /><testcase classname="backend.tests.test_iter215_waste_logs_sms.TestMenuAndDraftRecipeLogging" name="test_draft_recipe_creates_log" time="5.531" /><testcase classname="backend.tests.test_iter215_waste_logs_sms.TestLogsSummaryEventTypes" name="test_summary_by_event_type_structure" time="0.108" /></testsuite></testsuites>