<?xml version="1.0" encoding="utf-8"?><testsuites name="pytest tests"><testsuite name="pytest" errors="0" failures="0" skipped="1" tests="12" time="19.289" timestamp="2026-04-17T13:42:11.544827+00:00" hostname="agent-env-0d514397-b02f-409d-829a-33424537802f"><testcase classname="backend.tests.test_iter135_cake_consultation.TestCakeConsultationCRUD" name="test_01_create_consultation_returns_session_id_and_share_link" time="0.200" /><testcase classname="backend.tests.test_iter135_cake_consultation.TestCakeConsultationCRUD" name="test_02_get_consultation_session_returns_details" time="0.141" /><testcase classname="backend.tests.test_iter135_cake_consultation.TestCakeConsultationCRUD" name="test_03_update_design_state" time="0.249" /><testcase classname="backend.tests.test_iter135_cake_consultation.TestCakeConsultationCRUD" name="test_04_add_comment_to_session" time="0.247" /><testcase classname="backend.tests.test_iter135_cake_consultation.TestCakeConsultationCRUD" name="test_05_approve_session" time="0.213" /><testcase classname="backend.tests.test_iter135_cake_consultation.TestCakeConsultationCRUD" name="test_06_list_active_consultations" time="0.147" /><testcase classname="backend.tests.test_iter135_cake_consultation.TestCakeConsultationCRUD" name="test_07_get_nonexistent_session_returns_404" time="0.112" /><testcase classname="backend.tests.test_iter135_cake_consultation.TestAIImageEndpoints" name="test_01_ai_image_generate_endpoint_exists" time="0.111" /><testcase classname="backend.tests.test_iter135_cake_consultation.TestAIImageEndpoints" name="test_02_ai_image_generate_accepts_parameters" time="0.000"><skipped type="pytest.skip" message="Skipping to save AI generation credits - endpoint verified in test_01">/app/backend/tests/test_iter135_cake_consultation.py:234: Skipping to save AI generation credits - endpoint verified in test_01</skipped></testcase><testcase classname="backend.tests.test_iter135_cake_consultation.TestAIImageEndpoints" name="test_03_ai_image_cake_concept_endpoint_exists" time="17.523" /><testcase classname="backend.tests.test_iter135_cake_consultation.TestAIImageEndpoints" name="test_04_ai_image_history_returns_records" time="0.142" /><testcase classname="backend.tests.test_iter135_cake_consultation.TestHealthAndBasics" name="test_health_endpoint" time="0.100" /></testsuite></testsuites>