<?xml version="1.0" encoding="utf-8"?><testsuites name="pytest tests"><testsuite name="pytest" errors="0" failures="0" skipped="0" tests="22" time="2.981" timestamp="2026-04-15T23:24:43.474972+00:00" hostname="agent-env-0d514397-b02f-409d-829a-33424537802f"><testcase classname="backend.tests.test_iter97_pwa_features.TestPWAManifest" name="test_manifest_accessible" time="0.206" /><testcase classname="backend.tests.test_iter97_pwa_features.TestPWAManifest" name="test_manifest_valid_json" time="0.144" /><testcase classname="backend.tests.test_iter97_pwa_features.TestPWAManifest" name="test_manifest_name" time="0.150" /><testcase classname="backend.tests.test_iter97_pwa_features.TestPWAManifest" name="test_manifest_short_name" time="0.142" /><testcase classname="backend.tests.test_iter97_pwa_features.TestPWAManifest" name="test_manifest_display_standalone" time="0.113" /><testcase classname="backend.tests.test_iter97_pwa_features.TestPWAManifest" name="test_manifest_display_override" time="0.153" /><testcase classname="backend.tests.test_iter97_pwa_features.TestPWAManifest" name="test_manifest_icons_count" time="0.111" /><testcase classname="backend.tests.test_iter97_pwa_features.TestPWAManifest" name="test_manifest_icons_have_required_fields" time="0.144" /><testcase classname="backend.tests.test_iter97_pwa_features.TestPWAManifest" name="test_manifest_has_maskable_icons" time="0.105" /><testcase classname="backend.tests.test_iter97_pwa_features.TestPWAIcons" name="test_icon_192_exists" time="0.122" /><testcase classname="backend.tests.test_iter97_pwa_features.TestPWAIcons" name="test_icon_512_exists" time="0.151" /><testcase classname="backend.tests.test_iter97_pwa_features.TestPWAIcons" name="test_icon_maskable_192_exists" time="0.102" /><testcase classname="backend.tests.test_iter97_pwa_features.TestPWAIcons" name="test_icon_maskable_512_exists" time="0.139" /><testcase classname="backend.tests.test_iter97_pwa_features.TestPWAIcons" name="test_icon_48_exists" time="0.153" /><testcase classname="backend.tests.test_iter97_pwa_features.TestPWAIcons" name="test_icon_72_exists" time="0.109" /><testcase classname="backend.tests.test_iter97_pwa_features.TestPWAIcons" name="test_icon_96_exists" time="0.117" /><testcase classname="backend.tests.test_iter97_pwa_features.TestPWAIcons" name="test_icon_128_exists" time="0.106" /><testcase classname="backend.tests.test_iter97_pwa_features.TestPWAIcons" name="test_icon_256_exists" time="0.120" /><testcase classname="backend.tests.test_iter97_pwa_features.TestPWAIcons" name="test_icon_384_exists" time="0.113" /><testcase classname="backend.tests.test_iter97_pwa_features.TestPWAScreenshots" name="test_screenshot_mobile_512_exists" time="0.124" /><testcase classname="backend.tests.test_iter97_pwa_features.TestRegressionEndpoints" name="test_health_endpoint" time="0.126" /><testcase classname="backend.tests.test_iter97_pwa_features.TestRegressionEndpoints" name="test_command_center_endpoint" time="0.131" /></testsuite></testsuites>