<?xml version="1.0" encoding="utf-8"?><testsuites name="pytest tests"><testsuite name="pytest" errors="0" failures="0" skipped="0" tests="20" time="9.146" timestamp="2026-04-18T17:30:39.710925+00:00" hostname="agent-env-0d514397-b02f-409d-829a-33424537802f"><testcase classname="backend.tests.test_iter168_echo_concierge_v2.TestGuestProfile" name="test_get_all_guests" time="0.228" /><testcase classname="backend.tests.test_iter168_echo_concierge_v2.TestGuestProfile" name="test_get_guest_by_room" time="0.058" /><testcase classname="backend.tests.test_iter168_echo_concierge_v2.TestGuestProfile" name="test_search_guest_by_name" time="0.060" /><testcase classname="backend.tests.test_iter168_echo_concierge_v2.TestGuestPreferences" name="test_read_preferences" time="0.066" /><testcase classname="backend.tests.test_iter168_echo_concierge_v2.TestGuestPreferences" name="test_write_preference" time="0.071" /><testcase classname="backend.tests.test_iter168_echo_concierge_v2.TestConciergeRequests" name="test_create_request" time="0.067" /><testcase classname="backend.tests.test_iter168_echo_concierge_v2.TestConciergeRequests" name="test_update_request_status_in_progress" time="0.117" /><testcase classname="backend.tests.test_iter168_echo_concierge_v2.TestConciergeRequests" name="test_update_request_status_completed_with_revenue" time="0.055" /><testcase classname="backend.tests.test_iter168_echo_concierge_v2.TestConciergeRequests" name="test_get_request_status" time="0.054" /><testcase classname="backend.tests.test_iter168_echo_concierge_v2.TestConciergeRequests" name="test_list_requests_filter_by_status" time="0.112" /><testcase classname="backend.tests.test_iter168_echo_concierge_v2.TestConciergeRequests" name="test_list_requests_filter_by_guest" time="0.056" /><testcase classname="backend.tests.test_iter168_echo_concierge_v2.TestVendorDirectory" name="test_vendor_list_all" time="0.068" /><testcase classname="backend.tests.test_iter168_echo_concierge_v2.TestVendorDirectory" name="test_vendor_list_filter_by_category" time="0.058" /><testcase classname="backend.tests.test_iter168_echo_concierge_v2.TestVendorDirectory" name="test_vendor_availability" time="0.063" /><testcase classname="backend.tests.test_iter168_echo_concierge_v2.TestRevenueImpact" name="test_revenue_impact_30_days" time="0.059" /><testcase classname="backend.tests.test_iter168_echo_concierge_v2.TestItineraryGeneration" name="test_itinerary_generate" time="7.565" /><testcase classname="backend.tests.test_iter168_echo_concierge_v2.TestRegressionIter167" name="test_global_calendar_day_detail" time="0.079" /><testcase classname="backend.tests.test_iter168_echo_concierge_v2.TestRegressionIter167" name="test_foh_concierge_local_places" time="0.057" /><testcase classname="backend.tests.test_iter168_echo_concierge_v2.TestRegressionIter167" name="test_seed_plant_endpoint" time="0.057" /><testcase classname="backend.tests.test_iter168_echo_concierge_v2.TestHealthCheck" name="test_health" time="0.076" /></testsuite></testsuites>