<?xml version="1.0" encoding="utf-8"?><testsuites name="pytest tests"><testsuite name="pytest" errors="0" failures="0" skipped="0" tests="29" time="2.519" timestamp="2026-04-22T11:34:44.223950+00:00" hostname="agent-env-0d514397-b02f-409d-829a-33424537802f"><testcase classname="tests.test_iter203_beo_crm_ai3.TestBeoBuilderCrud" name="test_create_draft" time="0.183" /><testcase classname="tests.test_iter203_beo_crm_ai3.TestBeoBuilderCrud" name="test_get_draft" time="0.056" /><testcase classname="tests.test_iter203_beo_crm_ai3.TestBeoBuilderCrud" name="test_patch_draft_selections" time="0.053" /><testcase classname="tests.test_iter203_beo_crm_ai3.TestBeoBuilderCrud" name="test_list_drafts" time="0.048" /><testcase classname="tests.test_iter203_beo_crm_ai3.TestBeoBuilderAudit" name="test_audit_clean_draft" time="0.206" /><testcase classname="tests.test_iter203_beo_crm_ai3.TestBeoBuilderAudit" name="test_patch_clamps_adjustment" time="0.192" /><testcase classname="tests.test_iter203_beo_crm_ai3.TestBeoBuilderFinalize" name="test_finalize_creates_beo" time="0.196" /><testcase classname="tests.test_iter203_beo_crm_ai3.TestBeoBuilderDelete" name="test_delete_draft" time="0.206" /><testcase classname="tests.test_iter203_beo_crm_ai3.TestDeptSlices" name="test_engineering_slice" time="0.059" /><testcase classname="tests.test_iter203_beo_crm_ai3.TestDeptSlices" name="test_banquet_setup_slice" time="0.051" /><testcase classname="tests.test_iter203_beo_crm_ai3.TestDeptSlices" name="test_av_slice" time="0.056" /><testcase classname="tests.test_iter203_beo_crm_ai3.TestCrmMetrics" name="test_crm_metrics" time="0.056" /><testcase classname="tests.test_iter203_beo_crm_ai3.TestCrmMetrics" name="test_crm_forecast" time="0.049" /><testcase classname="tests.test_iter203_beo_crm_ai3.TestCrmContacts" name="test_create_contact" time="0.052" /><testcase classname="tests.test_iter203_beo_crm_ai3.TestCrmContacts" name="test_create_contact_invalid_stage" time="0.046" /><testcase classname="tests.test_iter203_beo_crm_ai3.TestCrmContacts" name="test_list_contacts_search" time="0.051" /><testcase classname="tests.test_iter203_beo_crm_ai3.TestCrmContacts" name="test_get_contact_hydrated" time="0.049" /><testcase classname="tests.test_iter203_beo_crm_ai3.TestCrmContacts" name="test_update_contact" time="0.050" /><testcase classname="tests.test_iter203_beo_crm_ai3.TestCrmContacts" name="test_crm_pipeline" time="0.059" /><testcase classname="tests.test_iter203_beo_crm_ai3.TestCrmContacts" name="test_delete_contact" time="0.050" /><testcase classname="tests.test_iter203_beo_crm_ai3.TestEchoAi3Wisdom" name="test_wisdom_seed_idempotent" time="0.123" /><testcase classname="tests.test_iter203_beo_crm_ai3.TestEchoAi3Wisdom" name="test_wisdom_rules_returns_17" time="0.051" /><testcase classname="tests.test_iter203_beo_crm_ai3.TestEchoAi3Actions" name="test_submit_action" time="0.050" /><testcase classname="tests.test_iter203_beo_crm_ai3.TestEchoAi3Actions" name="test_list_pending_actions" time="0.047" /><testcase classname="tests.test_iter203_beo_crm_ai3.TestEchoAi3Actions" name="test_approve_action" time="0.050" /><testcase classname="tests.test_iter203_beo_crm_ai3.TestEchoAi3Actions" name="test_approve_already_approved_returns_409" time="0.048" /><testcase classname="tests.test_iter203_beo_crm_ai3.TestEchoAi3Actions" name="test_reject_action" time="0.101" /><testcase classname="tests.test_iter203_beo_crm_ai3.TestCleanup" name="test_cleanup_test_drafts" time="0.141" /><testcase classname="tests.test_iter203_beo_crm_ai3.TestCleanup" name="test_cleanup_test_contacts" time="0.047" /></testsuite></testsuites>