<?xml version="1.0" encoding="utf-8"?><testsuites name="pytest tests"><testsuite name="pytest" errors="0" failures="0" skipped="0" tests="10" time="2.158" timestamp="2026-04-28T00:10:43.603154+00:00" hostname="agent-env-0d514397-b02f-409d-829a-33424537802f"><testcase classname="backend.tests.test_iter257_cookie_profile_switch.TestCookieBasedProfileSwitch" name="test_cookie_director_user_returns_william_reyes" time="0.883" /><testcase classname="backend.tests.test_iter257_cookie_profile_switch.TestCookieBasedProfileSwitch" name="test_cookie_executive_chef_returns_chef_gio" time="0.157" /><testcase classname="backend.tests.test_iter257_cookie_profile_switch.TestCookieBasedProfileSwitch" name="test_devauth_query_param_fallback_returns_admin" time="0.117" /><testcase classname="backend.tests.test_iter257_cookie_profile_switch.TestCookieBasedProfileSwitch" name="test_cookie_takes_precedence_over_header" time="0.118" /><testcase classname="backend.tests.test_iter257_cookie_profile_switch.TestCookieBasedProfileSwitch" name="test_header_fallback_when_no_cookie" time="0.119" /><testcase classname="backend.tests.test_iter257_cookie_profile_switch.TestApprovalsBannerWithCookie" name="test_approvals_banner_with_director_cookie" time="0.107" /><testcase classname="backend.tests.test_iter257_cookie_profile_switch.TestRegressionEndpoints" name="test_employees_returns_19_seeded" time="0.167" /><testcase classname="backend.tests.test_iter257_cookie_profile_switch.TestRegressionEndpoints" name="test_invoices_returns_william_invoices" time="0.121" /><testcase classname="backend.tests.test_iter257_cookie_profile_switch.TestRegressionEndpoints" name="test_vendor_skus_lookup_butter" time="0.146" /><testcase classname="backend.tests.test_iter257_cookie_profile_switch.TestRegressionEndpoints" name="test_profiles_returns_14_cleaned_profiles" time="0.120" /></testsuite></testsuites>