<?xml version="1.0" encoding="utf-8"?><testsuites name="pytest tests"><testsuite name="pytest" errors="0" failures="0" skipped="0" tests="22" time="1.670" timestamp="2026-04-10T08:19:49.992302+00:00" hostname="agent-env-0d514397-b02f-409d-829a-33424537802f"><testcase classname="backend.tests.test_iteration30_throughput_share.TestHealthCheck" name="test_health" time="0.212" /><testcase classname="backend.tests.test_iteration30_throughput_share.TestKnowledgeEngine14Domains" name="test_domains_count_14" time="0.046" /><testcase classname="backend.tests.test_iteration30_throughput_share.TestKnowledgeEngine14Domains" name="test_timeline_throughput_domain_exists" time="0.042" /><testcase classname="backend.tests.test_iteration30_throughput_share.TestKnowledgeEngine14Domains" name="test_cafeteria_dining_domain_exists" time="0.044" /><testcase classname="backend.tests.test_iteration30_throughput_share.TestKnowledgeEngine14Domains" name="test_get_timeline_throughput_domain" time="0.050" /><testcase classname="backend.tests.test_iteration30_throughput_share.TestKnowledgeEngine14Domains" name="test_get_cafeteria_dining_domain" time="0.049" /><testcase classname="backend.tests.test_iteration30_throughput_share.TestScenarioPlannerThroughputAnalysis" name="test_build_scenario_returns_throughput_analysis" time="0.050" /><testcase classname="backend.tests.test_iteration30_throughput_share.TestScenarioPlannerThroughputAnalysis" name="test_throughput_plates_equals_guest_count" time="0.047" /><testcase classname="backend.tests.test_iteration30_throughput_share.TestScenarioPlannerEnhancedStaffing" name="test_staffing_has_captains" time="0.047" /><testcase classname="backend.tests.test_iteration30_throughput_share.TestScenarioPlannerEnhancedStaffing" name="test_staffing_has_bussers" time="0.048" /><testcase classname="backend.tests.test_iteration30_throughput_share.TestScenarioPlannerEnhancedStaffing" name="test_staffing_has_station_staff" time="0.048" /><testcase classname="backend.tests.test_iteration30_throughput_share.TestScenarioPlannerOutdoorDistancePenalty" name="test_outdoor_triggers_distance_penalty" time="0.046" /><testcase classname="backend.tests.test_iteration30_throughput_share.TestScenarioPlannerOutdoorDistancePenalty" name="test_indoor_no_distance_penalty" time="0.050" /><testcase classname="backend.tests.test_iteration30_throughput_share.TestScenarioPlannerCompareDeltas" name="test_compare_returns_clear_time_delta" time="0.049" /><testcase classname="backend.tests.test_iteration30_throughput_share.TestScenarioPlannerCompareDeltas" name="test_compare_returns_dish_pit_delta" time="0.048" /><testcase classname="backend.tests.test_iteration30_throughput_share.TestClientPortalShareLink" name="test_submit_lead_returns_lead_id" time="0.086" /><testcase classname="backend.tests.test_iteration30_throughput_share.TestClientPortalShareLink" name="test_create_share_link" time="0.130" /><testcase classname="backend.tests.test_iteration30_throughput_share.TestClientPortalShareLink" name="test_view_shared_estimate" time="0.089" /><testcase classname="backend.tests.test_iteration30_throughput_share.TestClientPortalShareLink" name="test_shared_increments_views" time="0.154" /><testcase classname="backend.tests.test_iteration30_throughput_share.TestClientPortalShareLink" name="test_share_analytics" time="0.128" /><testcase classname="backend.tests.test_iteration30_throughput_share.TestClientPortalShareLink" name="test_share_link_not_found" time="0.054" /><testcase classname="backend.tests.test_iteration30_throughput_share.TestScenarioPlannerFullIntegration" name="test_full_scenario_with_all_new_fields" time="0.048" /></testsuite></testsuites>