<?xml version="1.0" encoding="utf-8"?><testsuites name="pytest tests"><testsuite name="pytest" errors="0" failures="0" skipped="0" tests="12" time="15.333" timestamp="2026-04-14T04:50:08.318377+00:00" hostname="agent-env-0d514397-b02f-409d-829a-33424537802f"><testcase classname="backend.tests.test_iteration59_simulation_analytics.TestSimulationStatus" name="test_simulation_status_has_data" time="0.231" /><testcase classname="backend.tests.test_iteration59_simulation_analytics.TestSimulationGapAnalysis" name="test_gap_analysis_returns_gaps_and_kpis" time="0.151" /><testcase classname="backend.tests.test_iteration59_simulation_analytics.TestSimulationInvoices" name="test_list_invoices_with_summary" time="0.139" /><testcase classname="backend.tests.test_iteration59_simulation_analytics.TestSimulationInvoices" name="test_invoice_detail_with_po_linkage" time="0.206" /><testcase classname="backend.tests.test_iteration59_simulation_analytics.TestSimulationPnlDrilldown" name="test_pnl_drilldown_food_revenue" time="0.101" /><testcase classname="backend.tests.test_iteration59_simulation_analytics.TestSimulationPnlDrilldown" name="test_pnl_drilldown_labor" time="0.110" /><testcase classname="backend.tests.test_iteration59_simulation_analytics.TestSimulationPurchasingPipeline" name="test_purchasing_pipeline_linkage" time="0.104" /><testcase classname="backend.tests.test_iteration59_simulation_analytics.TestEchoAi3BusinessReview" name="test_business_review_returns_full_analysis" time="3.371" /><testcase classname="backend.tests.test_iteration59_simulation_analytics.TestEchoAi3NextMonthForecast" name="test_next_month_forecast_returns_forecast" time="3.085" /><testcase classname="backend.tests.test_iteration59_simulation_analytics.TestEchoAurumActuals" name="test_aurum_actuals_no_double_counting" time="0.131" /><testcase classname="backend.tests.test_iteration59_simulation_analytics.TestEchoStratusMonthlyReview" name="test_monthly_review_generation" time="7.467" /><testcase classname="backend.tests.test_iteration59_simulation_analytics.TestHealthEndpoint" name="test_health_endpoint" time="0.120" /></testsuite></testsuites>