<?xml version="1.0" encoding="utf-8"?><testsuites name="pytest tests"><testsuite name="pytest" errors="0" failures="0" skipped="0" tests="20" time="25.300" timestamp="2026-04-20T23:39:58.664629+00:00" hostname="agent-env-0d514397-b02f-409d-829a-33424537802f"><testcase classname="backend.tests.test_iter197_mobile_build5.TestFreshMealsOpsDashboard" name="test_ops_dashboard_returns_200" time="0.238" /><testcase classname="backend.tests.test_iter197_mobile_build5.TestFreshMealsOpsDashboard" name="test_ops_dashboard_has_production_data" time="0.134" /><testcase classname="backend.tests.test_iter197_mobile_build5.TestFreshMealsOpsDashboard" name="test_ops_dashboard_has_lanes_data" time="0.148" /><testcase classname="backend.tests.test_iter197_mobile_build5.TestFreshMealsOpsDashboard" name="test_ops_dashboard_has_delivery_data" time="0.130" /><testcase classname="backend.tests.test_iter197_mobile_build5.TestFreshMealsOpsDashboard" name="test_ops_dashboard_has_alerts" time="0.122" /><testcase classname="backend.tests.test_iter197_mobile_build5.TestTimelineRecent" name="test_timeline_recent_returns_200" time="0.150" /><testcase classname="backend.tests.test_iter197_mobile_build5.TestTimelineRecent" name="test_timeline_recent_returns_events" time="0.118" /><testcase classname="backend.tests.test_iter197_mobile_build5.TestTimelineRecent" name="test_timeline_recent_event_structure" time="0.107" /><testcase classname="backend.tests.test_iter197_mobile_build5.TestEchoWhatsNew" name="test_whats_new_returns_200" time="7.103" /><testcase classname="backend.tests.test_iter197_mobile_build5.TestEchoWhatsNew" name="test_whats_new_returns_summary" time="4.749" /><testcase classname="backend.tests.test_iter197_mobile_build5.TestEchoWhatsNew" name="test_whats_new_respects_window" time="4.933" /><testcase classname="backend.tests.test_iter197_mobile_build5.TestEchoWhatsNew" name="test_whats_new_mode_is_valid" time="6.172" /><testcase classname="backend.tests.test_iter197_mobile_build5.TestStaffMobileMe" name="test_manager_token_returns_salary_caps" time="0.136" /><testcase classname="backend.tests.test_iter197_mobile_build5.TestStaffMobileMe" name="test_staff_mobile_me_returns_staff_info" time="0.136" /><testcase classname="backend.tests.test_iter197_mobile_build5.TestRegressionFinanceTiles" name="test_finance_rollup_returns_200" time="0.117" /><testcase classname="backend.tests.test_iter197_mobile_build5.TestRegressionFinanceTiles" name="test_finance_rollup_has_tiles" time="0.120" /><testcase classname="backend.tests.test_iter197_mobile_build5.TestRegressionHiring" name="test_hiring_batches_returns_200" time="0.206" /><testcase classname="backend.tests.test_iter197_mobile_build5.TestRegressionHiring" name="test_hiring_batches_has_batches" time="0.113" /><testcase classname="backend.tests.test_iter197_mobile_build5.TestRegressionTimeline" name="test_timeline_query_returns_200" time="0.123" /><testcase classname="backend.tests.test_iter197_mobile_build5.TestRegressionTimeline" name="test_timeline_recall_returns_200" time="0.123" /></testsuite></testsuites>