<?xml version="1.0" encoding="utf-8"?><testsuites name="pytest tests"><testsuite name="pytest" errors="0" failures="1" skipped="0" tests="44" time="64.670" timestamp="2026-04-20T22:32:10.643107+00:00" hostname="agent-env-0d514397-b02f-409d-829a-33424537802f"><testcase classname="backend.tests.test_iter196_floor_route_echo_backfill.TestFloorSurface" name="test_floor_mint_token_admin_gated" time="0.275" /><testcase classname="backend.tests.test_iter196_floor_route_echo_backfill.TestFloorSurface" name="test_floor_mint_token_success" time="0.062" /><testcase classname="backend.tests.test_iter196_floor_route_echo_backfill.TestFloorSurface" name="test_floor_me_with_valid_token" time="0.059" /><testcase classname="backend.tests.test_iter196_floor_route_echo_backfill.TestFloorSurface" name="test_floor_me_bad_token_401" time="0.058" /><testcase classname="backend.tests.test_iter196_floor_route_echo_backfill.TestFloorSurface" name="test_floor_me_missing_token_401" time="0.057" /><testcase classname="backend.tests.test_iter196_floor_route_echo_backfill.TestFloorSurface" name="test_floor_queue" time="0.058" /><testcase classname="backend.tests.test_iter196_floor_route_echo_backfill.TestFloorSurface" name="test_floor_ccp_passing" time="0.074" /><testcase classname="backend.tests.test_iter196_floor_route_echo_backfill.TestFloorSurface" name="test_floor_ccp_failing" time="0.061" /><testcase classname="backend.tests.test_iter196_floor_route_echo_backfill.TestFloorSurface" name="test_floor_ccp_with_pack_id" time="0.071" /><testcase classname="backend.tests.test_iter196_floor_route_echo_backfill.TestFloorSurface" name="test_floor_pack_action_bad_action_400" time="0.066" /><testcase classname="backend.tests.test_iter196_floor_route_echo_backfill.TestFloorSurface" name="test_floor_pack_action_missing_pack_404" time="0.056" /><testcase classname="backend.tests.test_iter196_floor_route_echo_backfill.TestFloorSurface" name="test_floor_my_activity" time="0.062" /><testcase classname="backend.tests.test_iter196_floor_route_echo_backfill.TestRouteSurface" name="test_route_mint_token_admin_gated" time="0.061" /><testcase classname="backend.tests.test_iter196_floor_route_echo_backfill.TestRouteSurface" name="test_route_mint_token_success" time="0.060" /><testcase classname="backend.tests.test_iter196_floor_route_echo_backfill.TestRouteSurface" name="test_route_me_with_valid_token" time="0.063" /><testcase classname="backend.tests.test_iter196_floor_route_echo_backfill.TestRouteSurface" name="test_route_me_bad_token_401" time="0.064" /><testcase classname="backend.tests.test_iter196_floor_route_echo_backfill.TestRouteSurface" name="test_route_stops" time="0.062" /><testcase classname="backend.tests.test_iter196_floor_route_echo_backfill.TestRouteSurface" name="test_route_pod_bad_outcome_400" time="0.062" /><testcase classname="backend.tests.test_iter196_floor_route_echo_backfill.TestRouteSurface" name="test_route_pod_delivered" time="0.068" /><testcase classname="backend.tests.test_iter196_floor_route_echo_backfill.TestRouteSurface" name="test_route_pod_missed" time="0.064" /><testcase classname="backend.tests.test_iter196_floor_route_echo_backfill.TestRouteSurface" name="test_route_shift_summary" time="0.061" /><testcase classname="backend.tests.test_iter196_floor_route_echo_backfill.TestEchoWhatsNew" name="test_whats_new_basic" time="10.831" /><testcase classname="backend.tests.test_iter196_floor_route_echo_backfill.TestEchoWhatsNew" name="test_whats_new_15_minutes" time="10.020" /><testcase classname="backend.tests.test_iter196_floor_route_echo_backfill.TestEchoWhatsNew" name="test_whats_new_60_minutes" time="13.748" /><testcase classname="backend.tests.test_iter196_floor_route_echo_backfill.TestEchoWhatsNew" name="test_whats_new_180_minutes" time="13.469" /><testcase classname="backend.tests.test_iter196_floor_route_echo_backfill.TestEchoWhatsNew" name="test_whats_new_with_kinds_filter" time="7.785" /><testcase classname="backend.tests.test_iter196_floor_route_echo_backfill.TestEchoWhatsNew" name="test_whats_new_empty_window" time="6.046" /><testcase classname="backend.tests.test_iter196_floor_route_echo_backfill.TestRegressionIter195" name="test_recipe_graph_seed_demo" time="0.067" /><testcase classname="backend.tests.test_iter196_floor_route_echo_backfill.TestRegressionIter195" name="test_recipe_graph_list" time="0.060" /><testcase classname="backend.tests.test_iter196_floor_route_echo_backfill.TestRegressionIter195" name="test_fresh_meals_ops_dashboard" time="0.064" /><testcase classname="backend.tests.test_iter196_floor_route_echo_backfill.TestRegressionIter195" name="test_fresh_meals_products" time="0.063" /><testcase classname="backend.tests.test_iter196_floor_route_echo_backfill.TestRegressionIter195" name="test_fresh_meals_packs" time="0.060" /><testcase classname="backend.tests.test_iter196_floor_route_echo_backfill.TestRegressionIter195" name="test_fda_recall_export_no_anchor_400" time="0.060"><failure message="assert 401 == 400&#10; +  where 401 = &lt;Response [401]&gt;.status_code">backend/tests/test_iter196_floor_route_echo_backfill.py:409: in test_fda_recall_export_no_anchor_400
    assert r.status_code == 400
E   assert 401 == 400
E    +  where 401 = &lt;Response [401]&gt;.status_code</failure></testcase><testcase classname="backend.tests.test_iter196_floor_route_echo_backfill.TestRegressionIter195" name="test_channels_list" time="0.063" /><testcase classname="backend.tests.test_iter196_floor_route_echo_backfill.TestRegressionIter195" name="test_kitchen_calendar_list" time="0.061" /><testcase classname="backend.tests.test_iter196_floor_route_echo_backfill.TestRegressionIter195" name="test_kitchen_calendar_today" time="0.059" /><testcase classname="backend.tests.test_iter196_floor_route_echo_backfill.TestRegressionIter195" name="test_echo_capabilities" time="0.060" /><testcase classname="backend.tests.test_iter196_floor_route_echo_backfill.TestRegressionIter194Timeline" name="test_timeline_recent" time="0.061" /><testcase classname="backend.tests.test_iter196_floor_route_echo_backfill.TestRegressionIter194Timeline" name="test_timeline_query" time="0.058" /><testcase classname="backend.tests.test_iter196_floor_route_echo_backfill.TestPackLifecycleWithFloor" name="test_create_pack" time="0.061" /><testcase classname="backend.tests.test_iter196_floor_route_echo_backfill.TestPackLifecycleWithFloor" name="test_floor_pack_action_start" time="0.069" /><testcase classname="backend.tests.test_iter196_floor_route_echo_backfill.TestPackLifecycleWithFloor" name="test_floor_pack_action_seal" time="0.070" /><testcase classname="backend.tests.test_iter196_floor_route_echo_backfill.TestPackLifecycleWithFloor" name="test_floor_pack_action_label" time="0.070" /><testcase classname="backend.tests.test_iter196_floor_route_echo_backfill.TestPackLifecycleWithFloor" name="test_verify_pack_status_staged" time="0.064" /></testsuite></testsuites>