<?xml version="1.0" encoding="utf-8"?><testsuites name="pytest tests"><testsuite name="pytest" errors="0" failures="0" skipped="0" tests="19" time="4.023" timestamp="2026-04-16T03:51:10.804018+00:00" hostname="agent-env-0d514397-b02f-409d-829a-33424537802f"><testcase classname="backend.tests.test_iter104_beverage_escrow_batch.TestHealthRegression" name="test_health_endpoint" time="0.162" /><testcase classname="backend.tests.test_iter104_beverage_escrow_batch.TestHealthRegression" name="test_beo_engine_dashboard_regression" time="0.111" /><testcase classname="backend.tests.test_iter104_beverage_escrow_batch.TestHealthRegression" name="test_echoai3_roi_live_regression" time="0.132" /><testcase classname="backend.tests.test_iter104_beverage_escrow_batch.TestBeverageCatalog" name="test_get_beverage_catalog" time="0.106" /><testcase classname="backend.tests.test_iter104_beverage_escrow_batch.TestEscrowAccount" name="test_get_escrow_status" time="0.111" /><testcase classname="backend.tests.test_iter104_beverage_escrow_batch.TestEscrowAccount" name="test_adjust_escrow_credit" time="0.354" /><testcase classname="backend.tests.test_iter104_beverage_escrow_batch.TestBeverageOrdering" name="test_create_beverage_order_sufficient_balance" time="0.127" /><testcase classname="backend.tests.test_iter104_beverage_escrow_batch.TestBeverageOrdering" name="test_beverage_order_deducts_from_escrow" time="0.369" /><testcase classname="backend.tests.test_iter104_beverage_escrow_batch.TestBeverageOrdering" name="test_beverage_order_finance_alert_below_minimum" time="0.464" /><testcase classname="backend.tests.test_iter104_beverage_escrow_batch.TestBeverageOrdering" name="test_beverage_order_insufficient_funds" time="0.481" /><testcase classname="backend.tests.test_iter104_beverage_escrow_batch.TestBEOBatchRunner" name="test_day_simulation_creates_events" time="0.141" /><testcase classname="backend.tests.test_iter104_beverage_escrow_batch.TestBEOBatchRunner" name="test_day_simulation_returns_time_savings" time="0.123" /><testcase classname="backend.tests.test_iter104_beverage_escrow_batch.TestBEOBatchRunner" name="test_day_simulation_returns_day_operations" time="0.138" /><testcase classname="backend.tests.test_iter104_beverage_escrow_batch.TestBEOBatchRunner" name="test_day_simulation_performance" time="0.164" /><testcase classname="backend.tests.test_iter104_beverage_escrow_batch.TestLaborEfficiency" name="test_record_labor_entry" time="0.109" /><testcase classname="backend.tests.test_iter104_beverage_escrow_batch.TestLaborEfficiency" name="test_record_multiple_labor_entries" time="0.349" /><testcase classname="backend.tests.test_iter104_beverage_escrow_batch.TestLaborEfficiency" name="test_labor_analytics" time="0.122" /><testcase classname="backend.tests.test_iter104_beverage_escrow_batch.TestLaborEfficiency" name="test_labor_analytics_identifies_bottlenecks" time="0.227" /><testcase classname="backend.tests.test_iter104_beverage_escrow_batch.TestBeverageOrdersList" name="test_list_beverage_orders" time="0.109" /></testsuite></testsuites>