<?xml version="1.0" encoding="utf-8"?><testsuites name="pytest tests"><testsuite name="pytest" errors="0" failures="0" skipped="0" tests="29" time="2.021" timestamp="2026-04-10T03:09:48.594582+00:00" hostname="agent-env-0d514397-b02f-409d-829a-33424537802f"><testcase classname="backend.tests.test_iteration27_maestro_production_buffet.TestMaestroProductionGeneratePlan" name="test_generate_plan_returns_200" time="0.249" /><testcase classname="backend.tests.test_iteration27_maestro_production_buffet.TestMaestroProductionGeneratePlan" name="test_generate_plan_has_events" time="0.059" /><testcase classname="backend.tests.test_iteration27_maestro_production_buffet.TestMaestroProductionGeneratePlan" name="test_generate_plan_has_stations" time="0.061" /><testcase classname="backend.tests.test_iteration27_maestro_production_buffet.TestMaestroProductionGeneratePlan" name="test_generate_plan_has_timeline" time="0.058" /><testcase classname="backend.tests.test_iteration27_maestro_production_buffet.TestMaestroProductionGeneratePlan" name="test_generate_plan_inventory_status" time="0.056" /><testcase classname="backend.tests.test_iteration27_maestro_production_buffet.TestMaestroProductionSheets" name="test_get_sheets_returns_200" time="0.109" /><testcase classname="backend.tests.test_iteration27_maestro_production_buffet.TestMaestroProductionSheets" name="test_get_sheets_filter_by_station" time="0.108" /><testcase classname="backend.tests.test_iteration27_maestro_production_buffet.TestMaestroProductionSheets" name="test_get_sheets_no_plan_returns_404" time="0.046" /><testcase classname="backend.tests.test_iteration27_maestro_production_buffet.TestMaestroProductionOrders" name="test_generate_orders_returns_200" time="0.112" /><testcase classname="backend.tests.test_iteration27_maestro_production_buffet.TestMaestroProductionOrders" name="test_generate_orders_no_plan_returns_404" time="0.048" /><testcase classname="backend.tests.test_iteration27_maestro_production_buffet.TestMaestroInventory" name="test_submit_daily_count" time="0.050" /><testcase classname="backend.tests.test_iteration27_maestro_production_buffet.TestMaestroInventory" name="test_get_inventory_status" time="0.049" /><testcase classname="backend.tests.test_iteration27_maestro_production_buffet.TestMaestroParLevels" name="test_set_par_level" time="0.051" /><testcase classname="backend.tests.test_iteration27_maestro_production_buffet.TestMaestroParLevels" name="test_get_par_levels" time="0.051" /><testcase classname="backend.tests.test_iteration27_maestro_production_buffet.TestMaestroVendors" name="test_create_vendor" time="0.049" /><testcase classname="backend.tests.test_iteration27_maestro_production_buffet.TestMaestroVendors" name="test_list_vendors" time="0.048" /><testcase classname="backend.tests.test_iteration27_maestro_production_buffet.TestMaestroCommissary" name="test_commissary_transfer" time="0.048" /><testcase classname="backend.tests.test_iteration27_maestro_production_buffet.TestMaestroCommissary" name="test_get_commissary_stock" time="0.047" /><testcase classname="backend.tests.test_iteration27_maestro_production_buffet.TestMaestroTimeline" name="test_get_timeline" time="0.100" /><testcase classname="backend.tests.test_iteration27_maestro_production_buffet.TestMaestroTimeline" name="test_get_timeline_no_plan_returns_404" time="0.057" /><testcase classname="backend.tests.test_iteration27_maestro_production_buffet.TestBuffetPlannerPlan" name="test_generate_buffet_plan" time="0.052" /><testcase classname="backend.tests.test_iteration27_maestro_production_buffet.TestBuffetPlannerPlan" name="test_buffet_plan_with_guest_profile" time="0.045" /><testcase classname="backend.tests.test_iteration27_maestro_production_buffet.TestBuffetPlannerPlans" name="test_list_buffet_plans" time="0.047" /><testcase classname="backend.tests.test_iteration27_maestro_production_buffet.TestBuffetPlannerPlans" name="test_list_buffet_plans_filter_by_date" time="0.048" /><testcase classname="backend.tests.test_iteration27_maestro_production_buffet.TestBuffetPlannerMenuItems" name="test_list_menu_items" time="0.052" /><testcase classname="backend.tests.test_iteration27_maestro_production_buffet.TestBuffetPlannerMenuItems" name="test_list_menu_items_filter_by_role" time="0.050" /><testcase classname="backend.tests.test_iteration27_maestro_production_buffet.TestBuffetPlannerCategoryDefaults" name="test_get_category_defaults" time="0.048" /><testcase classname="backend.tests.test_iteration27_maestro_production_buffet.TestBuffetPlannerPolicies" name="test_get_policies" time="0.051" /><testcase classname="backend.tests.test_iteration27_maestro_production_buffet.TestHealthCheck" name="test_health_endpoint" time="0.046" /></testsuite></testsuites>