<?xml version="1.0" encoding="utf-8"?><testsuites name="pytest tests"><testsuite name="pytest" errors="0" failures="0" skipped="0" tests="14" time="8.708" timestamp="2026-04-24T07:07:12.850811+00:00" hostname="agent-env-0d514397-b02f-409d-829a-33424537802f"><testcase classname="backend.tests.test_iter235_shift_notes_team_chat_dashboard.TestShiftNotesCreate" name="test_create_shift_note_returns_200" time="0.192" /><testcase classname="backend.tests.test_iter235_shift_notes_team_chat_dashboard.TestShiftNotesCreate" name="test_create_shift_note_returns_ok_and_note" time="0.119" /><testcase classname="backend.tests.test_iter235_shift_notes_team_chat_dashboard.TestShiftNotesCreate" name="test_create_shift_note_persists" time="0.528" /><testcase classname="backend.tests.test_iter235_shift_notes_team_chat_dashboard.TestShiftNotesList" name="test_list_shift_notes_returns_200" time="0.108" /><testcase classname="backend.tests.test_iter235_shift_notes_team_chat_dashboard.TestShiftNotesList" name="test_list_shift_notes_returns_ok_and_rows" time="0.105" /><testcase classname="backend.tests.test_iter235_shift_notes_team_chat_dashboard.TestShiftNotesList" name="test_list_shift_notes_sorted_desc" time="1.151" /><testcase classname="backend.tests.test_iter235_shift_notes_team_chat_dashboard.TestTeamChatRooms" name="test_team_chat_rooms_returns_200" time="0.107" /><testcase classname="backend.tests.test_iter235_shift_notes_team_chat_dashboard.TestTeamChatRooms" name="test_team_chat_rooms_returns_ok_and_rows" time="0.106" /><testcase classname="backend.tests.test_iter235_shift_notes_team_chat_dashboard.TestRegressionOutlets" name="test_outlets_returns_8_neutral_names" time="0.119" /><testcase classname="backend.tests.test_iter235_shift_notes_team_chat_dashboard.TestRegressionProactiveBriefing" name="test_proactive_briefing_returns_required_fields" time="0.345" /><testcase classname="backend.tests.test_iter235_shift_notes_team_chat_dashboard.TestRegressionSaveImportedRecipe" name="test_save_imported_recipe_works" time="0.118" /><testcase classname="backend.tests.test_iter235_shift_notes_team_chat_dashboard.TestRegressionWeather" name="test_weather_current" time="0.306" /><testcase classname="backend.tests.test_iter235_shift_notes_team_chat_dashboard.TestRegressionWeather" name="test_weather_rain_tracker" time="0.288" /><testcase classname="backend.tests.test_iter235_shift_notes_team_chat_dashboard.TestRegressionEchoVoiceChat" name="test_voice_chat_works" time="5.011" /></testsuite></testsuites>