<?xml version="1.0" encoding="utf-8"?><testsuites name="pytest tests"><testsuite name="pytest" errors="0" failures="0" skipped="1" tests="25" time="6.994" timestamp="2026-04-25T16:28:26.689871+00:00" hostname="agent-env-0d514397-b02f-409d-829a-33424537802f"><testcase classname="backend.tests.test_iter244_gallery_push_ar.TestFirebasePush" name="test_push_status" time="0.230" /><testcase classname="backend.tests.test_iter244_gallery_push_ar.TestFirebasePush" name="test_register_token_new" time="0.113" /><testcase classname="backend.tests.test_iter244_gallery_push_ar.TestFirebasePush" name="test_register_token_upsert" time="0.240" /><testcase classname="backend.tests.test_iter244_gallery_push_ar.TestFirebasePush" name="test_push_test" time="1.008" /><testcase classname="backend.tests.test_iter244_gallery_push_ar.TestFirebasePush" name="test_fan_out_vip_ping" time="0.272"><skipped type="pytest.skip" message="No VIP pings available for fan-out test">/app/backend/tests/test_iter244_gallery_push_ar.py:93: No VIP pings available for fan-out test</skipped></testcase><testcase classname="backend.tests.test_iter244_gallery_push_ar.TestFirebasePush" name="test_fan_out_invalid_ping" time="0.115" /><testcase classname="backend.tests.test_iter244_gallery_push_ar.TestGalleryBackend" name="test_gallery_list" time="0.225" /><testcase classname="backend.tests.test_iter244_gallery_push_ar.TestGalleryBackend" name="test_gallery_list_with_search" time="0.247" /><testcase classname="backend.tests.test_iter244_gallery_push_ar.TestGalleryBackend" name="test_gallery_list_confirmed_only" time="0.225" /><testcase classname="backend.tests.test_iter244_gallery_push_ar.TestGalleryBackend" name="test_gallery_full_detail" time="0.336" /><testcase classname="backend.tests.test_iter244_gallery_push_ar.TestGalleryBackend" name="test_gallery_full_not_found" time="0.236" /><testcase classname="backend.tests.test_iter244_gallery_push_ar.TestGalleryBackend" name="test_gallery_like" time="0.475" /><testcase classname="backend.tests.test_iter244_gallery_push_ar.TestGalleryBackend" name="test_gallery_add_note" time="0.346" /><testcase classname="backend.tests.test_iter244_gallery_push_ar.TestGalleryBackend" name="test_gallery_recipe_options" time="0.231" /><testcase classname="backend.tests.test_iter244_gallery_push_ar.TestGalleryBackend" name="test_gallery_menu_item_options" time="0.232" /><testcase classname="backend.tests.test_iter244_gallery_push_ar.TestGalleryBackend" name="test_gallery_link_recipe_invalid" time="0.366" /><testcase classname="backend.tests.test_iter244_gallery_push_ar.TestGalleryBackend" name="test_gallery_link_menu_item_invalid" time="0.367" /><testcase classname="backend.tests.test_iter244_gallery_push_ar.TestGalleryBackend" name="test_gallery_recognize" time="0.336" /><testcase classname="backend.tests.test_iter244_gallery_push_ar.TestStorageArScan" name="test_shelf_count_valid" time="0.337" /><testcase classname="backend.tests.test_iter244_gallery_push_ar.TestStorageArScan" name="test_shelf_count_invalid_shelf" time="0.215" /><testcase classname="backend.tests.test_iter244_gallery_push_ar.TestStorageArScan" name="test_list_shelves" time="0.226" /><testcase classname="backend.tests.test_iter244_gallery_push_ar.TestRegressionIter243" name="test_vip_tracker_seed" time="0.122" /><testcase classname="backend.tests.test_iter244_gallery_push_ar.TestRegressionIter243" name="test_vip_tracker_list" time="0.115" /><testcase classname="backend.tests.test_iter244_gallery_push_ar.TestRegressionIter243" name="test_beo_seed" time="0.132" /><testcase classname="backend.tests.test_iter244_gallery_push_ar.TestRegressionIter243" name="test_schedule_week" time="0.123" /></testsuite></testsuites>