<?xml version="1.0" encoding="utf-8"?><testsuites name="pytest tests"><testsuite name="pytest" errors="0" failures="0" skipped="0" tests="10" time="2.118" timestamp="2026-04-10T01:48:51.383550+00:00" hostname="agent-env-0d514397-b02f-409d-829a-33424537802f"><testcase classname="backend.tests.test_iteration25_bqt_food_cost.TestBQTPortionStandards" name="test_bqt_portion_standards_returns_correct_structure" time="0.245" /><testcase classname="backend.tests.test_iteration25_bqt_food_cost.TestEventCreationWithPortions" name="test_attach_menu_with_duo_entree" time="0.276" /><testcase classname="backend.tests.test_iteration25_bqt_food_cost.TestEventCreationWithPortions" name="test_get_beo_enriches_menu_items" time="0.130" /><testcase classname="backend.tests.test_iteration25_bqt_food_cost.TestFoodCostAnalysis" name="test_food_cost_analysis_returns_correct_structure" time="0.341" /><testcase classname="backend.tests.test_iteration25_bqt_food_cost.TestFoodCostAnalysis" name="test_food_cost_analysis_validates_portions_against_standards" time="0.113" /><testcase classname="backend.tests.test_iteration25_bqt_food_cost.TestPostFinancialsWithBQTTargets" name="test_post_financials_includes_bqt_target_range" time="0.435" /><testcase classname="backend.tests.test_iteration25_bqt_food_cost.TestHealthAndListEndpoints" name="test_health_endpoint" time="0.130" /><testcase classname="backend.tests.test_iteration25_bqt_food_cost.TestHealthAndListEndpoints" name="test_list_beos_endpoint" time="0.122" /><testcase classname="backend.tests.test_iteration25_bqt_food_cost.TestErrorHandling" name="test_food_cost_analysis_invalid_event" time="0.112" /><testcase classname="backend.tests.test_iteration25_bqt_food_cost.TestErrorHandling" name="test_beo_not_found" time="0.117" /></testsuite></testsuites>