<?xml version="1.0" encoding="utf-8"?><testsuites name="pytest tests"><testsuite name="pytest" errors="0" failures="0" skipped="0" tests="20" time="3.754" timestamp="2026-04-16T00:09:27.681823+00:00" hostname="agent-env-0d514397-b02f-409d-829a-33424537802f"><testcase classname="backend.tests.test_iter98_invoice_ocr_vendor_consolidation.TestVendorConsolidation" name="test_vendor_scorecards_returns_vendors" time="0.317" /><testcase classname="backend.tests.test_iter98_invoice_ocr_vendor_consolidation.TestVendorConsolidation" name="test_vendor_scorecards_has_expected_fields" time="0.182" /><testcase classname="backend.tests.test_iter98_invoice_ocr_vendor_consolidation.TestVendorConsolidation" name="test_purchasing_vendors_returns_vendors" time="0.147" /><testcase classname="backend.tests.test_iter98_invoice_ocr_vendor_consolidation.TestVendorConsolidation" name="test_purchasing_vendors_has_vendor_id" time="0.170" /><testcase classname="backend.tests.test_iter98_invoice_ocr_vendor_consolidation.TestItemMappingCatalog" name="test_catalog_returns_items" time="0.198" /><testcase classname="backend.tests.test_iter98_invoice_ocr_vendor_consolidation.TestItemMappingCatalog" name="test_catalog_has_30_items" time="0.131" /><testcase classname="backend.tests.test_iter98_invoice_ocr_vendor_consolidation.TestItemMappingCatalog" name="test_catalog_item_structure" time="0.159" /><testcase classname="backend.tests.test_iter98_invoice_ocr_vendor_consolidation.TestItemMappingCatalog" name="test_catalog_filter_by_category" time="0.140" /><testcase classname="backend.tests.test_iter98_invoice_ocr_vendor_consolidation.TestItemMappingStats" name="test_stats_returns_data" time="0.212" /><testcase classname="backend.tests.test_iter98_invoice_ocr_vendor_consolidation.TestItemMappingStats" name="test_stats_mappings_structure" time="0.112" /><testcase classname="backend.tests.test_iter98_invoice_ocr_vendor_consolidation.TestItemMappingMatch" name="test_match_returns_results" time="0.194" /><testcase classname="backend.tests.test_iter98_invoice_ocr_vendor_consolidation.TestItemMappingMatch" name="test_match_item_has_best_match" time="0.147" /><testcase classname="backend.tests.test_iter98_invoice_ocr_vendor_consolidation.TestItemMappingApprove" name="test_approve_creates_mapping" time="0.127" /><testcase classname="backend.tests.test_iter98_invoice_ocr_vendor_consolidation.TestItemMappingApprove" name="test_approve_mapping_persists" time="0.250" /><testcase classname="backend.tests.test_iter98_invoice_ocr_vendor_consolidation.TestItemMappingsList" name="test_list_mappings_returns_data" time="0.171" /><testcase classname="backend.tests.test_iter98_invoice_ocr_vendor_consolidation.TestItemMappingsList" name="test_list_mappings_filter_by_status" time="0.110" /><testcase classname="backend.tests.test_iter98_invoice_ocr_vendor_consolidation.TestRegressionEndpoints" name="test_health_endpoint" time="0.110" /><testcase classname="backend.tests.test_iter98_invoice_ocr_vendor_consolidation.TestRegressionEndpoints" name="test_enterprise_bi_str_dashboard" time="0.135" /><testcase classname="backend.tests.test_iter98_invoice_ocr_vendor_consolidation.TestRegressionEndpoints" name="test_concierge_outlets" time="0.138" /><testcase classname="backend.tests.test_iter98_invoice_ocr_vendor_consolidation.TestCleanup" name="test_cleanup_test_mappings" time="0.498" /></testsuite></testsuites>