<?xml version="1.0" encoding="utf-8"?><testsuites name="pytest tests"><testsuite name="pytest" errors="0" failures="0" skipped="0" tests="22" time="36.420" timestamp="2026-04-10T16:55:45.424401+00:00" hostname="agent-env-0d514397-b02f-409d-829a-33424537802f"><testcase classname="backend.tests.test_iteration42_event_workflow_refactor.TestEventWorkflowRefactoring" name="test_01_prospect_to_booking" time="0.201" /><testcase classname="backend.tests.test_iteration42_event_workflow_refactor.TestEventWorkflowRefactoring" name="test_02_get_changelog" time="0.051" /><testcase classname="backend.tests.test_iteration42_event_workflow_refactor.TestEventWorkflowRefactoring" name="test_03_attach_menu" time="0.066" /><testcase classname="backend.tests.test_iteration42_event_workflow_refactor.TestEventWorkflowRefactoring" name="test_04_attach_layout" time="0.118" /><testcase classname="backend.tests.test_iteration42_event_workflow_refactor.TestEventWorkflowRefactoring" name="test_05_get_beo" time="0.051" /><testcase classname="backend.tests.test_iteration42_event_workflow_refactor.TestEventWorkflowRefactoring" name="test_06_list_beos" time="0.057" /><testcase classname="backend.tests.test_iteration42_event_workflow_refactor.TestEventWorkflowRefactoring" name="test_07_bqt_portion_standards" time="0.052" /><testcase classname="backend.tests.test_iteration42_event_workflow_refactor.TestEventWorkflowRefactoring" name="test_08_food_cost_analysis" time="0.058" /><testcase classname="backend.tests.test_iteration42_event_workflow_refactor.TestEventWorkflowRefactoring" name="test_09_generate_missing_recipes" time="34.869" /><testcase classname="backend.tests.test_iteration42_event_workflow_refactor.TestEventWorkflowRefactoring" name="test_10_generate_schedules" time="0.061" /><testcase classname="backend.tests.test_iteration42_event_workflow_refactor.TestEventWorkflowRefactoring" name="test_11_get_labor_schedules" time="0.057" /><testcase classname="backend.tests.test_iteration42_event_workflow_refactor.TestEventWorkflowRefactoring" name="test_12_post_financials" time="0.066" /><testcase classname="backend.tests.test_iteration42_event_workflow_refactor.TestEventWorkflowRefactoring" name="test_13_get_gl_entries" time="0.052" /><testcase classname="backend.tests.test_iteration42_event_workflow_refactor.TestEventWorkflowRefactoring" name="test_14_generate_purchase_orders" time="0.067" /><testcase classname="backend.tests.test_iteration42_event_workflow_refactor.TestEventWorkflowRefactoring" name="test_15_get_purchase_orders" time="0.058" /><testcase classname="backend.tests.test_iteration42_event_workflow_refactor.TestEventWorkflowRefactoring" name="test_16_generate_invoices" time="0.065" /><testcase classname="backend.tests.test_iteration42_event_workflow_refactor.TestEventWorkflowRefactoring" name="test_17_get_invoices" time="0.050" /><testcase classname="backend.tests.test_iteration42_event_workflow_refactor.TestEventWorkflowRefactoring" name="test_18_get_event_dashboard" time="0.063" /><testcase classname="backend.tests.test_iteration42_event_workflow_refactor.TestEventWorkflowErrorHandling" name="test_get_beo_not_found" time="0.056" /><testcase classname="backend.tests.test_iteration42_event_workflow_refactor.TestEventWorkflowErrorHandling" name="test_get_event_not_found" time="0.053" /><testcase classname="backend.tests.test_iteration42_event_workflow_refactor.TestEventWorkflowErrorHandling" name="test_attach_menu_event_not_found" time="0.049" /><testcase classname="backend.tests.test_iteration42_event_workflow_refactor.TestEventWorkflowErrorHandling" name="test_post_financials_event_not_found" time="0.050" /></testsuite></testsuites>