<?xml version="1.0" encoding="utf-8"?><testsuites name="pytest tests"><testsuite name="pytest" errors="0" failures="0" skipped="0" tests="14" time="6.439" timestamp="2026-04-13T23:39:14.512817+00:00" hostname="agent-env-0d514397-b02f-409d-829a-33424537802f"><testcase classname="backend.tests.test_iteration58_recipe_import.TestRecipeImportAPI" name="test_health_check" time="0.136" /><testcase classname="backend.tests.test_iteration58_recipe_import.TestRecipeImportAPI" name="test_recipe_import_bbc_good_food_json_ld" time="0.235" /><testcase classname="backend.tests.test_iteration58_recipe_import.TestRecipeImportAPI" name="test_recipe_import_blocked_site_ai_fallback" time="4.604" /><testcase classname="backend.tests.test_iteration58_recipe_import.TestRecipeImportAPI" name="test_recipe_import_invalid_url_error" time="0.115" /><testcase classname="backend.tests.test_iteration58_recipe_import.TestRecipeImportAPI" name="test_recipe_import_empty_url_error" time="0.131" /><testcase classname="backend.tests.test_iteration58_recipe_import.TestImageProxyAPI" name="test_image_proxy_valid_url" time="0.205" /><testcase classname="backend.tests.test_iteration58_recipe_import.TestImageProxyAPI" name="test_image_proxy_missing_url_error" time="0.125" /><testcase classname="backend.tests.test_iteration58_recipe_import.TestImageProxyAPI" name="test_image_proxy_invalid_url_error" time="0.102" /><testcase classname="backend.tests.test_iteration58_recipe_import.TestExistingFeatures" name="test_zaro_guardian_status" time="0.127" /><testcase classname="backend.tests.test_iteration58_recipe_import.TestExistingFeatures" name="test_echoai3_health_endpoint" time="0.126" /><testcase classname="backend.tests.test_iteration58_recipe_import.TestExistingFeatures" name="test_confidence_panel_heatmap" time="0.106" /><testcase classname="backend.tests.test_iteration58_recipe_import.TestExistingFeatures" name="test_echoai3_identity_endpoint" time="0.104" /><testcase classname="backend.tests.test_iteration58_recipe_import.TestExistingFeatures" name="test_document_intelligence_endpoint" time="0.103" /><testcase classname="backend.tests.test_iteration58_recipe_import.TestExistingFeatures" name="test_command_center_endpoint" time="0.120" /></testsuite></testsuites>