<?xml version="1.0" encoding="utf-8"?><testsuites name="pytest tests"><testsuite name="pytest" errors="0" failures="0" skipped="0" tests="12" time="1.762" timestamp="2026-04-14T21:33:08.114488+00:00" hostname="agent-env-0d514397-b02f-409d-829a-33424537802f"><testcase classname="backend.tests.test_iteration67_analytics_engine.TestAnalyticsHome" name="test_analytics_home_returns_kpis" time="0.183" /><testcase classname="backend.tests.test_iteration67_analytics_engine.TestAnalyticsHome" name="test_analytics_home_returns_charts" time="0.132" /><testcase classname="backend.tests.test_iteration67_analytics_engine.TestSalesByHour" name="test_sales_by_hour_returns_hourly_data" time="0.119" /><testcase classname="backend.tests.test_iteration67_analytics_engine.TestSalesByItem" name="test_sales_by_item_returns_items" time="0.124" /><testcase classname="backend.tests.test_iteration67_analytics_engine.TestSalesVsLabor" name="test_sales_vs_labor_returns_comparison" time="0.157" /><testcase classname="backend.tests.test_iteration67_analytics_engine.TestMenuEngineering" name="test_menu_engineering_returns_classifications" time="0.118" /><testcase classname="backend.tests.test_iteration67_analytics_engine.TestPrimeCost" name="test_prime_cost_returns_breakdown" time="0.135" /><testcase classname="backend.tests.test_iteration67_analytics_engine.TestServerPerformance" name="test_server_performance_returns_stats" time="0.132" /><testcase classname="backend.tests.test_iteration67_analytics_engine.TestDailyComparison" name="test_daily_comparison_returns_week_data" time="0.130" /><testcase classname="backend.tests.test_iteration67_analytics_engine.TestSalesTrend" name="test_sales_trend_by_outlet" time="0.122" /><testcase classname="backend.tests.test_iteration67_analytics_engine.TestSalesTrend" name="test_sales_trend_by_category" time="0.161" /><testcase classname="backend.tests.test_iteration67_analytics_engine.TestReportCatalog" name="test_report_catalog_returns_categories" time="0.134" /></testsuite></testsuites>