<?xml version="1.0" encoding="utf-8"?><testsuites name="pytest tests"><testsuite name="pytest" errors="0" failures="0" skipped="0" tests="17" time="1.054" timestamp="2026-04-18T15:31:31.657840+00:00" hostname="agent-env-0d514397-b02f-409d-829a-33424537802f"><testcase classname="tests.test_iter166_seed_plant_studio.TestZaroGuardianLint" name="test_zaro_lint_blocks_openai_secret" time="0.197" /><testcase classname="tests.test_iter166_seed_plant_studio.TestZaroGuardianLint" name="test_zaro_lint_blocks_stripe_live_secret" time="0.000" /><testcase classname="tests.test_iter166_seed_plant_studio.TestZaroGuardianLint" name="test_zaro_lint_blocks_rm_rf_root" time="0.000" /><testcase classname="tests.test_iter166_seed_plant_studio.TestZaroGuardianLint" name="test_zaro_lint_blocks_aws_key" time="0.000" /><testcase classname="tests.test_iter166_seed_plant_studio.TestZaroGuardianLint" name="test_zaro_lint_blocks_github_token" time="0.000" /><testcase classname="tests.test_iter166_seed_plant_studio.TestZaroGuardianLint" name="test_zaro_lint_warns_on_sudo" time="0.000" /><testcase classname="tests.test_iter166_seed_plant_studio.TestZaroGuardianLint" name="test_zaro_lint_warns_on_eval" time="0.000" /><testcase classname="tests.test_iter166_seed_plant_studio.TestZaroGuardianLint" name="test_zaro_lint_blocks_pipe_to_shell" time="0.000" /><testcase classname="tests.test_iter166_seed_plant_studio.TestZaroGuardianLint" name="test_zaro_lint_blocks_path_traversal" time="0.000" /><testcase classname="tests.test_iter166_seed_plant_studio.TestZaroGuardianLint" name="test_zaro_lint_blocks_absolute_path" time="0.000" /><testcase classname="tests.test_iter166_seed_plant_studio.TestZaroGuardianLint" name="test_zaro_lint_passes_clean_artifacts" time="0.000" /><testcase classname="tests.test_iter166_seed_plant_studio.TestRegressionGoldenSeed" name="test_pillars_endpoint" time="0.136" /><testcase classname="tests.test_iter166_seed_plant_studio.TestRegressionGoldenSeed" name="test_manifest_endpoint" time="0.158" /><testcase classname="tests.test_iter166_seed_plant_studio.TestRegressionGoldenSeed" name="test_spawns_requires_admin" time="0.117" /><testcase classname="tests.test_iter166_seed_plant_studio.TestRegressionGoldenSeed" name="test_spawns_with_admin_token" time="0.116" /><testcase classname="tests.test_iter166_seed_plant_studio.TestRegressionGoldenSeed" name="test_spawn_endpoint" time="0.115" /><testcase classname="tests.test_iter166_seed_plant_studio.TestRegressionGoldenSeed" name="test_download_requires_admin" time="0.133" /></testsuite></testsuites>