<?xml version="1.0" encoding="utf-8"?><testsuites name="pytest tests"><testsuite name="pytest" errors="0" failures="0" skipped="0" tests="23" time="3.169" timestamp="2026-04-16T17:34:26.552163+00:00" hostname="agent-env-0d514397-b02f-409d-829a-33424537802f"><testcase classname="backend.tests.test_iter119_culinary_recipe_builder.TestYieldDatabaseExpanded" name="test_categories_returns_7_categories_132_items" time="0.155" /><testcase classname="backend.tests.test_iter119_culinary_recipe_builder.TestYieldDatabaseExpanded" name="test_search_burrata_returns_dairy_item" time="0.143" /><testcase classname="backend.tests.test_iter119_culinary_recipe_builder.TestYieldDatabaseExpanded" name="test_search_truffle_returns_black_winter_truffle" time="0.138" /><testcase classname="backend.tests.test_iter119_culinary_recipe_builder.TestYieldDatabaseExpanded" name="test_search_chihuahua_returns_cheese" time="0.125" /><testcase classname="backend.tests.test_iter119_culinary_recipe_builder.TestYieldDatabaseExpanded" name="test_search_foie_returns_foie_gras" time="0.110" /><testcase classname="backend.tests.test_iter119_culinary_recipe_builder.TestYieldCalculations" name="test_asparagus_tips_yield_35_percent" time="0.118" /><testcase classname="backend.tests.test_iter119_culinary_recipe_builder.TestYieldCalculations" name="test_pistachio_shelled_yield_50_percent" time="0.135" /><testcase classname="backend.tests.test_iter119_culinary_recipe_builder.TestYieldCalculations" name="test_quinoa_yield_270_percent" time="0.129" /><testcase classname="backend.tests.test_iter119_culinary_recipe_builder.TestYieldCalculations" name="test_black_bean_yield_250_percent" time="0.114" /><testcase classname="backend.tests.test_iter119_culinary_recipe_builder.TestCategoryFiltering" name="test_dairy_category_returns_18_items" time="0.110" /><testcase classname="backend.tests.test_iter119_culinary_recipe_builder.TestCategoryFiltering" name="test_seafood_category_returns_19_items" time="0.113" /><testcase classname="backend.tests.test_iter119_culinary_recipe_builder.TestCulinaryRecipes" name="test_save_culinary_recipe" time="0.130" /><testcase classname="backend.tests.test_iter119_culinary_recipe_builder.TestCulinaryRecipes" name="test_list_culinary_recipes" time="0.163" /><testcase classname="backend.tests.test_iter119_culinary_recipe_builder.TestCulinaryRecipes" name="test_get_specific_recipe" time="0.277" /><testcase classname="backend.tests.test_iter119_culinary_recipe_builder.TestCulinaryRecipes" name="test_recipe_not_found" time="0.114" /><testcase classname="backend.tests.test_iter119_culinary_recipe_builder.TestNewIngredients" name="test_caviar_kaluga_exists" time="0.126" /><testcase classname="backend.tests.test_iter119_culinary_recipe_builder.TestNewIngredients" name="test_wagyu_ground_exists" time="0.116" /><testcase classname="backend.tests.test_iter119_culinary_recipe_builder.TestNewIngredients" name="test_romanesco_exists" time="0.116" /><testcase classname="backend.tests.test_iter119_culinary_recipe_builder.TestNewIngredients" name="test_gruyere_cheese_exists" time="0.108" /><testcase classname="backend.tests.test_iter119_culinary_recipe_builder.TestNewIngredients" name="test_roquefort_cheese_exists" time="0.124" /><testcase classname="backend.tests.test_iter119_culinary_recipe_builder.TestFuzzySearchScoring" name="test_exact_match_highest_score" time="0.144" /><testcase classname="backend.tests.test_iter119_culinary_recipe_builder.TestFuzzySearchScoring" name="test_starts_with_high_score" time="0.117" /><testcase classname="backend.tests.test_iter119_culinary_recipe_builder.TestFuzzySearchScoring" name="test_contains_match" time="0.127" /></testsuite></testsuites>