<?xml version="1.0" encoding="utf-8"?><testsuites name="pytest tests"><testsuite name="pytest" errors="0" failures="0" skipped="0" tests="13" time="2.230" timestamp="2026-04-09T01:12:36.695633+00:00" hostname="agent-env-0d514397-b02f-409d-829a-33424537802f"><testcase classname="backend.tests.test_iteration16_features.TestHealthEndpoint" name="test_health_returns_healthy" time="0.151" /><testcase classname="backend.tests.test_iteration16_features.TestEchoEventsReport" name="test_report_returns_definite_and_pending" time="0.119" /><testcase classname="backend.tests.test_iteration16_features.TestEchoEventsReport" name="test_report_summary_has_correct_fields" time="0.130" /><testcase classname="backend.tests.test_iteration16_features.TestEchoEventsSummary" name="test_summary_returns_stage_breakdown" time="0.121" /><testcase classname="backend.tests.test_iteration16_features.TestWasteSheetEntries" name="test_list_entries_returns_waste_data" time="0.120" /><testcase classname="backend.tests.test_iteration16_features.TestWasteSheetEntries" name="test_list_entries_with_department_filter" time="0.112" /><testcase classname="backend.tests.test_iteration16_features.TestWasteSheetCreate" name="test_create_waste_entry_and_gl_posting" time="0.263" /><testcase classname="backend.tests.test_iteration16_features.TestWasteSheetCreate" name="test_create_waste_entry_without_cost" time="0.214" /><testcase classname="backend.tests.test_iteration16_features.TestWasteSheetCredits" name="test_apply_credit_to_waste_entry" time="0.292" /><testcase classname="backend.tests.test_iteration16_features.TestWasteSheetCredits" name="test_apply_credit_to_nonexistent_entry" time="0.111" /><testcase classname="backend.tests.test_iteration16_features.TestWasteSheetDashboard" name="test_dashboard_returns_summary" time="0.111" /><testcase classname="backend.tests.test_iteration16_features.TestWasteSheetDashboard" name="test_dashboard_with_department_filter" time="0.117" /><testcase classname="backend.tests.test_iteration16_features.TestGLIntegration" name="test_waste_entry_creates_gl_entries" time="0.259" /></testsuite></testsuites>