<?xml version="1.0" encoding="utf-8"?><testsuites name="pytest tests"><testsuite name="pytest" errors="0" failures="0" skipped="0" tests="20" time="5.538" timestamp="2026-04-10T22:17:02.606485+00:00" hostname="agent-env-0d514397-b02f-409d-829a-33424537802f"><testcase classname="backend.tests.test_iteration49_monthly_review_enhanced.TestMonthlyReviewGeneration" name="test_generate_review_returns_200" time="0.169" /><testcase classname="backend.tests.test_iteration49_monthly_review_enhanced.TestMonthlyReviewGeneration" name="test_generate_review_resort_pnl_structure" time="0.159" /><testcase classname="backend.tests.test_iteration49_monthly_review_enhanced.TestMonthlyReviewGeneration" name="test_generate_review_outlet_reports" time="0.129" /><testcase classname="backend.tests.test_iteration49_monthly_review_enhanced.TestMonthlyReviewGeneration" name="test_generate_review_comparisons_structure" time="0.127" /><testcase classname="backend.tests.test_iteration49_monthly_review_enhanced.TestReviewsLatest" name="test_latest_review_executive_role" time="0.242" /><testcase classname="backend.tests.test_iteration49_monthly_review_enhanced.TestReviewsLatest" name="test_latest_review_outlet_manager_scoped" time="0.316" /><testcase classname="backend.tests.test_iteration49_monthly_review_enhanced.TestReviewsLatest" name="test_latest_review_no_reviews_yet" time="0.113" /><testcase classname="backend.tests.test_iteration49_monthly_review_enhanced.TestReviewsHistory" name="test_history_returns_list" time="0.117" /><testcase classname="backend.tests.test_iteration49_monthly_review_enhanced.TestReviewsHistory" name="test_history_review_metadata" time="0.266" /><testcase classname="backend.tests.test_iteration49_monthly_review_enhanced.TestReviewById" name="test_get_review_by_id" time="0.251" /><testcase classname="backend.tests.test_iteration49_monthly_review_enhanced.TestReviewById" name="test_get_review_by_id_with_outlet_scope" time="0.273" /><testcase classname="backend.tests.test_iteration49_monthly_review_enhanced.TestReviewById" name="test_get_nonexistent_review" time="0.183" /><testcase classname="backend.tests.test_iteration49_monthly_review_enhanced.TestNotifications" name="test_notifications_executive" time="0.264" /><testcase classname="backend.tests.test_iteration49_monthly_review_enhanced.TestNotifications" name="test_notifications_outlet_manager" time="0.253" /><testcase classname="backend.tests.test_iteration49_monthly_review_enhanced.TestSchedulerStatus" name="test_scheduler_running" time="0.130" /><testcase classname="backend.tests.test_iteration49_monthly_review_enhanced.TestSchedulerStatus" name="test_scheduler_has_monthly_job" time="0.103" /><testcase classname="backend.tests.test_iteration49_monthly_review_enhanced.TestMoMComparisons" name="test_mom_available_after_two_months" time="0.753" /><testcase classname="backend.tests.test_iteration49_monthly_review_enhanced.TestMoMComparisons" name="test_mom_delta_values" time="0.785" /><testcase classname="backend.tests.test_iteration49_monthly_review_enhanced.TestMoMComparisons" name="test_outlet_comparisons" time="0.768" /><testcase classname="backend.tests.test_iteration49_monthly_review_enhanced.TestZipFilesCleanup" name="test_no_zip_files_in_modules" time="0.021" /></testsuite></testsuites>