<?xml version="1.0" encoding="utf-8"?><testsuites name="pytest tests"><testsuite name="pytest" errors="0" failures="0" skipped="0" tests="16" time="3.300" timestamp="2026-04-15T16:48:50.908503+00:00" hostname="agent-env-0d514397-b02f-409d-829a-33424537802f"><testcase classname="backend.tests.test_iteration84_concierge_websocket.TestConciergeAPIs" name="test_health_check" time="0.179" /><testcase classname="backend.tests.test_iteration84_concierge_websocket.TestConciergeAPIs" name="test_concierge_saved_filters_returns_8_filters" time="0.191" /><testcase classname="backend.tests.test_iteration84_concierge_websocket.TestConciergeAPIs" name="test_concierge_dashboard_returns_kpis" time="0.141" /><testcase classname="backend.tests.test_iteration84_concierge_websocket.TestConciergeAPIs" name="test_concierge_tickets_list" time="0.200" /><testcase classname="backend.tests.test_iteration84_concierge_websocket.TestConciergeAPIs" name="test_concierge_tickets_filter_by_status" time="0.178" /><testcase classname="backend.tests.test_iteration84_concierge_websocket.TestShiftLog" name="test_create_shift_log_with_auto_open_tickets" time="0.129" /><testcase classname="backend.tests.test_iteration84_concierge_websocket.TestShiftLog" name="test_get_shift_logs" time="0.115" /><testcase classname="backend.tests.test_iteration84_concierge_websocket.TestGuestOrderTracking" name="test_guest_auth" time="0.132" /><testcase classname="backend.tests.test_iteration84_concierge_websocket.TestGuestOrderTracking" name="test_guest_menu" time="0.111" /><testcase classname="backend.tests.test_iteration84_concierge_websocket.TestGuestOrderTracking" name="test_place_order_and_track" time="0.544" /><testcase classname="backend.tests.test_iteration84_concierge_websocket.TestGuestOrderTracking" name="test_order_status_update_broadcasts" time="0.635" /><testcase classname="backend.tests.test_iteration84_concierge_websocket.TestRegressionAPIs" name="test_housekeeping_dashboard" time="0.119" /><testcase classname="backend.tests.test_iteration84_concierge_websocket.TestRegressionAPIs" name="test_ird_dashboard" time="0.127" /><testcase classname="backend.tests.test_iteration84_concierge_websocket.TestRegressionAPIs" name="test_guest_intel_dashboard" time="0.127" /><testcase classname="backend.tests.test_iteration84_concierge_websocket.TestRegressionAPIs" name="test_email_status" time="0.128" /><testcase classname="backend.tests.test_iteration84_concierge_websocket.TestRegressionAPIs" name="test_concierge_analytics" time="0.122" /></testsuite></testsuites>