<?xml version="1.0" encoding="utf-8"?><testsuites name="pytest tests"><testsuite name="pytest" errors="0" failures="0" skipped="0" tests="17" time="45.687" timestamp="2026-04-23T14:07:56.916432+00:00" hostname="agent-env-0d514397-b02f-409d-829a-33424537802f"><testcase classname="backend.tests.test_benchmark_iter223.TestMultiItemSamples" name="test_create_sample_with_expected_items" time="0.150" /><testcase classname="backend.tests.test_benchmark_iter223.TestMultiItemSamples" name="test_get_sample_roundtrips_expected_items" time="0.054" /><testcase classname="backend.tests.test_benchmark_iter223.TestMultiItemSamples" name="test_cleanup_test_sample" time="0.051" /><testcase classname="backend.tests.test_benchmark_iter223.TestComposeMixed" name="test_compose_mixed_valid_urls" time="0.310" /><testcase classname="backend.tests.test_benchmark_iter223.TestComposeMixed" name="test_compose_mixed_invalid_url" time="0.112" /><testcase classname="backend.tests.test_benchmark_iter223.TestComposeMixed" name="test_compose_mixed_non_image_url" time="0.144" /><testcase classname="backend.tests.test_benchmark_iter223.TestComposeMixed" name="test_cleanup_composed_sample" time="0.054" /><testcase classname="backend.tests.test_benchmark_iter223.TestPatchSampleWithTrustFingerprint" name="test_patch_sample_with_expected_items" time="0.165" /><testcase classname="backend.tests.test_benchmark_iter223.TestPatchSampleWithTrustFingerprint" name="test_patch_sample_with_trust_fingerprint" time="0.144" /><testcase classname="backend.tests.test_benchmark_iter223.TestMultiItemBenchmarkRun" name="test_run_with_mixed_samples_returns_multi_item_fields" time="23.435" /><testcase classname="backend.tests.test_benchmark_iter223.TestMultiItemBenchmarkRun" name="test_get_run_includes_multi_item_per_sample_shape" time="0.051" /><testcase classname="backend.tests.test_benchmark_iter223.TestTrustAllMatched" name="test_trust_all_matched_returns_updates_and_fingerprints" time="0.180" /><testcase classname="backend.tests.test_benchmark_iter223.TestTrustAllMatched" name="test_trust_all_matched_on_incomplete_run_returns_409" time="0.104" /><testcase classname="backend.tests.test_benchmark_iter223.TestRegressionSingleItemScoring" name="test_single_item_sample_scores_with_legacy_fields" time="14.071" /><testcase classname="backend.tests.test_benchmark_iter223.TestRegressionCaptureStill" name="test_capture_still_works" time="6.455" /><testcase classname="backend.tests.test_benchmark_iter223.TestByComplexityBreakdown" name="test_run_has_by_complexity_breakdown" time="0.052" /><testcase classname="backend.tests.test_benchmark_iter223.TestBenchmarkStatus" name="test_status_endpoint" time="0.070" /></testsuite></testsuites>