<?xml version="1.0" encoding="utf-8"?><testsuites name="pytest tests"><testsuite name="pytest" errors="0" failures="0" skipped="0" tests="30" time="4.523" timestamp="2026-04-24T12:16:47.916157+00:00" hostname="agent-env-0d514397-b02f-409d-829a-33424537802f"><testcase classname="backend.tests.test_iter238_retail_concierge_analytics.TestRetailOutletSeeding" name="test_seed_retail_outlets" time="0.176" /><testcase classname="backend.tests.test_iter238_retail_concierge_analytics.TestRetailOutletSeeding" name="test_list_retail_outlets" time="0.169" /><testcase classname="backend.tests.test_iter238_retail_concierge_analytics.TestRetailOutletSeeding" name="test_list_all_outlets" time="0.114" /><testcase classname="backend.tests.test_iter238_retail_concierge_analytics.TestEmployeeDirectory" name="test_list_employees_by_outlet" time="0.137" /><testcase classname="backend.tests.test_iter238_retail_concierge_analytics.TestEmployeeDirectory" name="test_filter_employees_by_availability" time="0.106" /><testcase classname="backend.tests.test_iter238_retail_concierge_analytics.TestEmployeeDirectory" name="test_message_employee" time="0.230" /><testcase classname="backend.tests.test_iter238_retail_concierge_analytics.TestHoursOfOperation" name="test_get_outlet_hours_default" time="0.116" /><testcase classname="backend.tests.test_iter238_retail_concierge_analytics.TestHoursOfOperation" name="test_update_base_hours" time="0.238" /><testcase classname="backend.tests.test_iter238_retail_concierge_analytics.TestHoursOfOperation" name="test_update_seasonal_overrides" time="0.225" /><testcase classname="backend.tests.test_iter238_retail_concierge_analytics.TestSchedulePlatform" name="test_save_schedule_week" time="0.252" /><testcase classname="backend.tests.test_iter238_retail_concierge_analytics.TestSchedulePlatform" name="test_get_schedule_week" time="0.106" /><testcase classname="backend.tests.test_iter238_retail_concierge_analytics.TestSchedulePlatform" name="test_push_schedule" time="0.115" /><testcase classname="backend.tests.test_iter238_retail_concierge_analytics.TestConciergeAmenity" name="test_dispatch_amenity" time="0.108" /><testcase classname="backend.tests.test_iter238_retail_concierge_analytics.TestConciergeGuestIssue" name="test_log_guest_issue_angry" time="0.116" /><testcase classname="backend.tests.test_iter238_retail_concierge_analytics.TestConciergeGuestIssue" name="test_elevate_issue" time="0.249" /><testcase classname="backend.tests.test_iter238_retail_concierge_analytics.TestConciergeValetHousekeeping" name="test_valet_request" time="0.111" /><testcase classname="backend.tests.test_iter238_retail_concierge_analytics.TestConciergeValetHousekeeping" name="test_housekeeping_request" time="0.109" /><testcase classname="backend.tests.test_iter238_retail_concierge_analytics.TestOffPropertySuggestions" name="test_list_off_property" time="0.113" /><testcase classname="backend.tests.test_iter238_retail_concierge_analytics.TestMaestroBEO" name="test_list_recent_beos" time="0.118" /><testcase classname="backend.tests.test_iter238_retail_concierge_analytics.TestPurchasingGroups" name="test_list_purchasing_groups" time="0.121" /><testcase classname="backend.tests.test_iter238_retail_concierge_analytics.TestPurchasingGroups" name="test_price_compare" time="0.107" /><testcase classname="backend.tests.test_iter238_retail_concierge_analytics.TestOutletAnalytics" name="test_analytics_service_outlet" time="0.111" /><testcase classname="backend.tests.test_iter238_retail_concierge_analytics.TestOutletAnalytics" name="test_analytics_third_party_outlet" time="0.106" /><testcase classname="backend.tests.test_iter238_retail_concierge_analytics.TestOutletAnalytics" name="test_analytics_retail_outlet" time="0.107" /><testcase classname="backend.tests.test_iter238_retail_concierge_analytics.TestRegressionEndpoints" name="test_echoaurium_outlets" time="0.112" /><testcase classname="backend.tests.test_iter238_retail_concierge_analytics.TestRegressionEndpoints" name="test_ecw_ops_recipes" time="0.124" /><testcase classname="backend.tests.test_iter238_retail_concierge_analytics.TestRegressionEndpoints" name="test_ecw_ops_tickets" time="0.123" /><testcase classname="backend.tests.test_iter238_retail_concierge_analytics.TestRegressionEndpoints" name="test_inventory_audit_start" time="0.117" /><testcase classname="backend.tests.test_iter238_retail_concierge_analytics.TestRegressionEndpoints" name="test_team_chat_rooms" time="0.111" /><testcase classname="backend.tests.test_iter238_retail_concierge_analytics.TestRegressionEndpoints" name="test_echo_voice_proactive_briefing" time="0.339" /></testsuite></testsuites>