<?xml version="1.0" encoding="utf-8"?><testsuites name="pytest tests"><testsuite name="pytest" errors="0" failures="1" skipped="0" tests="29" time="16.701" timestamp="2026-04-19T09:17:48.500664+00:00" hostname="agent-env-0d514397-b02f-409d-829a-33424537802f"><testcase classname="tests.test_iter182_dashboard_hiring_mobile.TestDashboardOverview" name="test_overview_returns_kpis" time="0.235" /><testcase classname="tests.test_iter182_dashboard_hiring_mobile.TestDashboardOverview" name="test_overview_no_id_leakage" time="0.112" /><testcase classname="tests.test_iter182_dashboard_hiring_mobile.TestDashboardShare" name="test_share_requires_admin" time="0.140" /><testcase classname="tests.test_iter182_dashboard_hiring_mobile.TestDashboardShare" name="test_share_creates_board" time="0.141" /><testcase classname="tests.test_iter182_dashboard_hiring_mobile.TestDashboardShare" name="test_board_public_access" time="0.251" /><testcase classname="tests.test_iter182_dashboard_hiring_mobile.TestDashboardShare" name="test_board_404_missing" time="0.117" /><testcase classname="tests.test_iter182_dashboard_hiring_mobile.TestHiringFlow" name="test_rank_requires_admin" time="0.109" /><testcase classname="tests.test_iter182_dashboard_hiring_mobile.TestHiringFlow" name="test_rank_404_invalid_profile" time="0.111" /><testcase classname="tests.test_iter182_dashboard_hiring_mobile.TestHiringFlow" name="test_batches_requires_admin" time="0.109" /><testcase classname="tests.test_iter182_dashboard_hiring_mobile.TestHiringFlow" name="test_batches_list" time="0.107" /><testcase classname="tests.test_iter182_dashboard_hiring_mobile.TestHiringFlow" name="test_batch_by_id_requires_admin" time="0.102" /><testcase classname="tests.test_iter182_dashboard_hiring_mobile.TestConciergeMobileAdmin" name="test_guests_requires_admin" time="0.118" /><testcase classname="tests.test_iter182_dashboard_hiring_mobile.TestConciergeMobileAdmin" name="test_guests_returns_roster" time="0.111" /><testcase classname="tests.test_iter182_dashboard_hiring_mobile.TestConciergeMobileAdmin" name="test_mint_requires_admin" time="0.104" /><testcase classname="tests.test_iter182_dashboard_hiring_mobile.TestConciergeMobileAdmin" name="test_mint_and_qr" time="0.178" /><testcase classname="tests.test_iter182_dashboard_hiring_mobile.TestConciergeMobileAdmin" name="test_qr_requires_admin" time="0.106" /><testcase classname="tests.test_iter182_dashboard_hiring_mobile.TestConciergeMobileAdmin" name="test_revoke_token" time="0.157" /><testcase classname="tests.test_iter182_dashboard_hiring_mobile.TestConciergeMobileAdmin" name="test_revoke_requires_admin" time="0.154" /><testcase classname="tests.test_iter182_dashboard_hiring_mobile.TestOutlookEncryption" name="test_outlook_status_idempotent" time="0.106" /><testcase classname="tests.test_iter182_dashboard_hiring_mobile.TestRegressionIter175_179" name="test_health_endpoint" time="0.102" /><testcase classname="tests.test_iter182_dashboard_hiring_mobile.TestRegressionIter175_179" name="test_people_list" time="0.113" /><testcase classname="tests.test_iter182_dashboard_hiring_mobile.TestRegressionIter175_179" name="test_milestones_dry_run" time="0.111" /><testcase classname="tests.test_iter182_dashboard_hiring_mobile.TestRegressionIter175_179" name="test_standup_autofill" time="0.118"><failure message="AssertionError: Unexpected status: 422&#10;assert 422 in [200, 400]&#10; +  where 422 = &lt;Response [422]&gt;.status_code">tests/test_iter182_dashboard_hiring_mobile.py:300: in test_standup_autofill
    assert r.status_code in [200, 400], f"Unexpected status: {r.status_code}"
E   AssertionError: Unexpected status: 422
E   assert 422 in [200, 400]
E    +  where 422 = &lt;Response [422]&gt;.status_code</failure></testcase><testcase classname="tests.test_iter182_dashboard_hiring_mobile.TestRegressionIter175_179" name="test_job_profiles_list" time="0.115" /><testcase classname="tests.test_iter182_dashboard_hiring_mobile.TestRegressionIter175_179" name="test_job_profiles_requires_admin" time="0.119" /><testcase classname="tests.test_iter182_dashboard_hiring_mobile.TestRegressionIter175_179" name="test_my_schedule_employee" time="0.167" /><testcase classname="tests.test_iter182_dashboard_hiring_mobile.TestRegressionIter175_179" name="test_relay_tickets_list" time="0.108" /><testcase classname="tests.test_iter182_dashboard_hiring_mobile.TestRegressionIter175_179" name="test_auth_me_graceful_401" time="0.146" /><testcase classname="tests.test_iter182_dashboard_hiring_mobile.TestHiringRankLive" name="test_rank_single_candidate" time="12.870" /></testsuite></testsuites>