<?xml version="1.0" encoding="utf-8"?><testsuites name="pytest tests"><testsuite name="pytest" errors="0" failures="0" skipped="0" tests="29" time="5.006" timestamp="2026-04-16T03:20:22.343918+00:00" hostname="agent-env-0d514397-b02f-409d-829a-33424537802f"><testcase classname="backend.tests.test_iter102_beo_orchestration.TestHealthRegression" name="test_health_endpoint" time="0.220" /><testcase classname="backend.tests.test_iter102_beo_orchestration.TestBEOProspect" name="test_create_prospect" time="0.148" /><testcase classname="backend.tests.test_iter102_beo_orchestration.TestBEOProspect" name="test_advance_prospect_to_inquiry" time="0.134" /><testcase classname="backend.tests.test_iter102_beo_orchestration.TestBEOProspect" name="test_advance_prospect_to_tentative" time="0.143" /><testcase classname="backend.tests.test_iter102_beo_orchestration.TestBEOProspect" name="test_advance_prospect_to_contract_signed" time="0.139" /><testcase classname="backend.tests.test_iter102_beo_orchestration.TestBEOProspect" name="test_list_prospects" time="0.146" /><testcase classname="backend.tests.test_iter102_beo_orchestration.TestBEOProspect" name="test_list_prospects_by_stage" time="0.138" /><testcase classname="backend.tests.test_iter102_beo_orchestration.TestBEOCreation" name="test_create_beo_with_cascades" time="0.156" /><testcase classname="backend.tests.test_iter102_beo_orchestration.TestBEOCreation" name="test_get_beo" time="0.131" /><testcase classname="backend.tests.test_iter102_beo_orchestration.TestBEOCreation" name="test_list_beos" time="0.174" /><testcase classname="backend.tests.test_iter102_beo_orchestration.TestRecipeManagement" name="test_create_recipe_bakery" time="0.160" /><testcase classname="backend.tests.test_iter102_beo_orchestration.TestRecipeManagement" name="test_create_recipe_hot_item" time="0.142" /><testcase classname="backend.tests.test_iter102_beo_orchestration.TestRecipeManagement" name="test_create_recipe_cold_item" time="0.138" /><testcase classname="backend.tests.test_iter102_beo_orchestration.TestRecipeManagement" name="test_list_recipes" time="0.148" /><testcase classname="backend.tests.test_iter102_beo_orchestration.TestRecipeManagement" name="test_list_recipes_by_category" time="0.124" /><testcase classname="backend.tests.test_iter102_beo_orchestration.TestMenuSections" name="test_add_menu_section_bakery" time="0.136" /><testcase classname="backend.tests.test_iter102_beo_orchestration.TestMenuSections" name="test_add_menu_section_cold" time="0.143" /><testcase classname="backend.tests.test_iter102_beo_orchestration.TestMenuSections" name="test_add_menu_section_hot" time="0.157" /><testcase classname="backend.tests.test_iter102_beo_orchestration.TestBEOCosting" name="test_cost_beo" time="0.145" /><testcase classname="backend.tests.test_iter102_beo_orchestration.TestFireGuide" name="test_get_fire_guide" time="0.143" /><testcase classname="backend.tests.test_iter102_beo_orchestration.TestCreditsAndSatisfaction" name="test_apply_credit" time="0.149" /><testcase classname="backend.tests.test_iter102_beo_orchestration.TestCreditsAndSatisfaction" name="test_record_satisfaction" time="0.138" /><testcase classname="backend.tests.test_iter102_beo_orchestration.TestAnalytics" name="test_menu_analytics" time="0.143" /><testcase classname="backend.tests.test_iter102_beo_orchestration.TestAnalytics" name="test_master_accounts" time="0.138" /><testcase classname="backend.tests.test_iter102_beo_orchestration.TestDashboard" name="test_beo_dashboard" time="0.131" /><testcase classname="backend.tests.test_iter102_beo_orchestration.TestRegressionOpsPulse" name="test_ops_pulse_12_departments" time="0.181" /><testcase classname="backend.tests.test_iter102_beo_orchestration.TestRegressionFinancialOps" name="test_financial_ops_full_cycle" time="0.672" /><testcase classname="backend.tests.test_iter102_beo_orchestration.TestBEOSequentialNumbering" name="test_create_second_beo_increments_number" time="0.271" /><testcase classname="backend.tests.test_iter102_beo_orchestration.TestCascadeDetails" name="test_equipment_pull_sheet_items" time="0.132" /></testsuite></testsuites>