<?xml version="1.0" encoding="utf-8"?><testsuites name="pytest tests"><testsuite name="pytest" errors="0" failures="0" skipped="0" tests="25" time="5.622" timestamp="2026-04-19T22:42:05.003860+00:00" hostname="agent-env-0d514397-b02f-409d-829a-33424537802f"><testcase classname="backend.tests.test_iter186_refactor_celebration_briefing_autopush.TestGuestConciergeRegression" name="test_session_endpoint" time="0.365" /><testcase classname="backend.tests.test_iter186_refactor_celebration_briefing_autopush.TestGuestConciergeRegression" name="test_venues_endpoint" time="0.138" /><testcase classname="backend.tests.test_iter186_refactor_celebration_briefing_autopush.TestGuestConciergeRegression" name="test_nearby_endpoint" time="0.139" /><testcase classname="backend.tests.test_iter186_refactor_celebration_briefing_autopush.TestGuestConciergeRegression" name="test_requests_endpoint" time="0.115" /><testcase classname="backend.tests.test_iter186_refactor_celebration_briefing_autopush.TestGuestConciergeRegression" name="test_ird_menu_endpoint" time="0.151" /><testcase classname="backend.tests.test_iter186_refactor_celebration_briefing_autopush.TestGuestConciergeRegression" name="test_vip_addons_endpoint" time="0.116" /><testcase classname="backend.tests.test_iter186_refactor_celebration_briefing_autopush.TestGuestConciergeRegression" name="test_weather_alternatives_endpoint" time="0.158" /><testcase classname="backend.tests.test_iter186_refactor_celebration_briefing_autopush.TestCelebrationNudge" name="test_suggest_anniversary_william" time="0.145" /><testcase classname="backend.tests.test_iter186_refactor_celebration_briefing_autopush.TestCelebrationNudge" name="test_suggest_birthday_santos" time="0.297" /><testcase classname="backend.tests.test_iter186_refactor_celebration_briefing_autopush.TestCelebrationNudge" name="test_suggest_no_celebration_okafor" time="0.255" /><testcase classname="backend.tests.test_iter186_refactor_celebration_briefing_autopush.TestCelebrationNudge" name="test_suggest_returns_guest_tier" time="0.123" /><testcase classname="backend.tests.test_iter186_refactor_celebration_briefing_autopush.TestCelebrationNudge" name="test_suggest_requires_auth" time="0.163" /><testcase classname="backend.tests.test_iter186_refactor_celebration_briefing_autopush.TestDailyBriefingAdmin" name="test_mint_requires_admin_token" time="0.142" /><testcase classname="backend.tests.test_iter186_refactor_celebration_briefing_autopush.TestDailyBriefingAdmin" name="test_mint_success" time="0.122" /><testcase classname="backend.tests.test_iter186_refactor_celebration_briefing_autopush.TestDailyBriefingAdmin" name="test_tokens_list_requires_admin" time="0.111" /><testcase classname="backend.tests.test_iter186_refactor_celebration_briefing_autopush.TestDailyBriefingAdmin" name="test_tokens_list_success" time="0.114" /><testcase classname="backend.tests.test_iter186_refactor_celebration_briefing_autopush.TestDailyBriefingAdmin" name="test_revoke_requires_admin" time="0.122" /><testcase classname="backend.tests.test_iter186_refactor_celebration_briefing_autopush.TestDailyBriefingAdmin" name="test_mint_and_revoke_flow" time="0.622" /><testcase classname="backend.tests.test_iter186_refactor_celebration_briefing_autopush.TestDailyBriefingAdmin" name="test_session_with_valid_token" time="0.239" /><testcase classname="backend.tests.test_iter186_refactor_celebration_briefing_autopush.TestDailyBriefingAdmin" name="test_session_without_token" time="0.135" /><testcase classname="backend.tests.test_iter186_refactor_celebration_briefing_autopush.TestDailyBriefingAdmin" name="test_today_with_valid_token" time="0.274" /><testcase classname="backend.tests.test_iter186_refactor_celebration_briefing_autopush.TestAutoPushOnStandupSend" name="test_standup_send_returns_mobile_push" time="0.374" /><testcase classname="backend.tests.test_iter186_refactor_celebration_briefing_autopush.TestAutoPushOnStandupSend" name="test_standup_send_creates_push_log_entries" time="0.254" /><testcase classname="backend.tests.test_iter186_refactor_celebration_briefing_autopush.TestTokenListSafety" name="test_revoked_tokens_visible_in_list" time="0.406" /><testcase classname="backend.tests.test_iter186_refactor_celebration_briefing_autopush.TestTokenListSafety" name="test_revoked_token_cannot_access_session" time="0.409" /></testsuite></testsuites>