<?xml version="1.0" encoding="utf-8"?><testsuites name="pytest tests"><testsuite name="pytest" errors="0" failures="0" skipped="0" tests="27" time="6.298" timestamp="2026-04-11T18:05:39.960900+00:00" hostname="agent-env-0d514397-b02f-409d-829a-33424537802f"><testcase classname="backend.tests.test_iteration53_layers45_engines.TestCollectiveIntelligence" name="test_collective_status" time="0.181" /><testcase classname="backend.tests.test_iteration53_layers45_engines.TestCollectiveIntelligence" name="test_collective_enable_settings" time="0.116" /><testcase classname="backend.tests.test_iteration53_layers45_engines.TestCollectiveIntelligence" name="test_collective_contribute_patterns" time="0.129" /><testcase classname="backend.tests.test_iteration53_layers45_engines.TestCollectiveIntelligence" name="test_collective_get_patterns" time="0.104" /><testcase classname="backend.tests.test_iteration53_layers45_engines.TestCollectiveIntelligence" name="test_collective_insights" time="0.121" /><testcase classname="backend.tests.test_iteration53_layers45_engines.TestCollectiveIntelligence" name="test_collective_audit" time="0.105" /><testcase classname="backend.tests.test_iteration53_layers45_engines.TestSimulationEngine" name="test_simulation_templates" time="0.120" /><testcase classname="backend.tests.test_iteration53_layers45_engines.TestSimulationEngine" name="test_simulation_run_banquet_change" time="2.045" /><testcase classname="backend.tests.test_iteration53_layers45_engines.TestSimulationEngine" name="test_simulation_forecast" time="0.108" /><testcase classname="backend.tests.test_iteration53_layers45_engines.TestSimulationEngine" name="test_simulation_history" time="0.105" /><testcase classname="backend.tests.test_iteration53_layers45_engines.TestAdaptiveIntelligence" name="test_adaptive_accuracy" time="0.125" /><testcase classname="backend.tests.test_iteration53_layers45_engines.TestAdaptiveIntelligence" name="test_adaptive_calibrate" time="0.127" /><testcase classname="backend.tests.test_iteration53_layers45_engines.TestAdaptiveIntelligence" name="test_adaptive_override" time="0.123" /><testcase classname="backend.tests.test_iteration53_layers45_engines.TestAdaptiveIntelligence" name="test_adaptive_insights" time="0.107" /><testcase classname="backend.tests.test_iteration53_layers45_engines.TestAdaptiveIntelligence" name="test_adaptive_feedback_summary" time="0.124" /><testcase classname="backend.tests.test_iteration53_layers45_engines.TestRippleEngine" name="test_ripple_triggers" time="0.105" /><testcase classname="backend.tests.test_iteration53_layers45_engines.TestRippleEngine" name="test_ripple_propagate_cover_change" time="0.119" /><testcase classname="backend.tests.test_iteration53_layers45_engines.TestGovernanceEngine" name="test_governance_authority_matrix" time="0.118" /><testcase classname="backend.tests.test_iteration53_layers45_engines.TestGovernanceEngine" name="test_governance_check_authority_denied" time="0.135" /><testcase classname="backend.tests.test_iteration53_layers45_engines.TestGovernanceEngine" name="test_governance_check_threshold_warning" time="0.105" /><testcase classname="backend.tests.test_iteration53_layers45_engines.TestGovernanceEngine" name="test_governance_compliance_audit" time="0.148" /><testcase classname="backend.tests.test_iteration53_layers45_engines.TestGovernanceEngine" name="test_governance_request_approval" time="0.123" /><testcase classname="backend.tests.test_iteration53_layers45_engines.TestDigitalTwin" name="test_twin_subsystems" time="0.109" /><testcase classname="backend.tests.test_iteration53_layers45_engines.TestDigitalTwin" name="test_twin_full_state" time="0.121" /><testcase classname="backend.tests.test_iteration53_layers45_engines.TestDigitalTwin" name="test_twin_kitchen_state" time="0.108" /><testcase classname="backend.tests.test_iteration53_layers45_engines.TestDigitalTwin" name="test_twin_stress_test" time="0.115" /><testcase classname="backend.tests.test_iteration53_layers45_engines.TestEchoAi3ThinkEndpoint" name="test_think_endpoint" time="1.120" /></testsuite></testsuites>