<?xml version="1.0" encoding="utf-8"?><testsuites name="pytest tests"><testsuite name="pytest" errors="0" failures="0" skipped="0" tests="17" time="32.171" timestamp="2026-04-10T15:20:49.143539+00:00" hostname="agent-env-0d514397-b02f-409d-829a-33424537802f"><testcase classname="backend.tests.test_iteration41_purchasing_eventbrief.TestPurchasingDashboard" name="test_dashboard_returns_200" time="0.150" /><testcase classname="backend.tests.test_iteration41_purchasing_eventbrief.TestPurchasingVendors" name="test_list_vendors_returns_200" time="0.090" /><testcase classname="backend.tests.test_iteration41_purchasing_eventbrief.TestPurchasingVendors" name="test_create_vendor" time="0.106" /><testcase classname="backend.tests.test_iteration41_purchasing_eventbrief.TestPurchasingOrders" name="test_list_orders_returns_200" time="0.051" /><testcase classname="backend.tests.test_iteration41_purchasing_eventbrief.TestPurchasingOrders" name="test_create_purchase_order" time="0.046" /><testcase classname="backend.tests.test_iteration41_purchasing_eventbrief.TestPurchasingReceiving" name="test_receive_delivery" time="0.061" /><testcase classname="backend.tests.test_iteration41_purchasing_eventbrief.TestPurchasingReceiving" name="test_get_receiving_log" time="0.050" /><testcase classname="backend.tests.test_iteration41_purchasing_eventbrief.TestPurchasingGLCodes" name="test_list_gl_codes_returns_200" time="0.096" /><testcase classname="backend.tests.test_iteration41_purchasing_eventbrief.TestPurchasingGLCodes" name="test_create_gl_code" time="0.060" /><testcase classname="backend.tests.test_iteration41_purchasing_eventbrief.TestPurchasingInvoiceScans" name="test_log_invoice_scan" time="0.061" /><testcase classname="backend.tests.test_iteration41_purchasing_eventbrief.TestPurchasingInvoiceScans" name="test_list_invoice_scans" time="0.050" /><testcase classname="backend.tests.test_iteration41_purchasing_eventbrief.TestEventBriefGenerate" name="test_generate_event_brief" time="11.419" /><testcase classname="backend.tests.test_iteration41_purchasing_eventbrief.TestEventBriefCRUD" name="test_list_briefs" time="0.106" /><testcase classname="backend.tests.test_iteration41_purchasing_eventbrief.TestEventBriefCRUD" name="test_get_brief_by_id" time="19.142" /><testcase classname="backend.tests.test_iteration41_purchasing_eventbrief.TestEventBriefCRUD" name="test_update_brief_status" time="0.150" /><testcase classname="backend.tests.test_iteration41_purchasing_eventbrief.TestInvoiceOCR" name="test_match_po_endpoint" time="0.096" /><testcase classname="backend.tests.test_iteration41_purchasing_eventbrief.TestSidebarIntegration" name="test_purchasing_hub_endpoint_exists" time="0.320" /></testsuite></testsuites>