<?xml version="1.0" encoding="utf-8"?><testsuites name="pytest tests"><testsuite name="pytest" errors="0" failures="0" skipped="0" tests="25" time="4.825" timestamp="2026-04-17T15:20:46.400506+00:00" hostname="agent-env-0d514397-b02f-409d-829a-33424537802f"><testcase classname="backend.tests.test_iter137_production_schedules.TestProductionSchedulesSeedReset" name="test_seed_reset" time="0.233" /><testcase classname="backend.tests.test_iter137_production_schedules.TestProductionSchedulesSummary" name="test_summary_structure" time="0.235" /><testcase classname="backend.tests.test_iter137_production_schedules.TestProductionSchedulesGroupedByDay" name="test_grouped_by_day_structure" time="0.296" /><testcase classname="backend.tests.test_iter137_production_schedules.TestProductionSchedulesList" name="test_list_all" time="0.143" /><testcase classname="backend.tests.test_iter137_production_schedules.TestProductionSchedulesList" name="test_list_filter_by_kind" time="0.145" /><testcase classname="backend.tests.test_iter137_production_schedules.TestProductionSchedulesList" name="test_list_filter_by_bucket" time="0.116" /><testcase classname="backend.tests.test_iter137_production_schedules.TestProductionSchedulesGetSingle" name="test_get_single_item" time="0.254" /><testcase classname="backend.tests.test_iter137_production_schedules.TestProductionSchedulesGetSingle" name="test_get_nonexistent_item" time="0.121" /><testcase classname="backend.tests.test_iter137_production_schedules.TestProductionSchedulesCreate" name="test_create_new_reminder" time="0.241" /><testcase classname="backend.tests.test_iter137_production_schedules.TestProductionSchedulesAcknowledge" name="test_acknowledge_single" time="0.794" /><testcase classname="backend.tests.test_iter137_production_schedules.TestProductionSchedulesAcknowledge" name="test_acknowledge_nonexistent" time="0.111" /><testcase classname="backend.tests.test_iter137_production_schedules.TestProductionSchedulesAcknowledge" name="test_acknowledge_all" time="0.396" /><testcase classname="backend.tests.test_iter137_production_schedules.TestAdvancedCakeTools" name="test_advanced_tools_returns_10" time="0.114" /><testcase classname="backend.tests.test_iter137_production_schedules.TestAdvancedCakeTools" name="test_advanced_tools_structure" time="0.127" /><testcase classname="backend.tests.test_iter137_production_schedules.TestAdvancedCakeTools" name="test_advanced_tools_filter_by_category" time="0.125" /><testcase classname="backend.tests.test_iter137_production_schedules.TestAdvancedCakeTools" name="test_airbrush_tool_has_ui_field" time="0.133" /><testcase classname="backend.tests.test_iter137_production_schedules.TestAirbrushNozzles" name="test_airbrush_nozzles_returns_4" time="0.143" /><testcase classname="backend.tests.test_iter137_production_schedules.TestAirbrushNozzles" name="test_airbrush_nozzles_structure" time="0.108" /><testcase classname="backend.tests.test_iter137_production_schedules.TestCakeAssetsRegression" name="test_textures_15" time="0.111" /><testcase classname="backend.tests.test_iter137_production_schedules.TestCakeAssetsRegression" name="test_piping_12" time="0.112" /><testcase classname="backend.tests.test_iter137_production_schedules.TestCakeAssetsRegression" name="test_flowers_8" time="0.122" /><testcase classname="backend.tests.test_iter137_production_schedules.TestCakeAssetsRegression" name="test_templates" time="0.155" /><testcase classname="backend.tests.test_iter137_production_schedules.TestCakeAssetsRegression" name="test_stands_10" time="0.114" /><testcase classname="backend.tests.test_iter137_production_schedules.TestCakeAssetsRegression" name="test_order_creation_with_costing" time="0.125" /><testcase classname="backend.tests.test_iter137_production_schedules.TestCleanup" name="test_cleanup_and_reset" time="0.125" /></testsuite></testsuites>