<?xml version="1.0" encoding="utf-8"?><testsuites name="pytest tests"><testsuite name="pytest" errors="0" failures="0" skipped="0" tests="16" time="4.428" timestamp="2026-04-25T21:20:37.893799+00:00" hostname="agent-env-0d514397-b02f-409d-829a-33424537802f"><testcase classname="backend.tests.test_iter250_jwt_auth.TestJWTAuthLogin" name="test_admin_login_success" time="0.416" /><testcase classname="backend.tests.test_iter250_jwt_auth.TestJWTAuthLogin" name="test_admin_login_wrong_password" time="0.364" /><testcase classname="backend.tests.test_iter250_jwt_auth.TestJWTAuthLogin" name="test_staff_login_success" time="0.330" /><testcase classname="backend.tests.test_iter250_jwt_auth.TestJWTAuthMe" name="test_me_with_cookies" time="0.420" /><testcase classname="backend.tests.test_iter250_jwt_auth.TestJWTAuthMe" name="test_me_without_cookies" time="0.115" /><testcase classname="backend.tests.test_iter250_jwt_auth.TestJWTAuthLogout" name="test_logout_clears_cookies" time="0.466" /><testcase classname="backend.tests.test_iter250_jwt_auth.TestJWTAuthRefresh" name="test_refresh_returns_new_access" time="0.392" /><testcase classname="backend.tests.test_iter250_jwt_auth.TestJWTAuthRefresh" name="test_refresh_without_cookie" time="0.121" /><testcase classname="backend.tests.test_iter250_jwt_auth.TestJWTAuthForgotPassword" name="test_forgot_password_always_returns_ok" time="0.251" /><testcase classname="backend.tests.test_iter250_jwt_auth.TestJWTAuthBruteForce" name="test_brute_force_lockout" time="0.746" /><testcase classname="backend.tests.test_iter250_jwt_auth.TestJWTAuthResetPassword" name="test_reset_password_invalid_token" time="0.108" /><testcase classname="backend.tests.test_iter250_jwt_auth.TestAICoverageFinder" name="test_suggest_coverage_returns_candidates" time="0.115" /><testcase classname="backend.tests.test_iter250_jwt_auth.TestAICoverageFinder" name="test_suggest_coverage_sorted_by_score" time="0.123" /><testcase classname="backend.tests.test_iter250_jwt_auth.TestDevBypass" name="test_dev_bypass_query_param" time="0.111" /><testcase classname="backend.tests.test_iter250_jwt_auth.TestDevBypass" name="test_dev_bypass_header" time="0.138" /><testcase classname="backend.tests.test_iter250_jwt_auth.TestExistingGoogleAuth" name="test_google_auth_me_endpoint_exists" time="0.107" /></testsuite></testsuites>