<?xml version="1.0" encoding="utf-8"?><testsuites name="pytest tests"><testsuite name="pytest" errors="0" failures="1" skipped="0" tests="17" time="3.215" timestamp="2026-04-18T02:49:54.422810+00:00" hostname="agent-env-0d514397-b02f-409d-829a-33424537802f"><testcase classname="backend.tests.test_iter153_cake_viewer_phase_a.TestTemplatesIter153" name="test_list_templates_returns_9" time="0.211" /><testcase classname="backend.tests.test_iter153_cake_viewer_phase_a.TestTemplatesIter153" name="test_dinosaur_adventure_template" time="0.158" /><testcase classname="backend.tests.test_iter153_cake_viewer_phase_a.TestTemplatesIter153" name="test_unicorn_magic_template" time="0.121" /><testcase classname="backend.tests.test_iter153_cake_viewer_phase_a.TestTemplatesIter153" name="test_princess_castle_template" time="0.139" /><testcase classname="backend.tests.test_iter153_cake_viewer_phase_a.TestTemplatesIter153" name="test_rainbow_sprinkle_template" time="0.120" /><testcase classname="backend.tests.test_iter153_cake_viewer_phase_a.TestTemplatesIter153" name="test_number_birthday_template" time="0.153" /><testcase classname="backend.tests.test_iter153_cake_viewer_phase_a.TestSessionsWithIter153Features" name="test_create_session_with_heart_shape" time="0.156"><failure message="AssertionError: assert None == 'heart'&#10; +  where None = &lt;built-in method get of dict object at 0xfb9a5757a900&gt;('shape')&#10; +    where &lt;built-in method get of dict object at 0xfb9a5757a900&gt; = {'color': '#ffc0cb', 'fillings': None, 'finish': 'fondant', 'height': 0.55, ...}.get">backend/tests/test_iter153_cake_viewer_phase_a.py:216: in test_create_session_with_heart_shape
    assert session["tiers"][0].get("shape") == "heart"
E   AssertionError: assert None == 'heart'
E    +  where None = &lt;built-in method get of dict object at 0xfb9a5757a900&gt;('shape')
E    +    where &lt;built-in method get of dict object at 0xfb9a5757a900&gt; = {'color': '#ffc0cb', 'fillings': None, 'finish': 'fondant', 'height': 0.55, ...}.get</failure></testcase><testcase classname="backend.tests.test_iter153_cake_viewer_phase_a.TestSessionsWithIter153Features" name="test_create_session_with_mad_hatter_taper" time="0.149" /><testcase classname="backend.tests.test_iter153_cake_viewer_phase_a.TestSessionsWithIter153Features" name="test_create_session_with_topsy_turvy_wave" time="0.108" /><testcase classname="backend.tests.test_iter153_cake_viewer_phase_a.TestSessionsWithIter153Features" name="test_create_session_with_piping" time="0.109" /><testcase classname="backend.tests.test_iter153_cake_viewer_phase_a.TestSessionsWithIter153Features" name="test_create_session_with_new_topper_kinds" time="0.116" /><testcase classname="backend.tests.test_iter153_cake_viewer_phase_a.TestSessionsCRUDRegression" name="test_create_session" time="0.143" /><testcase classname="backend.tests.test_iter153_cake_viewer_phase_a.TestSessionsCRUDRegression" name="test_get_session" time="0.110" /><testcase classname="backend.tests.test_iter153_cake_viewer_phase_a.TestSessionsCRUDRegression" name="test_update_session" time="0.238" /><testcase classname="backend.tests.test_iter153_cake_viewer_phase_a.TestSessionsCRUDRegression" name="test_list_sessions" time="0.116" /><testcase classname="backend.tests.test_iter153_cake_viewer_phase_a.TestSessionsCRUDRegression" name="test_delete_session" time="0.217" /><testcase classname="backend.tests.test_iter153_cake_viewer_phase_a.TestCleanup" name="test_cleanup_test_sessions" time="0.704" /></testsuite></testsuites>