<?xml version="1.0" encoding="utf-8"?><testsuites name="pytest tests"><testsuite name="pytest" errors="0" failures="0" skipped="0" tests="22" time="5.593" timestamp="2026-04-10T12:51:33.404310+00:00" hostname="agent-env-0d514397-b02f-409d-829a-33424537802f"><testcase classname="backend.tests.test_iteration36_cafeteria.TestCafeteriaOverview" name="test_overview_returns_kb_loaded" time="0.221" /><testcase classname="backend.tests.test_iteration36_cafeteria.TestCafeteriaOverview" name="test_overview_returns_locations_list" time="0.121" /><testcase classname="backend.tests.test_iteration36_cafeteria.TestCafeteriaOverview" name="test_overview_returns_today_stats" time="0.118" /><testcase classname="backend.tests.test_iteration36_cafeteria.TestCafeteriaLocations" name="test_list_locations" time="0.134" /><testcase classname="backend.tests.test_iteration36_cafeteria.TestCafeteriaLocations" name="test_create_location_valid_mode" time="0.134" /><testcase classname="backend.tests.test_iteration36_cafeteria.TestCafeteriaLocations" name="test_create_location_invalid_mode" time="0.140" /><testcase classname="backend.tests.test_iteration36_cafeteria.TestCafeteriaLocations" name="test_created_location_appears_in_list" time="0.116" /><testcase classname="backend.tests.test_iteration36_cafeteria.TestCafeteriaMealPeriods" name="test_create_meal_period" time="0.237" /><testcase classname="backend.tests.test_iteration36_cafeteria.TestCafeteriaMealPeriods" name="test_list_meal_periods" time="0.228" /><testcase classname="backend.tests.test_iteration36_cafeteria.TestCafeteriaMealPeriods" name="test_list_meal_periods_with_location_filter" time="0.268" /><testcase classname="backend.tests.test_iteration36_cafeteria.TestCafeteriaMenus" name="test_create_menu_with_items" time="0.232" /><testcase classname="backend.tests.test_iteration36_cafeteria.TestCafeteriaMenus" name="test_list_menus" time="0.220" /><testcase classname="backend.tests.test_iteration36_cafeteria.TestCafeteriaMenus" name="test_list_menus_with_location_filter" time="0.226" /><testcase classname="backend.tests.test_iteration36_cafeteria.TestCafeteriaTransactions" name="test_record_transaction" time="1.277" /><testcase classname="backend.tests.test_iteration36_cafeteria.TestCafeteriaTransactions" name="test_transaction_summary" time="0.214" /><testcase classname="backend.tests.test_iteration36_cafeteria.TestCafeteriaTransactions" name="test_transaction_summary_with_location_filter" time="0.215" /><testcase classname="backend.tests.test_iteration36_cafeteria.TestCafeteriaWaste" name="test_log_waste" time="0.228" /><testcase classname="backend.tests.test_iteration36_cafeteria.TestCafeteriaWaste" name="test_waste_summary" time="0.236" /><testcase classname="backend.tests.test_iteration36_cafeteria.TestCafeteriaWaste" name="test_waste_summary_with_location_filter" time="0.218" /><testcase classname="backend.tests.test_iteration36_cafeteria.TestCafeteriaKPIs" name="test_kpis_returns_mode_specific_data" time="0.267" /><testcase classname="backend.tests.test_iteration36_cafeteria.TestCafeteriaKPIs" name="test_kpis_nonexistent_location_returns_404" time="0.289" /><testcase classname="backend.tests.test_iteration36_cafeteria.TestCrossPropertyDashboard" name="test_cross_property_dashboard_endpoint" time="0.112" /></testsuite></testsuites>