<?xml version="1.0" encoding="utf-8"?><testsuites name="pytest tests"><testsuite name="pytest" errors="0" failures="0" skipped="0" tests="27" time="4.741" timestamp="2026-04-15T13:59:52.491128+00:00" hostname="agent-env-0d514397-b02f-409d-829a-33424537802f"><testcase classname="backend.tests.test_iteration83_guest_intelligence.TestGuestIntelligenceDashboard" name="test_dashboard_returns_kpis" time="0.271" /><testcase classname="backend.tests.test_iteration83_guest_intelligence.TestGuestIntelligenceDashboard" name="test_dashboard_top_guests_structure" time="0.163" /><testcase classname="backend.tests.test_iteration83_guest_intelligence.TestGuestProfileLookup" name="test_profile_by_room_number_412" time="0.115" /><testcase classname="backend.tests.test_iteration83_guest_intelligence.TestGuestProfileLookup" name="test_profile_by_room_number_501" time="0.126" /><testcase classname="backend.tests.test_iteration83_guest_intelligence.TestGuestProfileLookup" name="test_profile_includes_spend_breakdown" time="0.161" /><testcase classname="backend.tests.test_iteration83_guest_intelligence.TestGuestProfileLookup" name="test_profile_includes_amenity_history" time="0.172" /><testcase classname="backend.tests.test_iteration83_guest_intelligence.TestGuestProfileLookup" name="test_profile_includes_payment_methods" time="0.174" /><testcase classname="backend.tests.test_iteration83_guest_intelligence.TestGuestProfileLookup" name="test_profile_not_found" time="0.161" /><testcase classname="backend.tests.test_iteration83_guest_intelligence.TestGuestSearch" name="test_search_by_name_smith" time="0.160" /><testcase classname="backend.tests.test_iteration83_guest_intelligence.TestGuestSearch" name="test_search_by_room_key_id" time="0.160" /><testcase classname="backend.tests.test_iteration83_guest_intelligence.TestGuestSearch" name="test_search_by_email" time="0.120" /><testcase classname="backend.tests.test_iteration83_guest_intelligence.TestGuestSearch" name="test_search_by_loyalty_number" time="0.114" /><testcase classname="backend.tests.test_iteration83_guest_intelligence.TestAmenitySuggestions" name="test_suggestions_for_tree_nut_allergy" time="0.280" /><testcase classname="backend.tests.test_iteration83_guest_intelligence.TestAmenitySuggestions" name="test_suggestions_for_vegan_dairy_allergy" time="0.222" /><testcase classname="backend.tests.test_iteration83_guest_intelligence.TestAmenitySuggestions" name="test_suggestions_exclude_recent_amenities" time="0.257" /><testcase classname="backend.tests.test_iteration83_guest_intelligence.TestAmenityDelivery" name="test_log_amenity_delivery" time="0.240" /><testcase classname="backend.tests.test_iteration83_guest_intelligence.TestSpendTracking" name="test_spend_by_room_412" time="0.115" /><testcase classname="backend.tests.test_iteration83_guest_intelligence.TestAllergenUpdates" name="test_update_allergens" time="0.251" /><testcase classname="backend.tests.test_iteration83_guest_intelligence.TestSpecialRequests" name="test_create_special_request" time="0.278" /><testcase classname="backend.tests.test_iteration83_guest_intelligence.TestSpecialRequests" name="test_list_special_requests" time="0.151" /><testcase classname="backend.tests.test_iteration83_guest_intelligence.TestExistingAPIsStillWork" name="test_health_endpoint" time="0.118" /><testcase classname="backend.tests.test_iteration83_guest_intelligence.TestExistingAPIsStillWork" name="test_housekeeping_dashboard" time="0.149" /><testcase classname="backend.tests.test_iteration83_guest_intelligence.TestExistingAPIsStillWork" name="test_ird_dashboard" time="0.173" /><testcase classname="backend.tests.test_iteration83_guest_intelligence.TestExistingAPIsStillWork" name="test_spa_dashboard" time="0.131" /><testcase classname="backend.tests.test_iteration83_guest_intelligence.TestExistingAPIsStillWork" name="test_concierge_dashboard" time="0.105" /><testcase classname="backend.tests.test_iteration83_guest_intelligence.TestExistingAPIsStillWork" name="test_email_status" time="0.123" /><testcase classname="backend.tests.test_iteration83_guest_intelligence.TestExistingAPIsStillWork" name="test_guest_order_auth" time="0.121" /></testsuite></testsuites>