<?xml version="1.0" encoding="utf-8"?><testsuites name="pytest tests"><testsuite name="pytest" errors="0" failures="0" skipped="0" tests="13" time="1.577" timestamp="2026-04-17T03:52:48.474233+00:00" hostname="agent-env-0d514397-b02f-409d-829a-33424537802f"><testcase classname="tests.test_weather_iteration_124.TestWeatherCurrentEndpoint" name="test_weather_current_returns_200" time="0.157" /><testcase classname="tests.test_weather_iteration_124.TestWeatherCurrentEndpoint" name="test_weather_current_has_live_source" time="0.105" /><testcase classname="tests.test_weather_iteration_124.TestWeatherCurrentEndpoint" name="test_weather_current_has_required_fields" time="0.109" /><testcase classname="tests.test_weather_iteration_124.TestWeatherForecastEndpoint" name="test_weather_forecast_returns_200" time="0.105" /><testcase classname="tests.test_weather_iteration_124.TestWeatherForecastEndpoint" name="test_weather_forecast_has_required_fields" time="0.107" /><testcase classname="tests.test_weather_iteration_124.TestWeatherForecastEndpoint" name="test_weather_forecast_returns_correct_days" time="0.103" /><testcase classname="tests.test_weather_iteration_124.TestWeatherDemandImpactEndpoint" name="test_demand_impact_returns_200" time="0.147" /><testcase classname="tests.test_weather_iteration_124.TestWeatherDemandImpactEndpoint" name="test_demand_impact_has_required_fields" time="0.109" /><testcase classname="tests.test_weather_iteration_124.TestWeatherDemandImpactEndpoint" name="test_demand_impact_has_avg_modifier" time="0.112" /><testcase classname="tests.test_weather_iteration_124.TestWeatherOpsForecastOverlayEndpoint" name="test_ops_forecast_overlay_returns_200" time="0.106" /><testcase classname="tests.test_weather_iteration_124.TestWeatherOpsForecastOverlayEndpoint" name="test_ops_forecast_overlay_has_weather_by_date" time="0.105" /><testcase classname="tests.test_weather_iteration_124.TestWeatherOpsForecastOverlayEndpoint" name="test_ops_forecast_overlay_has_all_impact_fields" time="0.117" /><testcase classname="tests.test_weather_iteration_124.TestWeatherOpsForecastOverlayEndpoint" name="test_ops_forecast_overlay_has_available_dates" time="0.114" /></testsuite></testsuites>