<?xml version="1.0" encoding="utf-8"?><testsuites name="pytest tests"><testsuite name="pytest" errors="0" failures="0" skipped="0" tests="11" time="17.144" timestamp="2026-04-12T15:49:46.973942+00:00" hostname="agent-env-0d514397-b02f-409d-829a-33424537802f"><testcase classname="backend.tests.test_iteration54_branch_explorer.TestBranchExplorerEndpoints" name="test_run_branch_with_three_steps" time="1.543" /><testcase classname="backend.tests.test_iteration54_branch_explorer.TestBranchExplorerEndpoints" name="test_compounding_effects" time="2.204" /><testcase classname="backend.tests.test_iteration54_branch_explorer.TestBranchExplorerEndpoints" name="test_summary_verdict_and_ebitda" time="1.683" /><testcase classname="backend.tests.test_iteration54_branch_explorer.TestBranchExplorerEndpoints" name="test_nodes_structure" time="1.673" /><testcase classname="backend.tests.test_iteration54_branch_explorer.TestBranchExplorerEndpoints" name="test_list_branches" time="0.158" /><testcase classname="backend.tests.test_iteration54_branch_explorer.TestBranchExplorerEndpoints" name="test_get_specific_branch" time="2.194" /><testcase classname="backend.tests.test_iteration54_branch_explorer.TestBranchExplorerEndpoints" name="test_error_empty_steps" time="0.110" /><testcase classname="backend.tests.test_iteration54_branch_explorer.TestBranchExplorerEndpoints" name="test_error_unknown_scenario_type" time="1.237" /><testcase classname="backend.tests.test_iteration54_branch_explorer.TestBranchExplorerEndpoints" name="test_all_scenario_types" time="1.602" /><testcase classname="backend.tests.test_iteration54_branch_explorer.TestBranchExplorerEndpoints" name="test_narrative_generation" time="1.517" /><testcase classname="backend.tests.test_iteration54_branch_explorer.TestBranchExplorerIntegration" name="test_branch_uses_same_baseline_as_simulation" time="3.125" /></testsuite></testsuites>