<?xml version="1.0" encoding="utf-8"?><testsuites name="pytest tests"><testsuite name="pytest" errors="0" failures="0" skipped="0" tests="41" time="5.282" timestamp="2026-04-15T18:32:32.598636+00:00" hostname="agent-env-0d514397-b02f-409d-829a-33424537802f"><testcase classname="backend.tests.test_iteration86_daily_reports_live_mongodb.TestGMFlashLiveMongoDB" name="test_gm_flash_returns_200" time="0.143" /><testcase classname="backend.tests.test_iteration86_daily_reports_live_mongodb.TestGMFlashLiveMongoDB" name="test_gm_flash_data_source_is_live_mongodb" time="0.120" /><testcase classname="backend.tests.test_iteration86_daily_reports_live_mongodb.TestGMFlashLiveMongoDB" name="test_gm_flash_rooms_sold_matches_hk_rooms_occupied" time="0.141" /><testcase classname="backend.tests.test_iteration86_daily_reports_live_mongodb.TestGMFlashLiveMongoDB" name="test_gm_flash_total_rooms_matches_hk_rooms_count" time="0.119" /><testcase classname="backend.tests.test_iteration86_daily_reports_live_mongodb.TestGMFlashLiveMongoDB" name="test_gm_flash_fb_revenue_includes_real_ird_orders" time="0.153" /><testcase classname="backend.tests.test_iteration86_daily_reports_live_mongodb.TestGMFlashLiveMongoDB" name="test_gm_flash_spa_revenue_from_real_spa_appointments" time="0.126" /><testcase classname="backend.tests.test_iteration86_daily_reports_live_mongodb.TestGMFlashLiveMongoDB" name="test_gm_flash_vip_in_house_from_real_guest_intelligence" time="0.119" /><testcase classname="backend.tests.test_iteration86_daily_reports_live_mongodb.TestGMFlashLiveMongoDB" name="test_gm_flash_vip_notes_include_allergens" time="0.132" /><testcase classname="backend.tests.test_iteration86_daily_reports_live_mongodb.TestGMFlashLiveMongoDB" name="test_gm_flash_open_issues_from_real_tickets" time="0.121" /><testcase classname="backend.tests.test_iteration86_daily_reports_live_mongodb.TestGMFlashLiveMongoDB" name="test_gm_flash_variance_calculations_present" time="0.120" /><testcase classname="backend.tests.test_iteration86_daily_reports_live_mongodb.TestGMFlashLiveMongoDB" name="test_gm_flash_comp_set_penetration_index_above_100" time="0.114" /><testcase classname="backend.tests.test_iteration86_daily_reports_live_mongodb.TestGMFlashLiveMongoDB" name="test_gm_flash_departments_include_real_revenue" time="0.134" /><testcase classname="backend.tests.test_iteration86_daily_reports_live_mongodb.TestChefDailyLiveMongoDB" name="test_chef_daily_returns_200" time="0.116" /><testcase classname="backend.tests.test_iteration86_daily_reports_live_mongodb.TestChefDailyLiveMongoDB" name="test_chef_daily_data_source_is_live_mongodb" time="0.102" /><testcase classname="backend.tests.test_iteration86_daily_reports_live_mongodb.TestChefDailyLiveMongoDB" name="test_chef_daily_ird_revenue_from_real_orders" time="0.115" /><testcase classname="backend.tests.test_iteration86_daily_reports_live_mongodb.TestChefDailyLiveMongoDB" name="test_chef_daily_covers_ird_from_real_orders" time="0.124" /><testcase classname="backend.tests.test_iteration86_daily_reports_live_mongodb.TestChefDailyLiveMongoDB" name="test_chef_daily_allergen_summary_from_real_guest_intelligence" time="0.116" /><testcase classname="backend.tests.test_iteration86_daily_reports_live_mongodb.TestChefDailyLiveMongoDB" name="test_chef_daily_allergen_guests_have_correct_data" time="0.123" /><testcase classname="backend.tests.test_iteration86_daily_reports_live_mongodb.TestChefDailyLiveMongoDB" name="test_chef_daily_critical_allergens_list" time="0.121" /><testcase classname="backend.tests.test_iteration86_daily_reports_live_mongodb.TestChefDailyLiveMongoDB" name="test_chef_daily_eighty_sixed_items_present" time="0.143" /><testcase classname="backend.tests.test_iteration86_daily_reports_live_mongodb.TestChefDailyLiveMongoDB" name="test_chef_daily_cost_per_cover_calculated" time="0.126" /><testcase classname="backend.tests.test_iteration86_daily_reports_live_mongodb.TestLaborForecastLiveMongoDB" name="test_labor_forecast_returns_200" time="0.138" /><testcase classname="backend.tests.test_iteration86_daily_reports_live_mongodb.TestLaborForecastLiveMongoDB" name="test_labor_forecast_data_source_is_live_mongodb" time="0.109" /><testcase classname="backend.tests.test_iteration86_daily_reports_live_mongodb.TestLaborForecastLiveMongoDB" name="test_labor_forecast_occupancy_from_real_hk_rooms" time="0.186" /><testcase classname="backend.tests.test_iteration86_daily_reports_live_mongodb.TestLaborForecastLiveMongoDB" name="test_labor_forecast_has_6_outlets" time="0.153" /><testcase classname="backend.tests.test_iteration86_daily_reports_live_mongodb.TestLaborForecastLiveMongoDB" name="test_labor_forecast_position_level_staffing" time="0.110" /><testcase classname="backend.tests.test_iteration86_daily_reports_live_mongodb.TestLaborForecastLiveMongoDB" name="test_labor_forecast_gap_analysis" time="0.111" /><testcase classname="backend.tests.test_iteration86_daily_reports_live_mongodb.TestLaborForecastLiveMongoDB" name="test_labor_forecast_housekeeping_based_on_total_rooms" time="0.116" /><testcase classname="backend.tests.test_iteration86_daily_reports_live_mongodb.TestLaborForecastLiveMongoDB" name="test_labor_ratios_returns_200" time="0.116" /><testcase classname="backend.tests.test_iteration86_daily_reports_live_mongodb.TestLaborForecastLiveMongoDB" name="test_labor_ratios_has_all_outlets" time="0.124" /><testcase classname="backend.tests.test_iteration86_daily_reports_live_mongodb.TestRegressionAPIs" name="test_health_endpoint" time="0.122" /><testcase classname="backend.tests.test_iteration86_daily_reports_live_mongodb.TestRegressionAPIs" name="test_guest_intelligence_endpoint" time="0.114" /><testcase classname="backend.tests.test_iteration86_daily_reports_live_mongodb.TestRegressionAPIs" name="test_housekeeping_dashboard" time="0.121" /><testcase classname="backend.tests.test_iteration86_daily_reports_live_mongodb.TestRegressionAPIs" name="test_ird_orders_endpoint" time="0.134" /><testcase classname="backend.tests.test_iteration86_daily_reports_live_mongodb.TestRegressionAPIs" name="test_spa_appointments_endpoint" time="0.112" /><testcase classname="backend.tests.test_iteration86_daily_reports_live_mongodb.TestRegressionAPIs" name="test_concierge_dashboard" time="0.119" /><testcase classname="backend.tests.test_iteration86_daily_reports_live_mongodb.TestNoCompetitorReferences" name="test_gm_flash_no_alice_reference" time="0.125" /><testcase classname="backend.tests.test_iteration86_daily_reports_live_mongodb.TestNoCompetitorReferences" name="test_gm_flash_no_profitsword_reference" time="0.129" /><testcase classname="backend.tests.test_iteration86_daily_reports_live_mongodb.TestNoCompetitorReferences" name="test_chef_daily_no_alice_reference" time="0.120" /><testcase classname="backend.tests.test_iteration86_daily_reports_live_mongodb.TestNoCompetitorReferences" name="test_chef_daily_no_profitsword_reference" time="0.136" /><testcase classname="backend.tests.test_iteration86_daily_reports_live_mongodb.TestNoCompetitorReferences" name="test_labor_forecast_no_competitor_references" time="0.140" /></testsuite></testsuites>