<?xml version="1.0" encoding="utf-8"?><testsuites name="pytest tests"><testsuite name="pytest" errors="0" failures="0" skipped="0" tests="13" time="4.934" timestamp="2026-04-10T19:42:34.033361+00:00" hostname="agent-env-0d514397-b02f-409d-829a-33424537802f"><testcase classname="backend.tests.test_iteration44_echostratus.TestEchoStratusExecutive" name="test_executive_dashboard" time="0.211" /><testcase classname="backend.tests.test_iteration44_echostratus.TestEchoStratusExecutive" name="test_executive_narrative" time="3.148" /><testcase classname="backend.tests.test_iteration44_echostratus.TestEchoStratusForecast" name="test_forecast_domains" time="0.148" /><testcase classname="backend.tests.test_iteration44_echostratus.TestEchoStratusForecast" name="test_forecast_30d" time="0.134" /><testcase classname="backend.tests.test_iteration44_echostratus.TestEchoStratusForecast" name="test_forecast_7d" time="0.113" /><testcase classname="backend.tests.test_iteration44_echostratus.TestEchoStratusForecast" name="test_forecast_90d" time="0.114" /><testcase classname="backend.tests.test_iteration44_echostratus.TestEchoStratusScenarios" name="test_scenario_templates" time="0.154" /><testcase classname="backend.tests.test_iteration44_echostratus.TestEchoStratusScenarios" name="test_scenario_simulate_occupancy_drop" time="0.214" /><testcase classname="backend.tests.test_iteration44_echostratus.TestEchoStratusScenarios" name="test_scenario_simulate_price_increase" time="0.117" /><testcase classname="backend.tests.test_iteration44_echostratus.TestEchoStratusSignals" name="test_signals" time="0.112" /><testcase classname="backend.tests.test_iteration44_echostratus.TestEchoStratusRecommendations" name="test_recommendations" time="0.116" /><testcase classname="backend.tests.test_iteration44_echostratus.TestEchoStratusPortfolio" name="test_portfolio_overview" time="0.125" /><testcase classname="backend.tests.test_iteration44_echostratus.TestEchoStratusPortfolio" name="test_risk_radar" time="0.098" /></testsuite></testsuites>