<?xml version="1.0" encoding="utf-8"?><testsuites name="pytest tests"><testsuite name="pytest" errors="0" failures="0" skipped="0" tests="8" time="1.731" timestamp="2026-04-15T21:16:54.638840+00:00" hostname="agent-env-0d514397-b02f-409d-829a-33424537802f"><testcase classname="backend.tests.test_iteration93_dropdown_photo.TestPhotoUpload" name="test_upload_photo_endpoint_exists" time="0.181" /><testcase classname="backend.tests.test_iteration93_dropdown_photo.TestPhotoUpload" name="test_upload_photo_returns_valid_url" time="0.344" /><testcase classname="backend.tests.test_iteration93_dropdown_photo.TestPhotoUpload" name="test_serve_nonexistent_photo_returns_404" time="0.160" /><testcase classname="backend.tests.test_iteration93_dropdown_photo.TestGuestReportWithPhotos" name="test_guest_report_accepts_photos_array" time="0.116" /><testcase classname="backend.tests.test_iteration93_dropdown_photo.TestGuestReportWithPhotos" name="test_guest_report_with_empty_photos_array" time="0.158" /><testcase classname="backend.tests.test_iteration93_dropdown_photo.TestDropdownEndpoints" name="test_outlets_endpoint_returns_data" time="0.134" /><testcase classname="backend.tests.test_iteration93_dropdown_photo.TestDropdownEndpoints" name="test_equipment_endpoint_returns_data" time="0.174" /><testcase classname="backend.tests.test_iteration93_dropdown_photo.TestFullPhotoUploadFlow" name="test_upload_then_create_ticket_with_photo" time="0.373" /></testsuite></testsuites>