<?xml version="1.0" encoding="utf-8"?><testsuites name="pytest tests"><testsuite name="pytest" errors="0" failures="0" skipped="0" tests="14" time="1.865" timestamp="2026-04-09T03:35:56.977206+00:00" hostname="agent-env-0d514397-b02f-409d-829a-33424537802f"><testcase classname="backend.tests.test_iteration20_echolayout.TestCommandCenterAPI" name="test_command_center_returns_200" time="0.151" /><testcase classname="backend.tests.test_iteration20_echolayout.TestCommandCenterAPI" name="test_command_center_has_weather_object" time="0.136" /><testcase classname="backend.tests.test_iteration20_echolayout.TestCommandCenterAPI" name="test_labor_cost_percentage_is_realistic" time="0.122" /><testcase classname="backend.tests.test_iteration20_echolayout.TestCommandCenterAPI" name="test_pos_revenue_data_present" time="0.125" /><testcase classname="backend.tests.test_iteration20_echolayout.TestCommandCenterAPI" name="test_events_data_present" time="0.122" /><testcase classname="backend.tests.test_iteration20_echolayout.TestCommandCenterAPI" name="test_system_health_all_engines_active" time="0.130" /><testcase classname="backend.tests.test_iteration20_echolayout.TestWeatherEndpoint" name="test_weather_returns_200" time="0.109" /><testcase classname="backend.tests.test_iteration20_echolayout.TestWeatherEndpoint" name="test_weather_has_current_and_forecast" time="0.153" /><testcase classname="backend.tests.test_iteration20_echolayout.TestEchoLayoutScanRoom" name="test_scan_room_endpoint_exists" time="0.110" /><testcase classname="backend.tests.test_iteration20_echolayout.TestEchoLayoutScanRoom" name="test_scan_room_returns_valid_structure" time="0.155" /><testcase classname="backend.tests.test_iteration20_echolayout.TestHealthEndpoint" name="test_health_returns_200" time="0.106" /><testcase classname="backend.tests.test_iteration20_echolayout.TestHealthEndpoint" name="test_health_shows_engines_active" time="0.104" /><testcase classname="backend.tests.test_iteration20_echolayout.TestDashboardWidgets" name="test_ops_metrics_returns_200" time="0.132" /><testcase classname="backend.tests.test_iteration20_echolayout.TestDashboardWidgets" name="test_labor_cost_returns_200" time="0.117" /></testsuite></testsuites>