<?xml version="1.0" encoding="utf-8"?><testsuites name="pytest tests"><testsuite name="pytest" errors="0" failures="0" skipped="0" tests="16" time="2.744" timestamp="2026-04-13T22:29:25.845072+00:00" hostname="agent-env-0d514397-b02f-409d-829a-33424537802f"><testcase classname="backend.tests.test_iteration56_zaro_guardian.TestZAROGuardianStatus" name="test_guardian_status_returns_all_5_guardians" time="0.224" /><testcase classname="backend.tests.test_iteration56_zaro_guardian.TestRedPhoenixScan" name="test_red_phoenix_scan_returns_defcon_and_alerts" time="0.181" /><testcase classname="backend.tests.test_iteration56_zaro_guardian.TestSentinelIDS" name="test_sentinel_detects_sql_injection" time="0.160" /><testcase classname="backend.tests.test_iteration56_zaro_guardian.TestSentinelIDS" name="test_sentinel_returns_clean_for_safe_payload" time="0.111" /><testcase classname="backend.tests.test_iteration56_zaro_guardian.TestSentinelIDS" name="test_sentinel_detects_xss_attack" time="0.131" /><testcase classname="backend.tests.test_iteration56_zaro_guardian.TestSentinelIDS" name="test_sentinel_detects_path_traversal" time="0.161" /><testcase classname="backend.tests.test_iteration56_zaro_guardian.TestSentinelIDS" name="test_sentinel_detects_command_injection" time="0.110" /><testcase classname="backend.tests.test_iteration56_zaro_guardian.TestAegisPIIShield" name="test_aegis_detects_phone_email_ssn" time="0.114" /><testcase classname="backend.tests.test_iteration56_zaro_guardian.TestAegisPIIShield" name="test_aegis_returns_redacted_text" time="0.107" /><testcase classname="backend.tests.test_iteration56_zaro_guardian.TestAegisPIIShield" name="test_aegis_detects_credit_card" time="0.110" /><testcase classname="backend.tests.test_iteration56_zaro_guardian.TestAegisPIIShield" name="test_aegis_clean_text_no_pii" time="0.128" /><testcase classname="backend.tests.test_iteration56_zaro_guardian.TestHeimdallObservability" name="test_heimdall_returns_request_tracking_metrics" time="0.115" /><testcase classname="backend.tests.test_iteration56_zaro_guardian.TestValkyrieIncidents" name="test_incidents_list_returns_incidents" time="0.124" /><testcase classname="backend.tests.test_iteration56_zaro_guardian.TestSecurityPosture" name="test_security_posture_returns_score_grade_components" time="0.184" /><testcase classname="backend.tests.test_iteration56_zaro_guardian.TestMiddlewareIntegration" name="test_sentinel_middleware_scans_api_requests" time="0.200" /><testcase classname="backend.tests.test_iteration56_zaro_guardian.TestMiddlewareIntegration" name="test_heimdall_tracks_request_duration" time="0.474" /></testsuite></testsuites>