<?xml version="1.0" encoding="utf-8"?><testsuites name="pytest tests"><testsuite name="pytest" errors="0" failures="0" skipped="0" tests="21" time="23.784" timestamp="2026-04-18T19:09:31.555151+00:00" hostname="agent-env-0d514397-b02f-409d-829a-33424537802f"><testcase classname="backend.tests.test_iter172_standup_pdf_merge.TestStandupBoardBasics" name="test_health_check" time="0.204" /><testcase classname="backend.tests.test_iter172_standup_pdf_merge.TestStandupBoardBasics" name="test_get_today_board" time="0.134" /><testcase classname="backend.tests.test_iter172_standup_pdf_merge.TestStandupBoardBasics" name="test_get_date_board" time="0.123" /><testcase classname="backend.tests.test_iter172_standup_pdf_merge.TestStandupAutofill" name="test_autofill_populates_sections" time="0.345" /><testcase classname="backend.tests.test_iter172_standup_pdf_merge.TestPDFIngestAndPropose" name="test_ingest_pdf_extracts_text" time="0.158" /><testcase classname="backend.tests.test_iter172_standup_pdf_merge.TestPDFIngestAndPropose" name="test_propose_from_pdf_calls_claude" time="6.836" /><testcase classname="backend.tests.test_iter172_standup_pdf_merge.TestPDFIngestAndPropose" name="test_accept_merge_updates_board" time="7.244" /><testcase classname="backend.tests.test_iter172_standup_pdf_merge.TestSectionEditApproveLifecycle" name="test_edit_section" time="0.123" /><testcase classname="backend.tests.test_iter172_standup_pdf_merge.TestSectionEditApproveLifecycle" name="test_approve_section" time="0.257" /><testcase classname="backend.tests.test_iter172_standup_pdf_merge.TestPublishAndSend" name="test_publish_board" time="0.112" /><testcase classname="backend.tests.test_iter172_standup_pdf_merge.TestPublishAndSend" name="test_send_briefing_dry_run" time="0.253" /><testcase classname="backend.tests.test_iter172_standup_pdf_merge.TestConciergeV2Regression" name="test_outlets_endpoint" time="0.127" /><testcase classname="backend.tests.test_iter172_standup_pdf_merge.TestConciergeV2Regression" name="test_dining_reserve" time="0.393" /><testcase classname="backend.tests.test_iter172_standup_pdf_merge.TestConciergeV2Regression" name="test_rooms_upgrades" time="0.114" /><testcase classname="backend.tests.test_iter172_standup_pdf_merge.TestConciergeV2Regression" name="test_transport_options" time="0.122" /><testcase classname="backend.tests.test_iter172_standup_pdf_merge.TestConciergeV2Regression" name="test_transport_request" time="0.237" /><testcase classname="backend.tests.test_iter172_standup_pdf_merge.TestConciergeV2Regression" name="test_celebration_compose" time="0.233" /><testcase classname="backend.tests.test_iter172_standup_pdf_merge.TestConciergeV2Regression" name="test_recovery_open" time="0.233" /><testcase classname="backend.tests.test_iter172_standup_pdf_merge.TestConciergeV2Regression" name="test_ird_amenities" time="0.104" /><testcase classname="backend.tests.test_iter172_standup_pdf_merge.TestConciergeV2Regression" name="test_guest_folio" time="0.224" /><testcase classname="backend.tests.test_iter172_standup_pdf_merge.TestSolveBarRegression" name="test_solve_endpoint" time="6.064" /></testsuite></testsuites>