<?xml version="1.0" encoding="utf-8"?><testsuites name="pytest tests"><testsuite name="pytest" errors="0" failures="0" skipped="0" tests="22" time="4.724" timestamp="2026-04-25T19:16:15.553279+00:00" hostname="agent-env-0d514397-b02f-409d-829a-33424537802f"><testcase classname="backend.tests.test_iter248_myecho_pos_pwa.TestMyEchoStaffEndpoints" name="test_myecho_me" time="0.146" /><testcase classname="backend.tests.test_iter248_myecho_pos_pwa.TestMyEchoStaffEndpoints" name="test_myecho_schedule" time="0.120" /><testcase classname="backend.tests.test_iter248_myecho_pos_pwa.TestMyEchoStaffEndpoints" name="test_myecho_paystubs" time="0.111" /><testcase classname="backend.tests.test_iter248_myecho_pos_pwa.TestMyEchoStaffEndpoints" name="test_myecho_tax_docs" time="0.118" /><testcase classname="backend.tests.test_iter248_myecho_pos_pwa.TestMyEchoStaffEndpoints" name="test_myecho_pto_balance" time="0.126" /><testcase classname="backend.tests.test_iter248_myecho_pos_pwa.TestMyEchoStaffEndpoints" name="test_myecho_pto_request_and_list" time="0.232" /><testcase classname="backend.tests.test_iter248_myecho_pos_pwa.TestMyEchoStaffEndpoints" name="test_myecho_direct_deposit" time="0.113" /><testcase classname="backend.tests.test_iter248_myecho_pos_pwa.TestMyEchoStaffEndpoints" name="test_myecho_concierge_quick_actions" time="0.120" /><testcase classname="backend.tests.test_iter248_myecho_pos_pwa.TestMyEchoStaffEndpoints" name="test_myecho_clock" time="0.112" /><testcase classname="backend.tests.test_iter248_myecho_pos_pwa.TestPOSRingsIngestion" name="test_pos_rings_status_initial" time="0.107" /><testcase classname="backend.tests.test_iter248_myecho_pos_pwa.TestPOSRingsIngestion" name="test_pos_rings_bulk_ingest" time="0.121" /><testcase classname="backend.tests.test_iter248_myecho_pos_pwa.TestPOSRingsIngestion" name="test_pos_rings_clear_by_date" time="0.105" /><testcase classname="backend.tests.test_iter248_myecho_pos_pwa.TestPWAManifestsAndIcons" name="test_manifest_json_echo_aurion" time="0.112" /><testcase classname="backend.tests.test_iter248_myecho_pos_pwa.TestPWAManifestsAndIcons" name="test_manifest_staff_json_myecho" time="0.209" /><testcase classname="backend.tests.test_iter248_myecho_pos_pwa.TestPWAManifestsAndIcons" name="test_echo_aurion_mgr_icon_512" time="0.163" /><testcase classname="backend.tests.test_iter248_myecho_pos_pwa.TestPWAManifestsAndIcons" name="test_myecho_staff_icon_512" time="0.142" /><testcase classname="backend.tests.test_iter248_myecho_pos_pwa.TestPWAManifestsAndIcons" name="test_all_icon_sizes_echo_aurion" time="0.966" /><testcase classname="backend.tests.test_iter248_myecho_pos_pwa.TestPWAManifestsAndIcons" name="test_all_icon_sizes_myecho_staff" time="1.047" /><testcase classname="backend.tests.test_iter248_myecho_pos_pwa.TestReportsHubIntegration" name="test_reports_hub_catalog" time="0.107" /><testcase classname="backend.tests.test_iter248_myecho_pos_pwa.TestReportsHubIntegration" name="test_reports_hub_top_items" time="0.125" /><testcase classname="backend.tests.test_iter248_myecho_pos_pwa.TestRegressionChecks" name="test_ecw_ops_reservations_live" time="0.116" /><testcase classname="backend.tests.test_iter248_myecho_pos_pwa.TestRegressionChecks" name="test_support_panel_endpoint" time="0.113" /></testsuite></testsuites>