<?xml version="1.0" encoding="utf-8"?><testsuites name="pytest tests"><testsuite name="pytest" errors="0" failures="0" skipped="0" tests="31" time="5.078" timestamp="2026-04-25T19:50:37.669278+00:00" hostname="agent-env-0d514397-b02f-409d-829a-33424537802f"><testcase classname="backend.tests.test_iter249_manager_workflow.TestManagerWorkflowPTO" name="test_pto_pending" time="0.224" /><testcase classname="backend.tests.test_iter249_manager_workflow.TestManagerWorkflowPTO" name="test_pto_decided" time="0.121" /><testcase classname="backend.tests.test_iter249_manager_workflow.TestManagerWorkflowSwap" name="test_swap_pending" time="0.119" /><testcase classname="backend.tests.test_iter249_manager_workflow.TestManagerWorkflowCallout" name="test_callouts_pending" time="0.125" /><testcase classname="backend.tests.test_iter249_manager_workflow.TestManagerWorkflowHRConfig" name="test_hr_config_get" time="0.166" /><testcase classname="backend.tests.test_iter249_manager_workflow.TestManagerWorkflowHRConfig" name="test_hr_config_set" time="0.241" /><testcase classname="backend.tests.test_iter249_manager_workflow.TestManagerWorkflowModChat" name="test_mod_active_room" time="0.116" /><testcase classname="backend.tests.test_iter249_manager_workflow.TestManagerWorkflowModChat" name="test_mod_post_message" time="0.135" /><testcase classname="backend.tests.test_iter249_manager_workflow.TestManagerWorkflowModChat" name="test_mod_get_messages" time="0.120" /><testcase classname="backend.tests.test_iter249_manager_workflow.TestMyEchoCoworkers" name="test_coworkers" time="0.112" /><testcase classname="backend.tests.test_iter249_manager_workflow.TestMyEchoShiftSwap" name="test_shift_swap_request" time="0.131" /><testcase classname="backend.tests.test_iter249_manager_workflow.TestMyEchoShiftSwap" name="test_shift_swap_mine" time="0.130" /><testcase classname="backend.tests.test_iter249_manager_workflow.TestMyEchoCallout" name="test_callout_policy" time="0.109" /><testcase classname="backend.tests.test_iter249_manager_workflow.TestMyEchoCallout" name="test_callout_request_phone_required" time="0.225" /><testcase classname="backend.tests.test_iter249_manager_workflow.TestMyEchoCallout" name="test_callout_request_success" time="0.236" /><testcase classname="backend.tests.test_iter249_manager_workflow.TestMyEchoCallout" name="test_callout_mine" time="0.105" /><testcase classname="backend.tests.test_iter249_manager_workflow.TestMyEchoNotifications" name="test_notifications" time="0.133" /><testcase classname="backend.tests.test_iter249_manager_workflow.TestMyEchoModChat" name="test_mod_chat_messages" time="0.117" /><testcase classname="backend.tests.test_iter249_manager_workflow.TestMyEchoModChat" name="test_mod_chat_post" time="0.140" /><testcase classname="backend.tests.test_iter249_manager_workflow.TestPTOApprovalFlow" name="test_pto_approve_creates_notification" time="0.470" /><testcase classname="backend.tests.test_iter249_manager_workflow.TestPTOApprovalFlow" name="test_pto_deny_creates_notification" time="0.274" /><testcase classname="backend.tests.test_iter249_manager_workflow.TestReportsHubFlipToLive" name="test_pos_rings_status" time="0.115" /><testcase classname="backend.tests.test_iter249_manager_workflow.TestReportsHubFlipToLive" name="test_pos_rings_seed_demo" time="0.265" /><testcase classname="backend.tests.test_iter249_manager_workflow.TestReportsHubFlipToLive" name="test_sales_by_profit_center" time="0.112" /><testcase classname="backend.tests.test_iter249_manager_workflow.TestReportsHubFlipToLive" name="test_tender_mix" time="0.112" /><testcase classname="backend.tests.test_iter249_manager_workflow.TestReportsHubFlipToLive" name="test_server_sales" time="0.184" /><testcase classname="backend.tests.test_iter249_manager_workflow.TestReportsHubFlipToLive" name="test_hourly_heatmap" time="0.123" /><testcase classname="backend.tests.test_iter249_manager_workflow.TestRegressionMyEchoExisting" name="test_myecho_me" time="0.125" /><testcase classname="backend.tests.test_iter249_manager_workflow.TestRegressionMyEchoExisting" name="test_myecho_schedule" time="0.108" /><testcase classname="backend.tests.test_iter249_manager_workflow.TestRegressionMyEchoExisting" name="test_myecho_pto_balance" time="0.115" /><testcase classname="backend.tests.test_iter249_manager_workflow.TestRegressionMyEchoExisting" name="test_myecho_paystubs" time="0.127" /></testsuite></testsuites>