<?xml version="1.0" encoding="utf-8"?><testsuites name="pytest tests"><testsuite name="pytest" errors="0" failures="0" skipped="0" tests="14" time="22.067" timestamp="2026-04-27T18:25:28.457425+00:00" hostname="agent-env-0d514397-b02f-409d-829a-33424537802f"><testcase classname="tests.test_iter252_purchasing_approvals.TestApprovalLimits" name="test_get_limits_returns_14_roles" time="0.214" /><testcase classname="tests.test_iter252_purchasing_approvals.TestApprovalLimits" name="test_update_limit_sous_chef" time="0.418" /><testcase classname="tests.test_iter252_purchasing_approvals.TestApprovalHierarchy" name="test_get_hierarchy" time="0.140" /><testcase classname="tests.test_iter252_purchasing_approvals.TestApprovalRequests" name="test_create_request_sous_chef_4500_pending" time="0.133" /><testcase classname="tests.test_iter252_purchasing_approvals.TestApprovalRequests" name="test_create_request_sous_chef_18000_walks_chain" time="0.171" /><testcase classname="tests.test_iter252_purchasing_approvals.TestApprovalRequests" name="test_create_request_auto_approved_within_limit" time="0.130" /><testcase classname="tests.test_iter252_purchasing_approvals.TestApprovalActions" name="test_approve_as_correct_approver" time="0.285" /><testcase classname="tests.test_iter252_purchasing_approvals.TestApprovalActions" name="test_approve_wrong_approver_403" time="0.270" /><testcase classname="tests.test_iter252_purchasing_approvals.TestApprovalActions" name="test_reject_with_reason" time="0.425" /><testcase classname="tests.test_iter252_purchasing_approvals.TestApprovalBanner" name="test_banner_for_fb_director" time="0.310" /><testcase classname="tests.test_iter252_purchasing_approvals.TestApprovalBanner" name="test_banner_for_admin" time="0.132" /><testcase classname="tests.test_iter252_purchasing_approvals.TestBriefingStandupFeed" name="test_standup_feed_returns_data" time="10.302" /><testcase classname="tests.test_iter252_purchasing_approvals.TestBriefingStandupFeed" name="test_standup_feed_with_role_param" time="8.755" /><testcase classname="tests.test_iter252_purchasing_approvals.TestApprovalChainWalk" name="test_chain_walk_advances_on_partial_approval" time="0.268" /></testsuite></testsuites>