<?xml version="1.0" encoding="utf-8"?><testsuites name="pytest tests"><testsuite name="pytest" errors="0" failures="0" skipped="0" tests="35" time="22.863" timestamp="2026-04-17T20:40:36.712752+00:00" hostname="agent-env-0d514397-b02f-409d-829a-33424537802f"><testcase classname="backend.tests.test_iter144_kds_llm_ai3nlp.TestKDSSeed" name="test_kds_seed_idempotent" time="0.203" /><testcase classname="backend.tests.test_iter144_kds_llm_ai3nlp.TestKDSStations" name="test_list_stations_with_health" time="0.110" /><testcase classname="backend.tests.test_iter144_kds_llm_ai3nlp.TestKDSExpo" name="test_expo_full_payload" time="0.115" /><testcase classname="backend.tests.test_iter144_kds_llm_ai3nlp.TestKDSExpo" name="test_expo_mode_restaurant" time="0.062" /><testcase classname="backend.tests.test_iter144_kds_llm_ai3nlp.TestKDSExpo" name="test_expo_mode_ird" time="0.062" /><testcase classname="backend.tests.test_iter144_kds_llm_ai3nlp.TestKDSExpo" name="test_expo_mode_banquet" time="0.064" /><testcase classname="backend.tests.test_iter144_kds_llm_ai3nlp.TestKDSStationView" name="test_station_grill_queue" time="0.120" /><testcase classname="backend.tests.test_iter144_kds_llm_ai3nlp.TestKDSTicketCRUD" name="test_create_ticket_sequential_fire" time="0.124" /><testcase classname="backend.tests.test_iter144_kds_llm_ai3nlp.TestKDSTicketCRUD" name="test_bump_item_auto_fulfill" time="0.213" /><testcase classname="backend.tests.test_iter144_kds_llm_ai3nlp.TestKDSTicketCRUD" name="test_fire_course" time="0.115" /><testcase classname="backend.tests.test_iter144_kds_llm_ai3nlp.TestKDSTicketCRUD" name="test_hold_ticket" time="0.158" /><testcase classname="backend.tests.test_iter144_kds_llm_ai3nlp.TestKDSTicketCRUD" name="test_recall_ticket" time="0.180" /><testcase classname="backend.tests.test_iter144_kds_llm_ai3nlp.TestKDSTicketCRUD" name="test_fulfill_ticket" time="0.106" /><testcase classname="backend.tests.test_iter144_kds_llm_ai3nlp.TestKDSTicketCRUD" name="test_reroute_item" time="0.113" /><testcase classname="backend.tests.test_iter144_kds_llm_ai3nlp.TestKDSAllday" name="test_allday_counts" time="0.113" /><testcase classname="backend.tests.test_iter144_kds_llm_ai3nlp.TestKDSPacing" name="test_pacing_output" time="0.103" /><testcase classname="backend.tests.test_iter144_kds_llm_ai3nlp.TestKDS86List" name="test_86_add_and_list" time="0.156" /><testcase classname="backend.tests.test_iter144_kds_llm_ai3nlp.TestIntelligenceLLM" name="test_ai3_summary_with_llm" time="6.954" /><testcase classname="backend.tests.test_iter144_kds_llm_ai3nlp.TestIntelligenceLLM" name="test_aurium_gm_with_llm" time="8.427" /><testcase classname="backend.tests.test_iter144_kds_llm_ai3nlp.TestAI3NLPChat" name="test_chat_rooms_ready_query" time="0.659" /><testcase classname="backend.tests.test_iter144_kds_llm_ai3nlp.TestAI3NLPChat" name="test_chat_foh_outlets_query" time="1.010" /><testcase classname="backend.tests.test_iter144_kds_llm_ai3nlp.TestAI3NLPChat" name="test_chat_kds_tickets_query" time="0.727" /><testcase classname="backend.tests.test_iter144_kds_llm_ai3nlp.TestAI3NLPChat" name="test_chat_engineering_work_orders" time="1.945" /><testcase classname="backend.tests.test_iter144_kds_llm_ai3nlp.TestNoIdLeaks" name="test_no_id_leak_kds_expo" time="0.066" /><testcase classname="backend.tests.test_iter144_kds_llm_ai3nlp.TestNoIdLeaks" name="test_no_id_leak_kds_stations" time="0.056" /><testcase classname="backend.tests.test_iter144_kds_llm_ai3nlp.TestNoIdLeaks" name="test_no_id_leak_kds_allday" time="0.049" /><testcase classname="backend.tests.test_iter144_kds_llm_ai3nlp.TestNoIdLeaks" name="test_no_id_leak_kds_86" time="0.050" /><testcase classname="backend.tests.test_iter144_kds_llm_ai3nlp.TestRegressionPriorModules" name="test_regression_eng_ops_kpis" time="0.111" /><testcase classname="backend.tests.test_iter144_kds_llm_ai3nlp.TestRegressionPriorModules" name="test_regression_hskp_ops_kpis" time="0.106" /><testcase classname="backend.tests.test_iter144_kds_llm_ai3nlp.TestRegressionPriorModules" name="test_regression_foh_ops_outlets" time="0.108" /><testcase classname="backend.tests.test_iter144_kds_llm_ai3nlp.TestRegressionPriorModules" name="test_regression_concierge_domains" time="0.068" /><testcase classname="backend.tests.test_iter144_kds_llm_ai3nlp.TestRegressionPriorModules" name="test_regression_guest360_profiles" time="0.113" /><testcase classname="backend.tests.test_iter144_kds_llm_ai3nlp.TestRegressionPriorModules" name="test_regression_ird_hub_menu" time="0.101" /><testcase classname="backend.tests.test_iter144_kds_llm_ai3nlp.TestRegressionPriorModules" name="test_regression_intelligence_ai3_summary" time="0.055" /><testcase classname="backend.tests.test_iter144_kds_llm_ai3nlp.TestRegressionPriorModules" name="test_regression_health" time="0.048" /></testsuite></testsuites>