<?xml version="1.0" encoding="utf-8"?><testsuites name="pytest tests"><testsuite name="pytest" errors="0" failures="1" skipped="0" tests="30" time="6.410" timestamp="2026-04-08T23:18:35.367206+00:00" hostname="agent-env-0d514397-b02f-409d-829a-33424537802f"><testcase classname="tests.test_iteration14_full_audit.TestHealthAndCore" name="test_health_endpoint" time="0.210" /><testcase classname="tests.test_iteration14_full_audit.TestAI3NLP" name="test_ai3_ask_query" time="2.429" /><testcase classname="tests.test_iteration14_full_audit.TestAI3NLP" name="test_ai3_transcribe_endpoint_exists" time="0.130" /><testcase classname="tests.test_iteration14_full_audit.TestSupplierCatalog" name="test_list_suppliers" time="0.112" /><testcase classname="tests.test_iteration14_full_audit.TestSupplierCatalog" name="test_compare_salmon" time="0.121" /><testcase classname="tests.test_iteration14_full_audit.TestSupplierCatalog" name="test_auto_po_generation" time="0.135" /><testcase classname="tests.test_iteration14_full_audit.TestConventions" name="test_list_conventions" time="0.132" /><testcase classname="tests.test_iteration14_full_audit.TestEnergyTracking" name="test_energy_dashboard_daily" time="0.118" /><testcase classname="tests.test_iteration14_full_audit.TestEnergyTracking" name="test_energy_dashboard_weekly" time="0.117" /><testcase classname="tests.test_iteration14_full_audit.TestEnergyTracking" name="test_energy_dashboard_monthly" time="0.149" /><testcase classname="tests.test_iteration14_full_audit.TestAllergenScanner" name="test_allergen_scanner_page" time="0.119" /><testcase classname="tests.test_iteration14_full_audit.TestCompliance" name="test_haccp_templates" time="0.107" /><testcase classname="tests.test_iteration14_full_audit.TestCompliance" name="test_compliance_checklists" time="0.127" /><testcase classname="tests.test_iteration14_full_audit.TestProcurement" name="test_vendor_scorecards" time="0.118" /><testcase classname="tests.test_iteration14_full_audit.TestProcurement" name="test_spend_analytics" time="0.237" /><testcase classname="tests.test_iteration14_full_audit.TestIoT" name="test_iot_dashboard" time="0.126" /><testcase classname="tests.test_iteration14_full_audit.TestSchedule" name="test_overtime_forecast" time="0.126" /><testcase classname="tests.test_iteration14_full_audit.TestCasino" name="test_casino_comps" time="0.116" /><testcase classname="tests.test_iteration14_full_audit.TestMultiProperty" name="test_transfer_orders" time="0.132" /><testcase classname="tests.test_iteration14_full_audit.TestAdditionalEndpoints" name="test_dashboard" time="0.147" /><testcase classname="tests.test_iteration14_full_audit.TestAdditionalEndpoints" name="test_supplier_search" time="0.126" /><testcase classname="tests.test_iteration14_full_audit.TestAdditionalEndpoints" name="test_sysco_products" time="0.142" /><testcase classname="tests.test_iteration14_full_audit.TestAdditionalEndpoints" name="test_usfoods_products" time="0.110" /><testcase classname="tests.test_iteration14_full_audit.TestAdditionalEndpoints" name="test_allergen_scanner_api" time="0.119" /><testcase classname="tests.test_iteration14_full_audit.TestAdditionalEndpoints" name="test_ap_aging" time="0.129" /><testcase classname="tests.test_iteration14_full_audit.TestAdditionalEndpoints" name="test_inspection_readiness" time="0.123" /><testcase classname="tests.test_iteration14_full_audit.TestAdditionalEndpoints" name="test_dynamic_pricing" time="0.171" /><testcase classname="tests.test_iteration14_full_audit.TestAdditionalEndpoints" name="test_iot_readings" time="0.118" /><testcase classname="tests.test_iteration14_full_audit.TestAdditionalEndpoints" name="test_calendar_events" time="0.110"><failure message="AssertionError: assert 'events' in {'data': [{'all_day': False, 'assigned_to': [], 'created_at': '2026-04-08T18:32:07.676180+00:00', 'created_by': 'system', ...}, {'all_day': False, 'assigned_to': [], 'beo_notes': 'Live band setup by 4pm. Cake cutting at 9pm.', 'created_at': '2026-04-08T18:32:07.665580+00:00', ...}, {'all_day': False, 'assigned_to': [], 'created_at': '2026-04-08T18:32:07.676320+00:00', 'created_by': 'system', ...}, {'all_day': False, 'assigned_to': [], 'created_at': '2026-04-08T18:32:07.676044+00:00', 'created_by': 'system', ...}, {'all_day': False, 'assigned_to': [], 'beo_notes': 'AV setup required. NDA room — no housekeeping during session.', 'created_at': '2026-04-08T18:32:07.675630+00:00', ...}, {'all_day': False, 'assigned_to': [], 'created_at': '2026-04-08T18:32:07.675890+00:00', 'created_by': 'system', ...}, ...], 'total': 15}">tests/test_iteration14_full_audit.py:352: in test_calendar_events
    assert "events" in data
E   AssertionError: assert 'events' in {'data': [{'all_day': False, 'assigned_to': [], 'created_at': '2026-04-08T18:32:07.676180+00:00', 'created_by': 'system', ...}, {'all_day': False, 'assigned_to': [], 'beo_notes': 'Live band setup by 4pm. Cake cutting at 9pm.', 'created_at': '2026-04-08T18:32:07.665580+00:00', ...}, {'all_day': False, 'assigned_to': [], 'created_at': '2026-04-08T18:32:07.676320+00:00', 'created_by': 'system', ...}, {'all_day': False, 'assigned_to': [], 'created_at': '2026-04-08T18:32:07.676044+00:00', 'created_by': 'system', ...}, {'all_day': False, 'assigned_to': [], 'beo_notes': 'AV setup required. NDA room — no housekeeping during session.', 'created_at': '2026-04-08T18:32:07.675630+00:00', ...}, {'all_day': False, 'assigned_to': [], 'created_at': '2026-04-08T18:32:07.675890+00:00', 'created_by': 'system', ...}, ...], 'total': 15}</failure></testcase><testcase classname="tests.test_iteration14_full_audit.TestAdditionalEndpoints" name="test_rbac_users" time="0.111" /></testsuite></testsuites>