<?xml version="1.0" encoding="utf-8"?><testsuites name="pytest tests"><testsuite name="pytest" errors="0" failures="0" skipped="0" tests="17" time="17.259" timestamp="2026-04-28T13:46:00.117537+00:00" hostname="agent-env-0d514397-b02f-409d-829a-33424537802f"><testcase classname="tests.test_iter263_2_vendor_beo.TestVendorScorecard" name="test_scorecards_list_default" time="0.146" /><testcase classname="tests.test_iter263_2_vendor_beo.TestVendorScorecard" name="test_scorecards_period_filter" time="0.125" /><testcase classname="tests.test_iter263_2_vendor_beo.TestVendorScorecard" name="test_scorecard_by_vendor_id" time="0.843" /><testcase classname="tests.test_iter263_2_vendor_beo.TestVendorScorecard" name="test_scorecard_unknown_vendor_404" time="0.140" /><testcase classname="tests.test_iter263_2_vendor_beo.TestVendorScorecard" name="test_contracts_list" time="0.127" /><testcase classname="tests.test_iter263_2_vendor_beo.TestVendorScorecard" name="test_contracts_vendor_filter" time="0.111" /><testcase classname="tests.test_iter263_2_vendor_beo.TestVendorScorecard" name="test_contracts_upsert" time="0.124" /><testcase classname="tests.test_iter263_2_vendor_beo.TestVendorScorecard" name="test_violations_list" time="0.112" /><testcase classname="tests.test_iter263_2_vendor_beo.TestBeoPlanner" name="test_calendar_endpoint" time="0.176" /><testcase classname="tests.test_iter263_2_vendor_beo.TestBeoPlanner" name="test_plan_invalid_beo_404" time="0.114" /><testcase classname="tests.test_iter263_2_vendor_beo.TestBeoPlanner" name="test_plan_single_beo" time="0.338" /><testcase classname="tests.test_iter263_2_vendor_beo.TestBeoPlanner" name="test_plan_day_2026_04_30" time="14.073" /><testcase classname="tests.test_iter263_2_vendor_beo.TestBeoPlanner" name="test_feedback_endpoint" time="0.169" /><testcase classname="tests.test_iter263_2_vendor_beo.TestBeoPlanner" name="test_plans_list" time="0.141" /><testcase classname="tests.test_iter263_2_vendor_beo.TestRegression" name="test_admin_console_pulse" time="0.178" /><testcase classname="tests.test_iter263_2_vendor_beo.TestRegression" name="test_purchrec_match_exceptions" time="0.107" /><testcase classname="tests.test_iter263_2_vendor_beo.TestRegression" name="test_echo_schedule_shifts" time="0.125" /></testsuite></testsuites>