<?xml version="1.0" encoding="utf-8"?><testsuites name="pytest tests"><testsuite name="pytest" errors="0" failures="0" skipped="0" tests="32" time="4.773" timestamp="2026-04-08T19:00:47.622210+00:00" hostname="agent-env-0d514397-b02f-409d-829a-33424537802f"><testcase classname="tests.test_iteration10_rbac_procurement_compliance.TestHealthCheck" name="test_health_endpoint" time="0.160" /><testcase classname="tests.test_iteration10_rbac_procurement_compliance.TestRBACRolesAndUsers" name="test_list_roles_returns_9_roles_and_28_classifications" time="0.140" /><testcase classname="tests.test_iteration10_rbac_procurement_compliance.TestRBACRolesAndUsers" name="test_list_users_returns_10_seeded_users" time="0.121" /><testcase classname="tests.test_iteration10_rbac_procurement_compliance.TestRBACAccessControl" name="test_staff_denied_payroll_data" time="0.144" /><testcase classname="tests.test_iteration10_rbac_procurement_compliance.TestRBACAccessControl" name="test_controller_granted_payroll_data" time="0.167" /><testcase classname="tests.test_iteration10_rbac_procurement_compliance.TestRBACAccessControl" name="test_gm_denied_owner_compensation" time="0.145" /><testcase classname="tests.test_iteration10_rbac_procurement_compliance.TestRBACAccessControl" name="test_owner_granted_owner_compensation" time="0.109" /><testcase classname="tests.test_iteration10_rbac_procurement_compliance.TestAIQueryFiltering" name="test_staff_ai_query_redacts_financial_fields" time="0.127" /><testcase classname="tests.test_iteration10_rbac_procurement_compliance.TestAIQueryFiltering" name="test_owner_ai_query_returns_all_unredacted" time="0.135" /><testcase classname="tests.test_iteration10_rbac_procurement_compliance.TestProcurement" name="test_ap_aging_returns_buckets" time="0.127" /><testcase classname="tests.test_iteration10_rbac_procurement_compliance.TestProcurement" name="test_spend_analytics_returns_by_vendor_outlet" time="0.144" /><testcase classname="tests.test_iteration10_rbac_procurement_compliance.TestProcurement" name="test_vendor_scorecards_returns_5_vendors" time="0.142" /><testcase classname="tests.test_iteration10_rbac_procurement_compliance.TestProcurement" name="test_three_way_match_validates_po" time="0.222" /><testcase classname="tests.test_iteration10_rbac_procurement_compliance.TestProcurement" name="test_budgets_returns_list" time="0.138" /><testcase classname="tests.test_iteration10_rbac_procurement_compliance.TestCompliance" name="test_haccp_templates_returns_7" time="0.115" /><testcase classname="tests.test_iteration10_rbac_procurement_compliance.TestCompliance" name="test_submit_checklist_returns_score" time="0.107" /><testcase classname="tests.test_iteration10_rbac_procurement_compliance.TestCompliance" name="test_create_corrective_action" time="0.125" /><testcase classname="tests.test_iteration10_rbac_procurement_compliance.TestCompliance" name="test_log_temperature" time="0.114" /><testcase classname="tests.test_iteration10_rbac_procurement_compliance.TestCompliance" name="test_inspection_readiness_returns_grade" time="0.148" /><testcase classname="tests.test_iteration10_rbac_procurement_compliance.TestFinanceIntelligence" name="test_real_time_pl_returns_revenue_expenses" time="0.110" /><testcase classname="tests.test_iteration10_rbac_procurement_compliance.TestFinanceIntelligence" name="test_food_cost_trending_returns_status" time="0.126" /><testcase classname="tests.test_iteration10_rbac_procurement_compliance.TestFinanceIntelligence" name="test_gl_summary_returns_10_accounts" time="0.136" /><testcase classname="tests.test_iteration10_rbac_procurement_compliance.TestMultiProperty" name="test_properties_returns_3_seeded" time="0.130" /><testcase classname="tests.test_iteration10_rbac_procurement_compliance.TestGuestCRM" name="test_create_guest_profile" time="0.121" /><testcase classname="tests.test_iteration10_rbac_procurement_compliance.TestGuestCRM" name="test_list_guests" time="0.137" /><testcase classname="tests.test_iteration10_rbac_procurement_compliance.TestGuestCRM" name="test_crm_analytics_returns_vip_breakdown" time="0.132" /><testcase classname="tests.test_iteration10_rbac_procurement_compliance.TestSupplierNetwork" name="test_add_catalog_item" time="0.110" /><testcase classname="tests.test_iteration10_rbac_procurement_compliance.TestSupplierNetwork" name="test_search_catalog" time="0.113" /><testcase classname="tests.test_iteration10_rbac_procurement_compliance.TestSupplierNetwork" name="test_price_compare" time="0.158" /><testcase classname="tests.test_iteration10_rbac_procurement_compliance.TestSupplierNetwork" name="test_create_rfq" time="0.135" /><testcase classname="tests.test_iteration10_rbac_procurement_compliance.TestWasteTracking" name="test_log_waste_entry" time="0.110" /><testcase classname="tests.test_iteration10_rbac_procurement_compliance.TestWasteTracking" name="test_waste_analytics" time="0.145" /></testsuite></testsuites>