<?xml version="1.0" encoding="utf-8"?><testsuites name="pytest tests"><testsuite name="pytest" errors="0" failures="0" skipped="1" tests="42" time="3.132" timestamp="2026-04-18T20:59:29.274344+00:00" hostname="agent-env-0d514397-b02f-409d-829a-33424537802f"><testcase classname="tests.test_iter173_people_lifestyle_alice.TestHealth" name="test_health" time="0.136" /><testcase classname="tests.test_iter173_people_lifestyle_alice.TestPeopleServices" name="test_people_list_returns_employees" time="0.054" /><testcase classname="tests.test_iter173_people_lifestyle_alice.TestPeopleServices" name="test_people_list_filter_by_department" time="0.051" /><testcase classname="tests.test_iter173_people_lifestyle_alice.TestPeopleServices" name="test_people_list_filter_by_role" time="0.049" /><testcase classname="tests.test_iter173_people_lifestyle_alice.TestPeopleServices" name="test_people_list_search_query" time="0.047" /><testcase classname="tests.test_iter173_people_lifestyle_alice.TestPeopleServices" name="test_people_upsert_requires_admin" time="0.059" /><testcase classname="tests.test_iter173_people_lifestyle_alice.TestPeopleServices" name="test_people_upsert_validates_department" time="0.050" /><testcase classname="tests.test_iter173_people_lifestyle_alice.TestPeopleServices" name="test_people_upsert_validates_role" time="0.050" /><testcase classname="tests.test_iter173_people_lifestyle_alice.TestPeopleServices" name="test_people_upsert_creates_employee" time="0.061" /><testcase classname="tests.test_iter173_people_lifestyle_alice.TestPeopleServices" name="test_celebrations_today" time="0.052" /><testcase classname="tests.test_iter173_people_lifestyle_alice.TestPeopleServices" name="test_celebrations_upcoming" time="0.053" /><testcase classname="tests.test_iter173_people_lifestyle_alice.TestHoursOfOperation" name="test_hours_list_returns_outlets" time="0.053" /><testcase classname="tests.test_iter173_people_lifestyle_alice.TestHoursOfOperation" name="test_hours_today_returns_current_weekday" time="0.053" /><testcase classname="tests.test_iter173_people_lifestyle_alice.TestHoursOfOperation" name="test_hours_upsert_requires_admin" time="0.053" /><testcase classname="tests.test_iter173_people_lifestyle_alice.TestHoursOfOperation" name="test_hours_upsert_validates_outlet_type" time="0.050" /><testcase classname="tests.test_iter173_people_lifestyle_alice.TestHoursOfOperation" name="test_hours_upsert_normalizes_hours" time="0.056" /><testcase classname="tests.test_iter173_people_lifestyle_alice.TestLeadershipCoverage" name="test_leadership_range_returns_coverage" time="0.060" /><testcase classname="tests.test_iter173_people_lifestyle_alice.TestLeadershipCoverage" name="test_leadership_by_date_returns_by_department" time="0.050" /><testcase classname="tests.test_iter173_people_lifestyle_alice.TestLeadershipCoverage" name="test_leadership_upsert_creates_entry" time="0.103" /><testcase classname="tests.test_iter173_people_lifestyle_alice.TestLifestyleDashboard" name="test_lifestyle_calendar_returns_activations" time="0.054" /><testcase classname="tests.test_iter173_people_lifestyle_alice.TestLifestyleDashboard" name="test_lifestyle_revenue_engagement" time="0.054" /><testcase classname="tests.test_iter173_people_lifestyle_alice.TestLifestyleDashboard" name="test_lifestyle_attendance_forecast" time="0.054" /><testcase classname="tests.test_iter173_people_lifestyle_alice.TestLifestyleDashboard" name="test_lifestyle_weather_alerts" time="0.053" /><testcase classname="tests.test_iter173_people_lifestyle_alice.TestLifestyleDashboard" name="test_lifestyle_cross_dept_plan" time="0.100" /><testcase classname="tests.test_iter173_people_lifestyle_alice.TestLifestyleDashboard" name="test_lifestyle_activations_upsert_requires_admin" time="0.051" /><testcase classname="tests.test_iter173_people_lifestyle_alice.TestLifestyleDashboard" name="test_lifestyle_activations_upsert_validates" time="0.155" /><testcase classname="tests.test_iter173_people_lifestyle_alice.TestAliceTickets" name="test_alice_ticket_create" time="0.054" /><testcase classname="tests.test_iter173_people_lifestyle_alice.TestAliceTickets" name="test_alice_ticket_create_mirrors_to_concierge" time="0.054" /><testcase classname="tests.test_iter173_people_lifestyle_alice.TestAliceTickets" name="test_alice_tickets_list_with_filters" time="0.058" /><testcase classname="tests.test_iter173_people_lifestyle_alice.TestAliceTickets" name="test_alice_tickets_filter_by_status" time="0.052" /><testcase classname="tests.test_iter173_people_lifestyle_alice.TestAliceTickets" name="test_alice_dashboard_kpi" time="0.055" /><testcase classname="tests.test_iter173_people_lifestyle_alice.TestAliceTickets" name="test_alice_ticket_patch_status" time="0.107" /><testcase classname="tests.test_iter173_people_lifestyle_alice.TestShowrooms" name="test_showrooms_designate" time="0.054" /><testcase classname="tests.test_iter173_people_lifestyle_alice.TestShowrooms" name="test_showrooms_request_approval" time="0.143" /><testcase classname="tests.test_iter173_people_lifestyle_alice.TestShowrooms" name="test_showrooms_approve_requires_hk_manager" time="0.204" /><testcase classname="tests.test_iter173_people_lifestyle_alice.TestShowrooms" name="test_showrooms_reject" time="0.155" /><testcase classname="tests.test_iter173_people_lifestyle_alice.TestShowrooms" name="test_showrooms_list" time="0.049" /><testcase classname="tests.test_iter173_people_lifestyle_alice.TestStandupAutofill" name="test_standup_autofill_returns_7_sections" time="0.070" /><testcase classname="tests.test_iter173_people_lifestyle_alice.TestRegressionIter172" name="test_standup_ingest_pdf" time="0.119" /><testcase classname="tests.test_iter173_people_lifestyle_alice.TestRegressionIter172" name="test_concierge_v2_outlets" time="0.052" /><testcase classname="tests.test_iter173_people_lifestyle_alice.TestRegressionIter172" name="test_concierge_v2_dining_availability" time="0.048" /><testcase classname="tests.test_iter173_people_lifestyle_alice.TestRegressionIter172" name="test_concierge_v2_recovery_open" time="0.051"><skipped type="pytest.skip" message="Concierge v2 recovery endpoint not found">/app/backend/tests/test_iter173_people_lifestyle_alice.py:688: Concierge v2 recovery endpoint not found</skipped></testcase></testsuite></testsuites>