<?xml version="1.0" encoding="utf-8"?><testsuites name="pytest tests"><testsuite name="pytest" errors="0" failures="0" skipped="0" tests="18" time="3.339" timestamp="2026-04-20T07:29:17.017940+00:00" hostname="agent-env-0d514397-b02f-409d-829a-33424537802f"><testcase classname="backend.tests.test_iter191_staff_mobile_role_assigner.TestEmployeesList" name="test_list_employees_requires_admin" time="0.154" /><testcase classname="backend.tests.test_iter191_staff_mobile_role_assigner.TestEmployeesList" name="test_list_employees_returns_structure" time="0.108" /><testcase classname="backend.tests.test_iter191_staff_mobile_role_assigner.TestEmployeesList" name="test_list_employees_item_structure" time="0.116" /><testcase classname="backend.tests.test_iter191_staff_mobile_role_assigner.TestRoleAssignment" name="test_assign_role_requires_admin" time="0.112" /><testcase classname="backend.tests.test_iter191_staff_mobile_role_assigner.TestRoleAssignment" name="test_assign_role_invalid_role_400" time="0.145" /><testcase classname="backend.tests.test_iter191_staff_mobile_role_assigner.TestRoleAssignment" name="test_assign_role_missing_identifier_400" time="0.106" /><testcase classname="backend.tests.test_iter191_staff_mobile_role_assigner.TestRoleAssignment" name="test_assign_role_creates_stub_if_not_exists" time="0.111" /><testcase classname="backend.tests.test_iter191_staff_mobile_role_assigner.TestRoleAssignment" name="test_assign_role_updates_existing" time="0.106" /><testcase classname="backend.tests.test_iter191_staff_mobile_role_assigner.TestRoleAssignment" name="test_assign_role_valid_roles" time="0.462" /><testcase classname="backend.tests.test_iter191_staff_mobile_role_assigner.TestMeCapabilities" name="test_me_general_role_capabilities" time="0.219" /><testcase classname="backend.tests.test_iter191_staff_mobile_role_assigner.TestMeCapabilities" name="test_me_salary_role_capabilities" time="0.339" /><testcase classname="backend.tests.test_iter191_staff_mobile_role_assigner.TestMeCapabilities" name="test_me_role_promotion_changes_capabilities" time="0.354" /><testcase classname="backend.tests.test_iter191_staff_mobile_role_assigner.TestRegressions" name="test_guest_auto_auth_still_works" time="0.126" /><testcase classname="backend.tests.test_iter191_staff_mobile_role_assigner.TestRegressions" name="test_briefing_mint_still_works" time="0.105" /><testcase classname="backend.tests.test_iter191_staff_mobile_role_assigner.TestRegressions" name="test_pto_request_still_works" time="0.114" /><testcase classname="backend.tests.test_iter191_staff_mobile_role_assigner.TestRegressions" name="test_benefits_mine_still_works" time="0.106" /><testcase classname="backend.tests.test_iter191_staff_mobile_role_assigner.TestRegressions" name="test_panel_host_root_route_loads" time="0.110" /><testcase classname="backend.tests.test_iter191_staff_mobile_role_assigner.TestOwnerRole" name="test_owner_has_all_capabilities" time="0.333" /></testsuite></testsuites>