<?xml version="1.0" encoding="utf-8"?><testsuites name="pytest tests"><testsuite name="pytest" errors="0" failures="0" skipped="0" tests="38" time="5.009" timestamp="2026-04-10T14:33:39.763952+00:00" hostname="agent-env-0d514397-b02f-409d-829a-33424537802f"><testcase classname="backend.tests.test_iteration40_phase3bc_features.TestPosGlHubStatus" name="test_status_returns_200" time="0.184" /><testcase classname="backend.tests.test_iteration40_phase3bc_features.TestPosGlHubStatus" name="test_status_has_two_providers" time="0.124" /><testcase classname="backend.tests.test_iteration40_phase3bc_features.TestPosGlHubStatus" name="test_status_structure" time="0.108" /><testcase classname="backend.tests.test_iteration40_phase3bc_features.TestToastPosIntegration" name="test_toast_connect" time="0.124" /><testcase classname="backend.tests.test_iteration40_phase3bc_features.TestToastPosIntegration" name="test_toast_sync" time="0.123" /><testcase classname="backend.tests.test_iteration40_phase3bc_features.TestToastPosIntegration" name="test_toast_orders" time="0.138" /><testcase classname="backend.tests.test_iteration40_phase3bc_features.TestToastPosIntegration" name="test_toast_menu_sync" time="0.110" /><testcase classname="backend.tests.test_iteration40_phase3bc_features.TestQuickBooksIntegration" name="test_quickbooks_auth_url" time="0.154" /><testcase classname="backend.tests.test_iteration40_phase3bc_features.TestQuickBooksIntegration" name="test_quickbooks_connect" time="0.119" /><testcase classname="backend.tests.test_iteration40_phase3bc_features.TestQuickBooksIntegration" name="test_quickbooks_sync" time="0.179" /><testcase classname="backend.tests.test_iteration40_phase3bc_features.TestQuickBooksIntegration" name="test_quickbooks_chart_of_accounts" time="0.112" /><testcase classname="backend.tests.test_iteration40_phase3bc_features.TestQuickBooksIntegration" name="test_quickbooks_profit_loss" time="0.111" /><testcase classname="backend.tests.test_iteration40_phase3bc_features.TestPosGlWebhooks" name="test_toast_webhook" time="0.199" /><testcase classname="backend.tests.test_iteration40_phase3bc_features.TestPosGlWebhooks" name="test_quickbooks_webhook" time="0.103" /><testcase classname="backend.tests.test_iteration40_phase3bc_features.TestPosGlSyncLog" name="test_sync_log" time="0.108" /><testcase classname="backend.tests.test_iteration40_phase3bc_features.TestPosGlSyncLog" name="test_sync_log_filter_by_provider" time="0.189" /><testcase classname="backend.tests.test_iteration40_phase3bc_features.TestPosGlDisconnect" name="test_disconnect_toast" time="0.099" /><testcase classname="backend.tests.test_iteration40_phase3bc_features.TestPosGlDisconnect" name="test_verify_toast_disconnected" time="0.138" /><testcase classname="backend.tests.test_iteration40_phase3bc_features.TestPosGlDisconnect" name="test_reconnect_toast" time="0.122" /><testcase classname="backend.tests.test_iteration40_phase3bc_features.TestCollaborationSessions" name="test_create_session" time="0.122" /><testcase classname="backend.tests.test_iteration40_phase3bc_features.TestCollaborationSessions" name="test_list_sessions" time="0.114" /><testcase classname="backend.tests.test_iteration40_phase3bc_features.TestCollaborationSessions" name="test_get_session" time="0.109" /><testcase classname="backend.tests.test_iteration40_phase3bc_features.TestCollaborationSessions" name="test_join_session" time="0.119" /><testcase classname="backend.tests.test_iteration40_phase3bc_features.TestCollaborationEdits" name="test_record_edit" time="0.132" /><testcase classname="backend.tests.test_iteration40_phase3bc_features.TestCollaborationEdits" name="test_get_edits" time="0.121" /><testcase classname="backend.tests.test_iteration40_phase3bc_features.TestCollaborationEdits" name="test_update_cursor" time="0.120" /><testcase classname="backend.tests.test_iteration40_phase3bc_features.TestCollaborationSessionEnd" name="test_end_session" time="0.110" /><testcase classname="backend.tests.test_iteration40_phase3bc_features.TestCollaborationSessionEnd" name="test_verify_session_ended" time="0.140" /><testcase classname="backend.tests.test_iteration40_phase3bc_features.TestVrWalkthroughTours" name="test_list_tours" time="0.113" /><testcase classname="backend.tests.test_iteration40_phase3bc_features.TestVrWalkthroughTours" name="test_create_tour" time="0.114" /><testcase classname="backend.tests.test_iteration40_phase3bc_features.TestVrWalkthroughTours" name="test_get_tour" time="0.117" /><testcase classname="backend.tests.test_iteration40_phase3bc_features.TestVrWalkthroughScenes" name="test_add_scene" time="0.173" /><testcase classname="backend.tests.test_iteration40_phase3bc_features.TestVrWalkthroughScenes" name="test_list_scenes" time="0.111" /><testcase classname="backend.tests.test_iteration40_phase3bc_features.TestVrWalkthroughHotspots" name="test_add_hotspot" time="0.128" /><testcase classname="backend.tests.test_iteration40_phase3bc_features.TestVrWalkthroughHotspots" name="test_list_hotspots" time="0.130" /><testcase classname="backend.tests.test_iteration40_phase3bc_features.TestVrWalkthroughRoomConfigs" name="test_room_configs" time="0.108" /><testcase classname="backend.tests.test_iteration40_phase3bc_features.TestVrWalkthroughDelete" name="test_delete_tour" time="0.120" /><testcase classname="backend.tests.test_iteration40_phase3bc_features.TestVrWalkthroughDelete" name="test_verify_tour_deleted" time="0.127" /></testsuite></testsuites>