<?xml version="1.0" encoding="utf-8"?><testsuites name="pytest tests"><testsuite name="pytest" errors="0" failures="0" skipped="0" tests="18" time="3.000" timestamp="2026-04-15T10:39:28.815942+00:00" hostname="agent-env-0d514397-b02f-409d-829a-33424537802f"><testcase classname="backend.tests.test_iteration76_guest_ordering.TestHousekeeping" name="test_housekeeping_dashboard" time="0.242" /><testcase classname="backend.tests.test_iteration76_guest_ordering.TestHousekeeping" name="test_housekeeping_update_room_status" time="0.300" /><testcase classname="backend.tests.test_iteration76_guest_ordering.TestHousekeeping" name="test_housekeeping_rooms_list" time="0.108" /><testcase classname="backend.tests.test_iteration76_guest_ordering.TestGuest360" name="test_guest360_search" time="0.112" /><testcase classname="backend.tests.test_iteration76_guest_ordering.TestGuest360" name="test_guest360_profile_by_room" time="0.111" /><testcase classname="backend.tests.test_iteration76_guest_ordering.TestMinibarIRD" name="test_ird_dashboard" time="0.096" /><testcase classname="backend.tests.test_iteration76_guest_ordering.TestMinibarIRD" name="test_ird_menu" time="0.106" /><testcase classname="backend.tests.test_iteration76_guest_ordering.TestMinibarIRD" name="test_minibar_inventory" time="0.137" /><testcase classname="backend.tests.test_iteration76_guest_ordering.TestMinibarIRD" name="test_minibar_consume" time="0.249" /><testcase classname="backend.tests.test_iteration76_guest_ordering.TestGuestOrdering" name="test_guest_order_auth" time="0.105" /><testcase classname="backend.tests.test_iteration76_guest_ordering.TestGuestOrdering" name="test_guest_order_menu" time="0.102" /><testcase classname="backend.tests.test_iteration76_guest_ordering.TestGuestOrdering" name="test_guest_order_place_order" time="0.382" /><testcase classname="backend.tests.test_iteration76_guest_ordering.TestGuestOrdering" name="test_guest_order_manager_periods" time="0.100" /><testcase classname="backend.tests.test_iteration76_guest_ordering.TestGuestOrdering" name="test_guest_order_manager_update_period" time="0.107" /><testcase classname="backend.tests.test_iteration76_guest_ordering.TestGuestOrdering" name="test_guest_order_manager_menu" time="0.101" /><testcase classname="backend.tests.test_iteration76_guest_ordering.TestGuestOrdering" name="test_guest_order_manager_reset_count" time="0.299" /><testcase classname="backend.tests.test_iteration76_guest_ordering.TestGuestOrdering" name="test_guest_order_manager_alerts" time="0.110" /><testcase classname="backend.tests.test_iteration76_guest_ordering.TestHealthCheck" name="test_health" time="0.118" /></testsuite></testsuites>