<?xml version="1.0" encoding="utf-8"?><testsuites name="pytest tests"><testsuite name="pytest" errors="0" failures="0" skipped="0" tests="28" time="8.293" timestamp="2026-04-24T03:08:32.781601+00:00" hostname="agent-env-0d514397-b02f-409d-829a-33424537802f"><testcase classname="tests.test_ecw_ops_iter230_echoaurium.TestEchoAuriumSeed" name="test_seed_march_2026_returns_lines_written" time="1.092" /><testcase classname="tests.test_ecw_ops_iter230_echoaurium.TestEchoAuriumSeed" name="test_seed_is_idempotent" time="1.967" /><testcase classname="tests.test_ecw_ops_iter230_echoaurium.TestEchoAuriumOutlets" name="test_outlets_returns_8_outlets" time="0.125" /><testcase classname="tests.test_ecw_ops_iter230_echoaurium.TestEchoAuriumOutlets" name="test_outlets_includes_pelican_inactive" time="0.117" /><testcase classname="tests.test_ecw_ops_iter230_echoaurium.TestEchoAuriumOutlets" name="test_outlets_has_expected_names" time="0.106" /><testcase classname="tests.test_ecw_ops_iter230_echoaurium.TestEchoAuriumPnlFull" name="test_pnl_full_returns_sections" time="1.183" /><testcase classname="tests.test_ecw_ops_iter230_echoaurium.TestEchoAuriumPnlFull" name="test_pnl_full_has_kpis" time="0.172" /><testcase classname="tests.test_ecw_ops_iter230_echoaurium.TestEchoAuriumPnlFull" name="test_pnl_full_has_banners" time="0.117" /><testcase classname="tests.test_ecw_ops_iter230_echoaurium.TestEchoAuriumPnlFull" name="test_pnl_full_compare_budget" time="0.129" /><testcase classname="tests.test_ecw_ops_iter230_echoaurium.TestEchoAuriumPnlFull" name="test_pnl_full_compare_forecast" time="0.130" /><testcase classname="tests.test_ecw_ops_iter230_echoaurium.TestEchoAuriumPnlFull" name="test_pnl_full_compare_prior_year" time="0.164" /><testcase classname="tests.test_ecw_ops_iter230_echoaurium.TestEchoAuriumPnlFull" name="test_pnl_full_has_gl_8210_paper_plastics" time="0.148" /><testcase classname="tests.test_ecw_ops_iter230_echoaurium.TestEchoAuriumOccupancy" name="test_occupancy_returns_metrics" time="0.119" /><testcase classname="tests.test_ecw_ops_iter230_echoaurium.TestAccrualReconciliation" name="test_accrual_sweep_dry_run" time="0.308" /><testcase classname="tests.test_ecw_ops_iter230_echoaurium.TestAccrualReconciliation" name="test_accrual_sweep_commit" time="0.347" /><testcase classname="tests.test_ecw_ops_iter230_echoaurium.TestAccrualReconciliation" name="test_list_accruals" time="0.230" /><testcase classname="tests.test_ecw_ops_iter230_echoaurium.TestAccrualReconciliation" name="test_at_risk_summary" time="0.226" /><testcase classname="tests.test_ecw_ops_iter230_echoaurium.TestAccrualClear" name="test_clear_accrual" time="0.238" /><testcase classname="tests.test_ecw_ops_iter230_echoaurium.TestInvoiceGLCodes" name="test_invoice_demo_has_gl_separation" time="0.108" /><testcase classname="tests.test_ecw_ops_iter230_echoaurium.TestInvoiceGLCodes" name="test_invoice_demo_paper_items_have_8210" time="0.114" /><testcase classname="tests.test_ecw_ops_iter230_echoaurium.TestRegressionPhase4" name="test_reconciliation_open_orders" time="0.130" /><testcase classname="tests.test_ecw_ops_iter230_echoaurium.TestRegressionPhase4" name="test_vendor_scorecards" time="0.179" /><testcase classname="tests.test_ecw_ops_iter230_echoaurium.TestRegressionPhase4" name="test_order_guides" time="0.133" /><testcase classname="tests.test_ecw_ops_iter230_echoaurium.TestRegressionPhase3" name="test_activity_endpoint" time="0.109" /><testcase classname="tests.test_ecw_ops_iter230_echoaurium.TestRegressionPhase3" name="test_pnl_snapshot_endpoint" time="0.114" /><testcase classname="tests.test_ecw_ops_iter230_echoaurium.TestRegressionPhase3" name="test_dashboard_endpoint" time="0.127" /><testcase classname="tests.test_ecw_ops_iter230_echoaurium.TestRegressionPhase3" name="test_invoices_endpoint" time="0.119" /><testcase classname="tests.test_ecw_ops_iter230_echoaurium.TestRegressionPhase3" name="test_commissary_outlets_endpoint" time="0.116" /></testsuite></testsuites>