<?xml version="1.0" encoding="utf-8"?><testsuites name="pytest tests"><testsuite name="pytest" errors="0" failures="2" skipped="0" tests="19" time="11.650" timestamp="2026-04-28T14:15:18.909708+00:00" hostname="agent-env-0d514397-b02f-409d-829a-33424537802f"><testcase classname="tests.test_iter263_3_event_bus_echo.TestBEOAutoPlanner" name="test_beo_calendar_list" time="0.366" /><testcase classname="tests.test_iter263_3_event_bus_echo.TestBEOAutoPlanner" name="test_beo_plan_single" time="0.292" /><testcase classname="tests.test_iter263_3_event_bus_echo.TestBEOAutoPlanner" name="test_beo_plan_day" time="8.423" /><testcase classname="tests.test_iter263_3_event_bus_echo.TestBEOAutoPlanner" name="test_beo_sync_to_calendar" time="0.195" /><testcase classname="tests.test_iter263_3_event_bus_echo.TestBEOAutoPlanner" name="test_calendar_events_banquet" time="0.155" /><testcase classname="tests.test_iter263_3_event_bus_echo.TestVendorScorecard" name="test_scorecards_list" time="0.149" /><testcase classname="tests.test_iter263_3_event_bus_echo.TestVendorScorecard" name="test_violations_list" time="0.124" /><testcase classname="tests.test_iter263_3_event_bus_echo.TestPurchRecSprint1" name="test_match_exceptions" time="0.105" /><testcase classname="tests.test_iter263_3_event_bus_echo.TestPurchRecSprint1" name="test_match_resolve" time="0.124" /><testcase classname="tests.test_iter263_3_event_bus_echo.TestPurchRecSprint1" name="test_par_scan" time="0.196" /><testcase classname="tests.test_iter263_3_event_bus_echo.TestPurchRecSprint1" name="test_auto_po" time="0.172" /><testcase classname="tests.test_iter263_3_event_bus_echo.TestAdminConsole" name="test_pulse" time="0.249" /><testcase classname="tests.test_iter263_3_event_bus_echo.TestAdminConsole" name="test_rollout" time="0.173" /><testcase classname="tests.test_iter263_3_event_bus_echo.TestAdminConsole" name="test_tech_support" time="0.118" /><testcase classname="tests.test_iter263_3_event_bus_echo.TestAdminConsole" name="test_feature_flag_update" time="0.363" /><testcase classname="tests.test_iter263_3_event_bus_echo.TestWebSocketBroadcast" name="test_ws_connect_and_ping" time="0.008"><failure message="AssertionError: WebSocket ping/pong failed&#10;assert False">tests/test_iter263_3_event_bus_echo.py:264: in test_ws_connect_and_ping
    assert result, "WebSocket ping/pong failed"
E   AssertionError: WebSocket ping/pong failed
E   assert False</failure></testcase><testcase classname="tests.test_iter263_3_event_bus_echo.TestWebSocketBroadcast" name="test_ws_receives_events" time="0.001" /><testcase classname="tests.test_iter263_3_event_bus_echo.TestHealthAndRegression" name="test_health" time="0.152" /><testcase classname="tests.test_iter263_3_event_bus_echo.TestHealthAndRegression" name="test_calendar_events_endpoint" time="0.154"><failure message="AssertionError: assert 'events' in {'data': [{'all_day': False, 'assigned_to': [], 'color': '#a0789e', 'created_at': '2026-04-28T14:10:54.518706+00:00', ...}, {'all_day': False, 'assigned_to': [], 'beo_notes': '', 'color': None, ...}, {'all_day': False, 'assigned_to': [], 'beo_notes': '', 'color': None, ...}, {'all_day': False, 'assigned_to': [], 'beo_notes': '', 'color': None, ...}, {'created_at': '2026-04-08T21:03:54.307000+00:00', 'end': '2026-03-17T18:00:00Z', 'event_type': 'event', 'guest_count': 500, ...}, {'all_day': False, 'assigned_to': [], 'beo_notes': 'Package: Banquet Plated Dinner. Guest count: 250.', 'created_at': '2026-04-14T14:24:26.139981+00:00', ...}, ...], 'total': 10}">tests/test_iter263_3_event_bus_echo.py:345: in test_calendar_events_endpoint
    assert "events" in data
E   AssertionError: assert 'events' in {'data': [{'all_day': False, 'assigned_to': [], 'color': '#a0789e', 'created_at': '2026-04-28T14:10:54.518706+00:00', ...}, {'all_day': False, 'assigned_to': [], 'beo_notes': '', 'color': None, ...}, {'all_day': False, 'assigned_to': [], 'beo_notes': '', 'color': None, ...}, {'all_day': False, 'assigned_to': [], 'beo_notes': '', 'color': None, ...}, {'created_at': '2026-04-08T21:03:54.307000+00:00', 'end': '2026-03-17T18:00:00Z', 'event_type': 'event', 'guest_count': 500, ...}, {'all_day': False, 'assigned_to': [], 'beo_notes': 'Package: Banquet Plated Dinner. Guest count: 250.', 'created_at': '2026-04-14T14:24:26.139981+00:00', ...}, ...], 'total': 10}</failure></testcase></testsuite></testsuites>