<?xml version="1.0" encoding="utf-8"?><testsuites name="pytest tests"><testsuite name="pytest" errors="0" failures="0" skipped="0" tests="25" time="6.782" timestamp="2026-04-28T19:46:48.387517+00:00" hostname="agent-env-0d514397-b02f-409d-829a-33424537802f"><testcase classname="tests.test_iter264_permissions.TestPermissionsMatrix" name="test_permissions_matrix_returns_roles_and_permissions" time="0.252" /><testcase classname="tests.test_iter264_permissions.TestPermissionsMatrix" name="test_chef_de_cuisine_cannot_publish" time="0.123" /><testcase classname="tests.test_iter264_permissions.TestPermissionsMatrix" name="test_accounting_has_inventory_audits" time="0.124" /><testcase classname="tests.test_iter264_permissions.TestPermissionsMatrix" name="test_exec_chef_banquets_cannot_publish" time="0.158" /><testcase classname="tests.test_iter264_permissions.TestPermissionsMatrix" name="test_operation_controller_permissions" time="0.185" /><testcase classname="tests.test_iter264_permissions.TestPermissionsMatrix" name="test_admin_has_all_permissions" time="0.153" /><testcase classname="tests.test_iter264_permissions.TestPermissionsMatrix" name="test_sales_roles_no_access" time="0.136" /><testcase classname="tests.test_iter264_permissions.TestPermissionsOverride" name="test_override_role_permissions" time="0.528" /><testcase classname="tests.test_iter264_permissions.TestPermissionsMe" name="test_permissions_me_no_auth" time="0.117" /><testcase classname="tests.test_iter264_permissions.TestNewRoleProfiles" name="test_new_profile_login[execchefbqts@luccca.com-exec-chef-banquets]" time="0.494" /><testcase classname="tests.test_iter264_permissions.TestNewRoleProfiles" name="test_new_profile_login[cdc@luccca.com-chef-de-cuisine]" time="0.377" /><testcase classname="tests.test_iter264_permissions.TestNewRoleProfiles" name="test_new_profile_login[bqtsales@luccca.com-bqt-sales-marketing]" time="0.348" /><testcase classname="tests.test_iter264_permissions.TestNewRoleProfiles" name="test_new_profile_login[sales@luccca.com-sales]" time="0.340" /><testcase classname="tests.test_iter264_permissions.TestNewRoleProfiles" name="test_new_profile_login[artmedia@luccca.com-senior-art-media-director]" time="0.357" /><testcase classname="tests.test_iter264_permissions.TestNewRoleProfiles" name="test_new_profile_login[opscontrol@luccca.com-operation-controller]" time="0.368" /><testcase classname="tests.test_iter264_permissions.TestNewRoleProfiles" name="test_new_profile_login[accounting@luccca.com-accounting]" time="0.352" /><testcase classname="tests.test_iter264_permissions.TestIrdTimeWindowFiltering" name="test_ird_public_menu_returns_data" time="0.107" /><testcase classname="tests.test_iter264_permissions.TestIrdTimeWindowFiltering" name="test_ird_public_menu_preview_returns_all" time="0.127" /><testcase classname="tests.test_iter264_permissions.TestIrdTimeWindowFiltering" name="test_items_with_zero_count_hidden" time="0.703" /><testcase classname="tests.test_iter264_permissions.TestIrdBuilderNewFields" name="test_menu_accepts_new_fields" time="0.379" /><testcase classname="tests.test_iter264_permissions.TestRegression" name="test_ops_daily_snapshot" time="0.157" /><testcase classname="tests.test_iter264_permissions.TestRegression" name="test_ird_builder_qr_png" time="0.153" /><testcase classname="tests.test_iter264_permissions.TestRegression" name="test_spa_public_menu" time="0.126" /><testcase classname="tests.test_iter264_permissions.TestRegression" name="test_health_endpoint" time="0.118" /><testcase classname="tests.test_iter264_permissions.TestAdminLogin" name="test_admin_login" time="0.382" /></testsuite></testsuites>