<?xml version="1.0" encoding="utf-8"?><testsuites name="pytest tests"><testsuite name="pytest" errors="0" failures="0" skipped="0" tests="29" time="3.586" timestamp="2026-04-14T23:09:14.072197+00:00" hostname="agent-env-0d514397-b02f-409d-829a-33424537802f"><testcase classname="backend.tests.test_iteration71_dept_analytics_integrations.TestSpaAnalytics" name="test_spa_analytics_returns_200" time="0.149" /><testcase classname="backend.tests.test_iteration71_dept_analytics_integrations.TestSpaAnalytics" name="test_spa_analytics_has_kpis" time="0.148" /><testcase classname="backend.tests.test_iteration71_dept_analytics_integrations.TestSpaAnalytics" name="test_spa_analytics_has_treatment_mix" time="0.118" /><testcase classname="backend.tests.test_iteration71_dept_analytics_integrations.TestSpaAnalytics" name="test_spa_analytics_has_therapist_utilization" time="0.136" /><testcase classname="backend.tests.test_iteration71_dept_analytics_integrations.TestSpaAnalytics" name="test_spa_analytics_has_category_mix" time="0.133" /><testcase classname="backend.tests.test_iteration71_dept_analytics_integrations.TestSpaAnalytics" name="test_spa_analytics_has_peak_hours" time="0.105" /><testcase classname="backend.tests.test_iteration71_dept_analytics_integrations.TestEngineeringAnalytics" name="test_engineering_analytics_returns_200" time="0.103" /><testcase classname="backend.tests.test_iteration71_dept_analytics_integrations.TestEngineeringAnalytics" name="test_engineering_analytics_has_kpis" time="0.105" /><testcase classname="backend.tests.test_iteration71_dept_analytics_integrations.TestEngineeringAnalytics" name="test_engineering_analytics_has_trade_breakdown" time="0.156" /><testcase classname="backend.tests.test_iteration71_dept_analytics_integrations.TestEngineeringAnalytics" name="test_engineering_analytics_has_staff_workload" time="0.100" /><testcase classname="backend.tests.test_iteration71_dept_analytics_integrations.TestEngineeringAnalytics" name="test_engineering_analytics_has_priority_breakdown" time="0.105" /><testcase classname="backend.tests.test_iteration71_dept_analytics_integrations.TestPurchasingAnalytics" name="test_purchasing_analytics_returns_200" time="0.129" /><testcase classname="backend.tests.test_iteration71_dept_analytics_integrations.TestPurchasingAnalytics" name="test_purchasing_analytics_has_kpis_with_cogs" time="0.144" /><testcase classname="backend.tests.test_iteration71_dept_analytics_integrations.TestPurchasingAnalytics" name="test_purchasing_analytics_has_vendor_spend" time="0.122" /><testcase classname="backend.tests.test_iteration71_dept_analytics_integrations.TestPurchasingAnalytics" name="test_purchasing_analytics_has_cost_trend" time="0.120" /><testcase classname="backend.tests.test_iteration71_dept_analytics_integrations.TestIntegrationStatus" name="test_integration_status_returns_200" time="0.119" /><testcase classname="backend.tests.test_iteration71_dept_analytics_integrations.TestIntegrationStatus" name="test_integration_status_has_4_providers" time="0.143" /><testcase classname="backend.tests.test_iteration71_dept_analytics_integrations.TestIntegrationStatus" name="test_integration_status_has_toast" time="0.100" /><testcase classname="backend.tests.test_iteration71_dept_analytics_integrations.TestIntegrationStatus" name="test_integration_status_has_quickbooks" time="0.122" /><testcase classname="backend.tests.test_iteration71_dept_analytics_integrations.TestIntegrationStatus" name="test_integration_status_has_sendgrid" time="0.105" /><testcase classname="backend.tests.test_iteration71_dept_analytics_integrations.TestIntegrationStatus" name="test_integration_status_has_resend" time="0.119" /><testcase classname="backend.tests.test_iteration71_dept_analytics_integrations.TestIntegrationStatus" name="test_integration_status_all_not_configured" time="0.105" /><testcase classname="backend.tests.test_iteration71_dept_analytics_integrations.TestIntegrationConfigure" name="test_configure_integration_returns_200" time="0.123" /><testcase classname="backend.tests.test_iteration71_dept_analytics_integrations.TestCalendarEvents" name="test_calendar_events_returns_200" time="0.109" /><testcase classname="backend.tests.test_iteration71_dept_analytics_integrations.TestCalendarEvents" name="test_calendar_events_has_data" time="0.134" /><testcase classname="backend.tests.test_iteration71_dept_analytics_integrations.TestCalendarEvents" name="test_calendar_events_have_april_2026_dates" time="0.105" /><testcase classname="backend.tests.test_iteration71_dept_analytics_integrations.TestCalendarEvents" name="test_calendar_events_with_date_filter" time="0.106" /><testcase classname="backend.tests.test_iteration71_dept_analytics_integrations.TestCalendarOutlets" name="test_calendar_outlets_returns_200" time="0.108" /><testcase classname="backend.tests.test_iteration71_dept_analytics_integrations.TestCalendarOutlets" name="test_calendar_outlets_has_data" time="0.106" /></testsuite></testsuites>