<?xml version="1.0" encoding="utf-8"?><testsuites name="pytest tests"><testsuite name="pytest" errors="0" failures="0" skipped="0" tests="14" time="3.145" timestamp="2026-04-12T16:04:40.772835+00:00" hostname="agent-env-0d514397-b02f-409d-829a-33424537802f"><testcase classname="backend.tests.test_iteration55_confidence_chef.TestConfidenceVisualizationEngine" name="test_confidence_heatmap_returns_9_domains" time="0.228" /><testcase classname="backend.tests.test_iteration55_confidence_chef.TestConfidenceVisualizationEngine" name="test_confidence_domain_finance" time="0.153" /><testcase classname="backend.tests.test_iteration55_confidence_chef.TestConfidenceVisualizationEngine" name="test_confidence_domain_labor_low" time="0.140" /><testcase classname="backend.tests.test_iteration55_confidence_chef.TestConfidenceVisualizationEngine" name="test_confidence_domain_invalid" time="0.145" /><testcase classname="backend.tests.test_iteration55_confidence_chef.TestConfidenceVisualizationEngine" name="test_confidence_usage_stats" time="0.151" /><testcase classname="backend.tests.test_iteration55_confidence_chef.TestConfidenceVisualizationEngine" name="test_confidence_recommendations" time="0.180" /><testcase classname="backend.tests.test_iteration55_confidence_chef.TestChefModeCognitiveAssistant" name="test_chef_scale_recipe" time="0.119" /><testcase classname="backend.tests.test_iteration55_confidence_chef.TestChefModeCognitiveAssistant" name="test_chef_allergen_check" time="0.143" /><testcase classname="backend.tests.test_iteration55_confidence_chef.TestChefModeCognitiveAssistant" name="test_chef_substitute_butter" time="0.119" /><testcase classname="backend.tests.test_iteration55_confidence_chef.TestChefModeCognitiveAssistant" name="test_chef_prep_timeline" time="0.117" /><testcase classname="backend.tests.test_iteration55_confidence_chef.TestChefModeCognitiveAssistant" name="test_chef_allergen_matrix" time="0.115" /><testcase classname="backend.tests.test_iteration55_confidence_chef.TestChefModeCognitiveAssistant" name="test_chef_ask_culinary_question" time="1.194" /><testcase classname="backend.tests.test_iteration55_confidence_chef.TestChefModeCognitiveAssistant" name="test_chef_allergen_check_all_allergens" time="0.106" /><testcase classname="backend.tests.test_iteration55_confidence_chef.TestConfidenceChefIntegration" name="test_heatmap_culinary_domain_exists" time="0.122" /></testsuite></testsuites>