<?xml version="1.0" encoding="utf-8"?><testsuites name="pytest tests"><testsuite name="pytest" errors="0" failures="0" skipped="0" tests="23" time="4.393" timestamp="2026-04-16T03:39:15.977593+00:00" hostname="agent-env-0d514397-b02f-409d-829a-33424537802f"><testcase classname="backend.tests.test_iter103_beo_operations.TestHealthRegression" name="test_health_endpoint" time="0.293" /><testcase classname="backend.tests.test_iter103_beo_operations.TestHealthRegression" name="test_beo_dashboard" time="0.139" /><testcase classname="backend.tests.test_iter103_beo_operations.TestBanquetWorkforce" name="test_list_staff_returns_20" time="0.114" /><testcase classname="backend.tests.test_iter103_beo_operations.TestBanquetWorkforce" name="test_staff_has_roles_and_companies" time="0.111" /><testcase classname="backend.tests.test_iter103_beo_operations.TestBanquetWorkforce" name="test_pto_request_detects_conflicts" time="0.247" /><testcase classname="backend.tests.test_iter103_beo_operations.TestBanquetWorkforce" name="test_pto_request_suggests_substitutes" time="0.247" /><testcase classname="backend.tests.test_iter103_beo_operations.TestBanquetWorkforce" name="test_pto_request_has_echoai3_note" time="0.227" /><testcase classname="backend.tests.test_iter103_beo_operations.TestBanquetWorkforce" name="test_schedule_generation" time="0.274" /><testcase classname="backend.tests.test_iter103_beo_operations.TestProductionEngine" name="test_buying_programs" time="0.109" /><testcase classname="backend.tests.test_iter103_beo_operations.TestProductionEngine" name="test_consolidate_orders_with_yield" time="0.229" /><testcase classname="backend.tests.test_iter103_beo_operations.TestProductionEngine" name="test_consolidate_orders_applies_discounts" time="0.231" /><testcase classname="backend.tests.test_iter103_beo_operations.TestProductionEngine" name="test_consolidate_orders_calculates_cases_and_surplus" time="0.224" /><testcase classname="backend.tests.test_iter103_beo_operations.TestProductionEngine" name="test_production_timeline" time="0.238" /><testcase classname="backend.tests.test_iter103_beo_operations.TestEventLayouts" name="test_list_rooms" time="0.127" /><testcase classname="backend.tests.test_iter103_beo_operations.TestEventLayouts" name="test_generate_layout" time="0.116" /><testcase classname="backend.tests.test_iter103_beo_operations.TestEventLayouts" name="test_generate_layout_auto_places_elements" time="0.124" /><testcase classname="backend.tests.test_iter103_beo_operations.TestEventLayouts" name="test_approve_layout" time="0.223" /><testcase classname="backend.tests.test_iter103_beo_operations.TestEventLayouts" name="test_save_layout_as_template" time="0.397" /><testcase classname="backend.tests.test_iter103_beo_operations.TestEchoAi3ROI" name="test_roi_per_beo" time="0.103" /><testcase classname="backend.tests.test_iter103_beo_operations.TestEchoAi3ROI" name="test_roi_annual_50_events" time="0.117" /><testcase classname="backend.tests.test_iter103_beo_operations.TestEchoAi3ROI" name="test_roi_live" time="0.127" /><testcase classname="backend.tests.test_iter103_beo_operations.TestRegressionOtherEndpoints" name="test_beo_list" time="0.137" /><testcase classname="backend.tests.test_iter103_beo_operations.TestRegressionOtherEndpoints" name="test_recipes_list" time="0.106" /></testsuite></testsuites>