<?xml version="1.0" encoding="utf-8"?><testsuites name="pytest tests"><testsuite name="pytest" errors="0" failures="0" skipped="0" tests="12" time="14.252" timestamp="2026-04-14T05:33:01.767269+00:00" hostname="agent-env-0d514397-b02f-409d-829a-33424537802f"><testcase classname="tests.test_iteration60_manager_dashboard.TestManagerPnL" name="test_manager_pnl_dining_manager" time="0.304" /><testcase classname="tests.test_iteration60_manager_dashboard.TestManagerPnL" name="test_gm_pnl_full_access" time="0.154" /><testcase classname="tests.test_iteration60_manager_dashboard.TestManagerPnL" name="test_supervisor_pnl_limited_access" time="0.126" /><testcase classname="tests.test_iteration60_manager_dashboard.TestManagerPnL" name="test_exec_chef_pnl_culinary_scope" time="0.128" /><testcase classname="tests.test_iteration60_manager_dashboard.TestManagerPnL" name="test_controller_pnl_full_access" time="0.122" /><testcase classname="tests.test_iteration60_manager_dashboard.TestManagerAlerts" name="test_alerts_for_manager" time="0.126" /><testcase classname="tests.test_iteration60_manager_dashboard.TestGLDrilldown" name="test_gl_drilldown_food_cogs" time="0.197" /><testcase classname="tests.test_iteration60_manager_dashboard.TestGLDrilldown" name="test_gl_drilldown_labor" time="0.103" /><testcase classname="tests.test_iteration60_manager_dashboard.TestAccessRequest" name="test_create_access_request" time="0.257" /><testcase classname="tests.test_iteration60_manager_dashboard.TestAIReview" name="test_ai_review_for_manager" time="2.982" /><testcase classname="tests.test_iteration60_manager_dashboard.TestAIReview" name="test_ai_review_for_gm" time="9.494" /><testcase classname="tests.test_iteration60_manager_dashboard.TestHealthCheck" name="test_health_endpoint" time="0.166" /></testsuite></testsuites>