<?xml version="1.0" encoding="utf-8"?><testsuites name="pytest tests"><testsuite name="pytest" errors="0" failures="0" skipped="0" tests="15" time="3.150" timestamp="2026-04-15T13:02:44.041078+00:00" hostname="agent-env-0d514397-b02f-409d-829a-33424537802f"><testcase classname="tests.test_iteration82_desktop_taskbar.TestHealthAndCore" name="test_health_endpoint" time="0.166" /><testcase classname="tests.test_iteration82_desktop_taskbar.TestEmailService" name="test_email_status" time="0.177" /><testcase classname="tests.test_iteration82_desktop_taskbar.TestEmailService" name="test_email_test_creates_demo_log" time="0.168" /><testcase classname="tests.test_iteration82_desktop_taskbar.TestGuestOrdering" name="test_guest_auth_room_412_smith" time="0.143" /><testcase classname="tests.test_iteration82_desktop_taskbar.TestGuestOrdering" name="test_guest_order_flow" time="0.737" /><testcase classname="tests.test_iteration82_desktop_taskbar.TestGuestOrdering" name="test_order_status_update" time="0.625" /><testcase classname="tests.test_iteration82_desktop_taskbar.TestHousekeepingDashboard" name="test_housekeeping_dashboard" time="0.110" /><testcase classname="tests.test_iteration82_desktop_taskbar.TestSpaDashboard" name="test_spa_dashboard" time="0.109" /><testcase classname="tests.test_iteration82_desktop_taskbar.TestSpaDashboard" name="test_spa_appointments" time="0.112" /><testcase classname="tests.test_iteration82_desktop_taskbar.TestGuest360" name="test_guest360_search" time="0.126" /><testcase classname="tests.test_iteration82_desktop_taskbar.TestGuest360" name="test_guest360_search_smith" time="0.106" /><testcase classname="tests.test_iteration82_desktop_taskbar.TestKitchenRouting" name="test_kitchen_routing_dashboard" time="0.102" /><testcase classname="tests.test_iteration82_desktop_taskbar.TestIRDDashboard" name="test_ird_dashboard" time="0.105" /><testcase classname="tests.test_iteration82_desktop_taskbar.TestConcierge" name="test_concierge_dashboard" time="0.124" /><testcase classname="tests.test_iteration82_desktop_taskbar.TestEngineeringOps" name="test_engineering_dashboard" time="0.147" /></testsuite></testsuites>