<?xml version="1.0" encoding="utf-8"?><testsuites name="pytest tests"><testsuite name="pytest" errors="0" failures="0" skipped="0" tests="30" time="50.379" timestamp="2026-04-17T21:56:27.556218+00:00" hostname="agent-env-0d514397-b02f-409d-829a-33424537802f"><testcase classname="backend.tests.test_iter145_patterns_concierge.TestHealthAndBasics" name="test_health_endpoint" time="0.170" /><testcase classname="backend.tests.test_iter145_patterns_concierge.TestPatternRecurringIssues" name="test_recurring_issues_default" time="0.117" /><testcase classname="backend.tests.test_iter145_patterns_concierge.TestPatternRecurringIssues" name="test_recurring_issues_custom_days" time="0.133" /><testcase classname="backend.tests.test_iter145_patterns_concierge.TestPatternGuestComplaints" name="test_guest_complaints_default" time="0.274" /><testcase classname="backend.tests.test_iter145_patterns_concierge.TestPatternGuestComplaints" name="test_guest_complaints_custom_days" time="0.255" /><testcase classname="backend.tests.test_iter145_patterns_concierge.TestPatternAssetClusters" name="test_asset_clusters_default" time="0.124" /><testcase classname="backend.tests.test_iter145_patterns_concierge.TestPatternAssetClusters" name="test_asset_clusters_custom_days" time="0.110" /><testcase classname="backend.tests.test_iter145_patterns_concierge.TestPatternOutletDrift" name="test_outlet_drift_default" time="0.166" /><testcase classname="backend.tests.test_iter145_patterns_concierge.TestStratusRecommendations" name="test_stratus_without_llm" time="0.268" /><testcase classname="backend.tests.test_iter145_patterns_concierge.TestStratusRecommendations" name="test_stratus_with_llm" time="36.703" /><testcase classname="backend.tests.test_iter145_patterns_concierge.TestRemediationCRUD" name="test_create_remediation" time="0.242" /><testcase classname="backend.tests.test_iter145_patterns_concierge.TestRemediationCRUD" name="test_remediation_log" time="0.125" /><testcase classname="backend.tests.test_iter145_patterns_concierge.TestConciergeReason" name="test_reason_endpoint" time="8.746" /><testcase classname="backend.tests.test_iter145_patterns_concierge.TestTeamNotifications" name="test_list_team_notifications" time="0.168" /><testcase classname="backend.tests.test_iter145_patterns_concierge.TestTeamNotifications" name="test_ack_notification" time="0.129" /><testcase classname="backend.tests.test_iter145_patterns_concierge.TestTeamNotifications" name="test_ack_nonexistent_notification" time="0.145" /><testcase classname="backend.tests.test_iter145_patterns_concierge.TestRegressionPriorModules" name="test_eng_ops_kpis" time="0.150" /><testcase classname="backend.tests.test_iter145_patterns_concierge.TestRegressionPriorModules" name="test_hskp_ops_kpis" time="0.131" /><testcase classname="backend.tests.test_iter145_patterns_concierge.TestRegressionPriorModules" name="test_foh_ops_outlets" time="0.122" /><testcase classname="backend.tests.test_iter145_patterns_concierge.TestRegressionPriorModules" name="test_concierge_domains" time="0.160" /><testcase classname="backend.tests.test_iter145_patterns_concierge.TestRegressionPriorModules" name="test_guest360_profiles" time="0.154" /><testcase classname="backend.tests.test_iter145_patterns_concierge.TestRegressionPriorModules" name="test_ird_hub_menu" time="0.143" /><testcase classname="backend.tests.test_iter145_patterns_concierge.TestRegressionPriorModules" name="test_kds_stations" time="0.159" /><testcase classname="backend.tests.test_iter145_patterns_concierge.TestRegressionPriorModules" name="test_intelligence_ai3_summary" time="0.127" /><testcase classname="backend.tests.test_iter145_patterns_concierge.TestSecurityNoIdLeak" name="test_no_id_leak_recurring_issues" time="0.158" /><testcase classname="backend.tests.test_iter145_patterns_concierge.TestSecurityNoIdLeak" name="test_no_id_leak_guest_complaints" time="0.305" /><testcase classname="backend.tests.test_iter145_patterns_concierge.TestSecurityNoIdLeak" name="test_no_id_leak_asset_clusters" time="0.156" /><testcase classname="backend.tests.test_iter145_patterns_concierge.TestSecurityNoIdLeak" name="test_no_id_leak_stratus" time="0.337" /><testcase classname="backend.tests.test_iter145_patterns_concierge.TestSecurityNoIdLeak" name="test_no_id_leak_remediation_log" time="0.142" /><testcase classname="backend.tests.test_iter145_patterns_concierge.TestSecurityNoIdLeak" name="test_no_id_leak_team_notifications" time="0.111" /></testsuite></testsuites>