<?xml version="1.0" encoding="utf-8"?><testsuites name="pytest tests"><testsuite name="pytest" errors="0" failures="4" skipped="0" tests="20" time="206.798" timestamp="2026-04-28T13:01:24.515810+00:00" hostname="agent-env-0d514397-b02f-409d-829a-33424537802f"><testcase classname="tests.test_purchrec_sprint1_iter263.TestPurchRecMatchEndpoints" name="test_match_exceptions_returns_summary_and_exceptions" time="0.156" /><testcase classname="tests.test_purchrec_sprint1_iter263.TestPurchRecMatchEndpoints" name="test_match_get_specific_po" time="0.112" /><testcase classname="tests.test_purchrec_sprint1_iter263.TestPurchRecMatchEndpoints" name="test_match_get_nonexistent_po_returns_404" time="0.111" /><testcase classname="tests.test_purchrec_sprint1_iter263.TestPurchRecMatchEndpoints" name="test_match_resolve_exception" time="0.120" /><testcase classname="tests.test_purchrec_sprint1_iter263.TestPurchRecParEndpoints" name="test_par_levels_returns_rows" time="0.130"><failure message="AssertionError: Expected ≥7 par levels, got 1&#10;assert 1 &gt;= 7&#10; +  where 1 = len([{'description': 'Test Item', 'on_hand': 3.0, 'outlet': 'Test Outlet', 'pack_size': 1.0, ...}])">tests/test_purchrec_sprint1_iter263.py:79: in test_par_levels_returns_rows
    assert len(data["rows"]) &gt;= 7, f"Expected ≥7 par levels, got {len(data['rows'])}"
E   AssertionError: Expected ≥7 par levels, got 1
E   assert 1 &gt;= 7
E    +  where 1 = len([{'description': 'Test Item', 'on_hand': 3.0, 'outlet': 'Test Outlet', 'pack_size': 1.0, ...}])</failure></testcase><testcase classname="tests.test_purchrec_sprint1_iter263.TestPurchRecParEndpoints" name="test_par_levels_filter_by_outlet" time="0.111" /><testcase classname="tests.test_purchrec_sprint1_iter263.TestPurchRecParEndpoints" name="test_par_levels_upsert" time="0.148" /><testcase classname="tests.test_purchrec_sprint1_iter263.TestPurchRecParEndpoints" name="test_par_scan_returns_suggestions" time="0.121" /><testcase classname="tests.test_purchrec_sprint1_iter263.TestPurchRecParEndpoints" name="test_auto_po_draft" time="0.117" /><testcase classname="tests.test_purchrec_sprint1_iter263.TestPurchRecParEndpoints" name="test_auto_po_submitted" time="0.127" /><testcase classname="tests.test_purchrec_sprint1_iter263.TestChronosDeepDive" name="test_deep_dive_returns_200_with_markdown" time="0.122" /><testcase classname="tests.test_purchrec_sprint1_iter263.TestChronosDeepDive" name="test_deep_dive_refresh_triggers_fallback" time="60.135"><failure message="AssertionError: Expected 200, got 502: The preview environment is not responding. It may be starting up.&#10;  &#10;assert 502 == 200&#10; +  where 502 = &lt;Response [502]&gt;.status_code">tests/test_purchrec_sprint1_iter263.py:200: in test_deep_dive_refresh_triggers_fallback
    assert r.status_code == 200, f"Expected 200, got {r.status_code}: {r.text}"
E   AssertionError: Expected 200, got 502: The preview environment is not responding. It may be starting up.
E     
E   assert 502 == 200
E    +  where 502 = &lt;Response [502]&gt;.status_code</failure></testcase><testcase classname="tests.test_purchrec_sprint1_iter263.TestEchoScheduleShifts" name="test_echo_schedule_shifts_returns_rows" time="60.540"><failure message="AssertionError: Expected 200, got 502: The preview environment is not responding. It may be starting up.&#10;  &#10;assert 502 == 200&#10; +  where 502 = &lt;Response [502]&gt;.status_code">tests/test_purchrec_sprint1_iter263.py:217: in test_echo_schedule_shifts_returns_rows
    assert r.status_code == 200, f"Expected 200, got {r.status_code}: {r.text}"
E   AssertionError: Expected 200, got 502: The preview environment is not responding. It may be starting up.
E     
E   assert 502 == 200
E    +  where 502 = &lt;Response [502]&gt;.status_code</failure></testcase><testcase classname="tests.test_purchrec_sprint1_iter263.TestServerHealth" name="test_server_health" time="60.231"><failure message="assert 502 == 200&#10; +  where 502 = &lt;Response [502]&gt;.status_code">tests/test_purchrec_sprint1_iter263.py:232: in test_server_health
    assert r.status_code == 200
E   assert 502 == 200
E    +  where 502 = &lt;Response [502]&gt;.status_code</failure></testcase><testcase classname="tests.test_purchrec_sprint1_iter263.TestRegressionAdminConsole" name="test_admin_console_pulse" time="23.789" /><testcase classname="tests.test_purchrec_sprint1_iter263.TestRegressionAdminConsole" name="test_admin_console_integrations" time="0.135" /><testcase classname="tests.test_purchrec_sprint1_iter263.TestRegressionAdminConsole" name="test_admin_console_updates" time="0.114" /><testcase classname="tests.test_purchrec_sprint1_iter263.TestRegressionAdminConsole" name="test_admin_console_installers" time="0.119" /><testcase classname="tests.test_purchrec_sprint1_iter263.TestRegressionAdminConsole" name="test_admin_console_audit" time="0.123" /><testcase classname="tests.test_purchrec_sprint1_iter263.TestRegressionAdminConsole" name="test_admin_console_feature_flags" time="0.116" /></testsuite></testsuites>