<?xml version="1.0" encoding="utf-8"?><testsuites name="pytest tests"><testsuite name="pytest" errors="0" failures="0" skipped="0" tests="25" time="2.364" timestamp="2026-04-17T06:08:53.677285+00:00" hostname="agent-env-0d514397-b02f-409d-829a-33424537802f"><testcase classname="backend.tests.test_iter128_rlhf_beo_review.TestBEOReviewQueue" name="test_get_review_queue_returns_200" time="0.189" /><testcase classname="backend.tests.test_iter128_rlhf_beo_review.TestBEOReviewQueue" name="test_queue_has_required_fields" time="0.049" /><testcase classname="backend.tests.test_iter128_rlhf_beo_review.TestBEOReviewQueue" name="test_queue_items_have_review_status" time="0.047" /><testcase classname="backend.tests.test_iter128_rlhf_beo_review.TestBEOReviewQueue" name="test_queue_items_have_event_details" time="0.049" /><testcase classname="backend.tests.test_iter128_rlhf_beo_review.TestBEOReviewDetail" name="test_get_beo_for_review_returns_200" time="0.096" /><testcase classname="backend.tests.test_iter128_rlhf_beo_review.TestBEOReviewDetail" name="test_beo_review_has_echoai_decisions" time="0.093" /><testcase classname="backend.tests.test_iter128_rlhf_beo_review.TestBEOReviewDetail" name="test_echoai_decisions_have_7_categories" time="0.094" /><testcase classname="backend.tests.test_iter128_rlhf_beo_review.TestBEOReviewDetail" name="test_each_decision_has_required_fields" time="0.103" /><testcase classname="backend.tests.test_iter128_rlhf_beo_review.TestBEOReviewDetail" name="test_nonexistent_beo_returns_404" time="0.047" /><testcase classname="backend.tests.test_iter128_rlhf_beo_review.TestBEOReviewSubmit" name="test_submit_all_approved_returns_200" time="0.148" /><testcase classname="backend.tests.test_iter128_rlhf_beo_review.TestBEOReviewSubmit" name="test_submit_returns_review_summary" time="0.148" /><testcase classname="backend.tests.test_iter128_rlhf_beo_review.TestBEOReviewSubmit" name="test_submit_with_corrections_creates_training_data" time="0.147" /><testcase classname="backend.tests.test_iter128_rlhf_beo_review.TestBEOReviewSubmit" name="test_submit_updates_review_status_in_queue" time="0.199" /><testcase classname="backend.tests.test_iter128_rlhf_beo_review.TestReviewTrainingData" name="test_get_training_data_returns_200" time="0.044" /><testcase classname="backend.tests.test_iter128_rlhf_beo_review.TestReviewTrainingData" name="test_training_data_has_required_fields" time="0.047" /><testcase classname="backend.tests.test_iter128_rlhf_beo_review.TestReviewTrainingData" name="test_training_data_entries_have_correction_details" time="0.051" /><testcase classname="backend.tests.test_iter128_rlhf_beo_review.TestReviewTrainingData" name="test_by_category_counts_corrections" time="0.044" /><testcase classname="backend.tests.test_iter128_rlhf_beo_review.TestReviewAccuracy" name="test_get_accuracy_returns_200" time="0.044" /><testcase classname="backend.tests.test_iter128_rlhf_beo_review.TestReviewAccuracy" name="test_accuracy_has_required_fields" time="0.044" /><testcase classname="backend.tests.test_iter128_rlhf_beo_review.TestReviewAccuracy" name="test_accuracy_calculation_is_correct" time="0.046" /><testcase classname="backend.tests.test_iter128_rlhf_beo_review.TestReviewAccuracy" name="test_accuracy_trend_based_on_threshold" time="0.045" /><testcase classname="backend.tests.test_iter128_rlhf_beo_review.TestBEOChangelogUpdate" name="test_submit_review_updates_beo_changelog" time="0.188" /><testcase classname="backend.tests.test_iter128_rlhf_beo_review.TestKnowledgeBaseUpdate" name="test_correction_adds_to_knowledge_base" time="0.202" /><testcase classname="backend.tests.test_iter128_rlhf_beo_review.TestExistingReviewData" name="test_existing_review_reflected_in_accuracy" time="0.043" /><testcase classname="backend.tests.test_iter128_rlhf_beo_review.TestExistingReviewData" name="test_existing_training_data_present" time="0.046" /></testsuite></testsuites>