<?xml version="1.0" encoding="utf-8"?><testsuites name="pytest tests"><testsuite name="pytest" errors="0" failures="0" skipped="0" tests="9" time="20.373" timestamp="2026-04-22T13:36:17.311425+00:00" hostname="agent-env-0d514397-b02f-409d-829a-33424537802f"><testcase classname="backend.tests.test_iter208_ml_forecast_lifecycle_llm_unifier.TestMlForecast" name="test_forecast_ml_model_structure" time="0.230" /><testcase classname="backend.tests.test_iter208_ml_forecast_lifecycle_llm_unifier.TestMlForecast" name="test_forecast_naive_model_structure" time="0.175" /><testcase classname="backend.tests.test_iter208_ml_forecast_lifecycle_llm_unifier.TestMlForecastMeta" name="test_ml_meta_structure" time="0.126" /><testcase classname="backend.tests.test_iter208_ml_forecast_lifecycle_llm_unifier.TestLifecycleAudit" name="test_lifecycle_audit_structure" time="0.157" /><testcase classname="backend.tests.test_iter208_ml_forecast_lifecycle_llm_unifier.TestLifecycleAudit" name="test_lifecycle_audit_elroy_lipfrat" time="0.172" /><testcase classname="backend.tests.test_iter208_ml_forecast_lifecycle_llm_unifier.TestLlmUnifierRegression" name="test_analyze_event_returns_ok_analysis_mode" time="6.986" /><testcase classname="backend.tests.test_iter208_ml_forecast_lifecycle_llm_unifier.TestLlmUnifierRegression" name="test_whats_new_returns_summary" time="7.447" /><testcase classname="backend.tests.test_iter208_ml_forecast_lifecycle_llm_unifier.TestLlmUnifierRegression" name="test_echo_chat_what_happened_intent" time="4.787" /><testcase classname="backend.tests.test_iter208_ml_forecast_lifecycle_llm_unifier.TestBeoFinalizeRegression" name="test_beo_finalize_includes_gl_maestro_aurum" time="0.179" /></testsuite></testsuites>