<?xml version="1.0" encoding="utf-8"?><testsuites name="pytest tests"><testsuite name="pytest" errors="0" failures="0" skipped="0" tests="19" time="3.694" timestamp="2026-04-16T16:20:03.063773+00:00" hostname="agent-env-0d514397-b02f-409d-829a-33424537802f"><testcase classname="tests.test_iter117_purchasing_beo_pdf.TestPurchasingPrepList" name="test_prep_list_default_date" time="0.157" /><testcase classname="tests.test_iter117_purchasing_beo_pdf.TestPurchasingPrepList" name="test_prep_list_outlet_filter" time="0.178" /><testcase classname="tests.test_iter117_purchasing_beo_pdf.TestPurchasingPrepList" name="test_prep_list_has_shortages" time="0.147" /><testcase classname="tests.test_iter117_purchasing_beo_pdf.TestPurchasingDashboard" name="test_dashboard_returns_projections" time="0.166" /><testcase classname="tests.test_iter117_purchasing_beo_pdf.TestPurchasingRequisitions" name="test_create_requisition" time="0.125" /><testcase classname="tests.test_iter117_purchasing_beo_pdf.TestPurchasingRequisitions" name="test_list_requisitions" time="0.120" /><testcase classname="tests.test_iter117_purchasing_beo_pdf.TestPurchasingRequisitions" name="test_approve_requisition" time="0.241" /><testcase classname="tests.test_iter117_purchasing_beo_pdf.TestPurchasingRequisitions" name="test_approve_nonexistent_requisition" time="0.119" /><testcase classname="tests.test_iter117_purchasing_beo_pdf.TestBEOCreation" name="test_create_beo_from_builder" time="0.113" /><testcase classname="tests.test_iter117_purchasing_beo_pdf.TestBEOTemplates" name="test_save_beo_template" time="0.152" /><testcase classname="tests.test_iter117_purchasing_beo_pdf.TestBEOTemplates" name="test_list_beo_templates" time="0.145" /><testcase classname="tests.test_iter117_purchasing_beo_pdf.TestBEOTemplates" name="test_load_beo_template" time="0.227" /><testcase classname="tests.test_iter117_purchasing_beo_pdf.TestBEOTemplates" name="test_delete_beo_template" time="0.407" /><testcase classname="tests.test_iter117_purchasing_beo_pdf.TestBEOTemplates" name="test_load_nonexistent_template" time="0.113" /><testcase classname="tests.test_iter117_purchasing_beo_pdf.TestGroupResumePDF" name="test_seed_sample_resume" time="0.158" /><testcase classname="tests.test_iter117_purchasing_beo_pdf.TestGroupResumePDF" name="test_pdf_export_returns_pdf" time="0.470" /><testcase classname="tests.test_iter117_purchasing_beo_pdf.TestGroupResumePDF" name="test_pdf_export_nonexistent_resume" time="0.160" /><testcase classname="tests.test_iter117_purchasing_beo_pdf.TestGroupResumePDF" name="test_resume_has_all_sections" time="0.262" /><testcase classname="tests.test_iter117_purchasing_beo_pdf.TestHealthCheck" name="test_health_endpoint" time="0.120" /></testsuite></testsuites>