<?xml version="1.0" encoding="utf-8"?><testsuites name="pytest tests"><testsuite name="pytest" errors="0" failures="0" skipped="0" tests="13" time="2.169" timestamp="2026-04-23T11:31:20.425210+00:00" hostname="agent-env-0d514397-b02f-409d-829a-33424537802f"><testcase classname="backend.tests.test_iter219_blob_storage_auth_bypass.TestBlobHealth" name="test_blob_health_returns_local_backend" time="0.132" /><testcase classname="backend.tests.test_iter219_blob_storage_auth_bypass.TestPhotoIntakeWithBlob" name="test_photo_intake_returns_blob_url" time="0.122" /><testcase classname="backend.tests.test_iter219_blob_storage_auth_bypass.TestPhotoIntakeWithBlob" name="test_get_photo_intake_has_blob_url" time="0.272" /><testcase classname="backend.tests.test_iter219_blob_storage_auth_bypass.TestBlobRead" name="test_get_blob_returns_image" time="0.227" /><testcase classname="backend.tests.test_iter219_blob_storage_auth_bypass.TestBlobRead" name="test_blob_nonexistent_returns_404" time="0.129" /><testcase classname="backend.tests.test_iter219_blob_storage_auth_bypass.TestBlobPathTraversal" name="test_path_traversal_blocked" time="0.101" /><testcase classname="backend.tests.test_iter219_blob_storage_auth_bypass.TestBlobPathTraversal" name="test_path_traversal_in_kind_blocked" time="0.119" /><testcase classname="backend.tests.test_iter219_blob_storage_auth_bypass.TestAuditQueueWithBlob" name="test_enqueue_with_base64_stores_to_blob" time="0.114" /><testcase classname="backend.tests.test_iter219_blob_storage_auth_bypass.TestAuditQueueWithBlob" name="test_resolve_with_blob_creates_fingerprint" time="0.389" /><testcase classname="backend.tests.test_iter219_blob_storage_auth_bypass.TestRegressionEndpoints" name="test_atelier_stats" time="0.113" /><testcase classname="backend.tests.test_iter219_blob_storage_auth_bypass.TestRegressionEndpoints" name="test_fingerprints_stats" time="0.115" /><testcase classname="backend.tests.test_iter219_blob_storage_auth_bypass.TestRegressionEndpoints" name="test_chafer_catalog" time="0.114" /><testcase classname="backend.tests.test_iter219_blob_storage_auth_bypass.TestRegressionEndpoints" name="test_forbes_labels" time="0.113" /></testsuite></testsuites>