<?xml version="1.0" encoding="utf-8"?><testsuites name="pytest tests"><testsuite name="pytest" errors="0" failures="0" skipped="0" tests="31" time="4.339" timestamp="2026-04-16T09:46:40.317383+00:00" hostname="agent-env-0d514397-b02f-409d-829a-33424537802f"><testcase classname="backend.tests.test_iter107_kitchen_production.TestHealthCheck" name="test_health" time="0.193" /><testcase classname="backend.tests.test_iter107_kitchen_production.TestEquipment" name="test_get_equipment_list" time="0.140" /><testcase classname="backend.tests.test_iter107_kitchen_production.TestEquipment" name="test_equipment_summary_counts" time="0.129" /><testcase classname="backend.tests.test_iter107_kitchen_production.TestEquipment" name="test_equipment_oven_capacity" time="0.129" /><testcase classname="backend.tests.test_iter107_kitchen_production.TestEquipment" name="test_equipment_types_present" time="0.126" /><testcase classname="backend.tests.test_iter107_kitchen_production.TestBEOVerification" name="test_beo_7186_exists" time="0.160" /><testcase classname="backend.tests.test_iter107_kitchen_production.TestBEOVerification" name="test_beo_7626_exists" time="0.153" /><testcase classname="backend.tests.test_iter107_kitchen_production.TestBEOVerification" name="test_beo_7628_exists" time="0.159" /><testcase classname="backend.tests.test_iter107_kitchen_production.TestBEOVerification" name="test_beo_7167_exists" time="0.141" /><testcase classname="backend.tests.test_iter107_kitchen_production.TestBEOVerification" name="test_beo_7187_exists" time="0.142" /><testcase classname="backend.tests.test_iter107_kitchen_production.TestBEOVerification" name="test_beo_7169_exists" time="0.137" /><testcase classname="backend.tests.test_iter107_kitchen_production.TestBEOVerification" name="test_beo_7186_has_menu_sections" time="0.148" /><testcase classname="backend.tests.test_iter107_kitchen_production.TestBEOVerification" name="test_beo_7169_has_bbq_menu" time="0.135" /><testcase classname="backend.tests.test_iter107_kitchen_production.TestFiringSequence" name="test_firing_sequence_multi_beo_bottleneck" time="0.138" /><testcase classname="backend.tests.test_iter107_kitchen_production.TestFiringSequence" name="test_firing_sequence_echostratus_solutions" time="0.119" /><testcase classname="backend.tests.test_iter107_kitchen_production.TestFiringSequence" name="test_firing_sequence_single_beo_returns_valid_response" time="0.119" /><testcase classname="backend.tests.test_iter107_kitchen_production.TestFiringSequence" name="test_firing_sequence_timeline_structure" time="0.137" /><testcase classname="backend.tests.test_iter107_kitchen_production.TestFiringSequence" name="test_firing_sequence_equipment_status" time="0.133" /><testcase classname="backend.tests.test_iter107_kitchen_production.TestTipPool" name="test_tip_pool_departments" time="0.132" /><testcase classname="backend.tests.test_iter107_kitchen_production.TestTipPool" name="test_tip_pool_positions" time="0.141" /><testcase classname="backend.tests.test_iter107_kitchen_production.TestTipPool" name="test_tip_pool_calculate_with_comp" time="0.121" /><testcase classname="backend.tests.test_iter107_kitchen_production.TestTipPool" name="test_tip_pool_calculate_no_comp" time="0.127" /><testcase classname="backend.tests.test_iter107_kitchen_production.TestTipPool" name="test_tip_pool_distribution_amounts" time="0.129" /><testcase classname="backend.tests.test_iter107_kitchen_production.TestGuestRecovery" name="test_guest_recovery_irate_server_drops_table" time="0.134" /><testcase classname="backend.tests.test_iter107_kitchen_production.TestGuestRecovery" name="test_guest_recovery_disappointed_food_quality" time="0.123" /><testcase classname="backend.tests.test_iter107_kitchen_production.TestGuestRecovery" name="test_guest_recovery_wont_return_food_allergy" time="0.130" /><testcase classname="backend.tests.test_iter107_kitchen_production.TestGuestRecovery" name="test_guest_recovery_scoring" time="0.131" /><testcase classname="backend.tests.test_iter107_kitchen_production.TestGuestRecovery" name="test_guest_recovery_with_beo" time="0.129" /><testcase classname="backend.tests.test_iter107_kitchen_production.TestEdgeCases" name="test_firing_sequence_invalid_beo" time="0.125" /><testcase classname="backend.tests.test_iter107_kitchen_production.TestEdgeCases" name="test_tip_pool_invalid_beo" time="0.131" /><testcase classname="backend.tests.test_iter107_kitchen_production.TestEdgeCases" name="test_tip_pool_invalid_department" time="0.125" /></testsuite></testsuites>