<?xml version="1.0" encoding="utf-8"?><testsuites name="pytest tests"><testsuite name="pytest" errors="0" failures="0" skipped="0" tests="42" time="8.369" timestamp="2026-04-19T12:14:54.704917+00:00" hostname="agent-env-0d514397-b02f-409d-829a-33424537802f"><testcase classname="backend.tests.test_iter184_ird_vip_weather_groupevents.TestIRDMenu" name="test_ird_menu_returns_items" time="0.300" /><testcase classname="backend.tests.test_iter184_ird_vip_weather_groupevents.TestIRDMenu" name="test_ird_menu_has_categories" time="0.151" /><testcase classname="backend.tests.test_iter184_ird_vip_weather_groupevents.TestIRDMenu" name="test_ird_menu_has_allergens" time="0.143" /><testcase classname="backend.tests.test_iter184_ird_vip_weather_groupevents.TestIRDMenu" name="test_ird_menu_requires_auth" time="0.105" /><testcase classname="backend.tests.test_iter184_ird_vip_weather_groupevents.TestIRDOrder" name="test_ird_order_success" time="0.227" /><testcase classname="backend.tests.test_iter184_ird_vip_weather_groupevents.TestIRDOrder" name="test_ird_order_empty_lines_fails" time="0.120" /><testcase classname="backend.tests.test_iter184_ird_vip_weather_groupevents.TestIRDOrder" name="test_ird_order_requires_auth" time="0.149" /><testcase classname="backend.tests.test_iter184_ird_vip_weather_groupevents.TestIRDTracker" name="test_ird_tracker_get_order" time="0.342" /><testcase classname="backend.tests.test_iter184_ird_vip_weather_groupevents.TestIRDTracker" name="test_ird_tracker_has_4_stages" time="0.337" /><testcase classname="backend.tests.test_iter184_ird_vip_weather_groupevents.TestIRDTracker" name="test_ird_tracker_404_invalid_order" time="0.113" /><testcase classname="backend.tests.test_iter184_ird_vip_weather_groupevents.TestIRDAdminAdvance" name="test_admin_advance_to_preparing" time="0.438" /><testcase classname="backend.tests.test_iter184_ird_vip_weather_groupevents.TestIRDAdminAdvance" name="test_admin_advance_full_cycle" time="0.743" /><testcase classname="backend.tests.test_iter184_ird_vip_weather_groupevents.TestIRDAdminAdvance" name="test_admin_advance_invalid_stage" time="0.324" /><testcase classname="backend.tests.test_iter184_ird_vip_weather_groupevents.TestIRDAdminAdvance" name="test_admin_advance_requires_admin_token" time="0.381" /><testcase classname="backend.tests.test_iter184_ird_vip_weather_groupevents.TestVIPAddons" name="test_vip_addons_returns_20_items" time="0.113" /><testcase classname="backend.tests.test_iter184_ird_vip_weather_groupevents.TestVIPAddons" name="test_vip_addons_has_expected_slugs" time="0.111" /><testcase classname="backend.tests.test_iter184_ird_vip_weather_groupevents.TestVIPAddons" name="test_vip_addons_returns_guest_tier" time="0.107" /><testcase classname="backend.tests.test_iter184_ird_vip_weather_groupevents.TestVIPAddons" name="test_vip_addon_structure" time="0.130" /><testcase classname="backend.tests.test_iter184_ird_vip_weather_groupevents.TestVIPAddonRequest" name="test_vip_request_success" time="0.109" /><testcase classname="backend.tests.test_iter184_ird_vip_weather_groupevents.TestVIPAddonRequest" name="test_vip_request_invalid_slug" time="0.135" /><testcase classname="backend.tests.test_iter184_ird_vip_weather_groupevents.TestWeatherAlternatives" name="test_weather_alternatives_returns_venues" time="0.134" /><testcase classname="backend.tests.test_iter184_ird_vip_weather_groupevents.TestWeatherAlternatives" name="test_weather_alternatives_indoor_categories" time="0.111" /><testcase classname="backend.tests.test_iter184_ird_vip_weather_groupevents.TestWeatherAlternatives" name="test_weather_alternatives_works_with_zero_activations" time="0.112" /><testcase classname="backend.tests.test_iter184_ird_vip_weather_groupevents.TestVenueMenu" name="test_get_menu_for_venue" time="0.257" /><testcase classname="backend.tests.test_iter184_ird_vip_weather_groupevents.TestVenueMenu" name="test_menu_empty_graceful" time="0.109" /><testcase classname="backend.tests.test_iter184_ird_vip_weather_groupevents.TestReservation" name="test_reserve_success" time="0.217" /><testcase classname="backend.tests.test_iter184_ird_vip_weather_groupevents.TestReservation" name="test_reserve_invalid_venue" time="0.117" /><testcase classname="backend.tests.test_iter184_ird_vip_weather_groupevents.TestGroupEvents" name="test_event_upsert" time="0.112" /><testcase classname="backend.tests.test_iter184_ird_vip_weather_groupevents.TestGroupEvents" name="test_event_upsert_requires_admin" time="0.109" /><testcase classname="backend.tests.test_iter184_ird_vip_weather_groupevents.TestGroupEvents" name="test_invite_planner" time="0.235" /><testcase classname="backend.tests.test_iter184_ird_vip_weather_groupevents.TestGroupEvents" name="test_add_session_as_admin" time="0.242" /><testcase classname="backend.tests.test_iter184_ird_vip_weather_groupevents.TestGroupEvents" name="test_add_session_as_planner" time="0.379" /><testcase classname="backend.tests.test_iter184_ird_vip_weather_groupevents.TestGroupEvents" name="test_get_event_with_attendee_code" time="0.343" /><testcase classname="backend.tests.test_iter184_ird_vip_weather_groupevents.TestGroupEvents" name="test_get_event_without_auth_fails" time="0.233" /><testcase classname="backend.tests.test_iter184_ird_vip_weather_groupevents.TestGroupEvents" name="test_list_events_admin" time="0.119" /><testcase classname="backend.tests.test_iter184_ird_vip_weather_groupevents.TestRegression" name="test_valet_request" time="0.126" /><testcase classname="backend.tests.test_iter184_ird_vip_weather_groupevents.TestRegression" name="test_luggage_request" time="0.112" /><testcase classname="backend.tests.test_iter184_ird_vip_weather_groupevents.TestRegression" name="test_transport_request" time="0.117" /><testcase classname="backend.tests.test_iter184_ird_vip_weather_groupevents.TestRegression" name="test_venues_list" time="0.124" /><testcase classname="backend.tests.test_iter184_ird_vip_weather_groupevents.TestRegression" name="test_nearby_list" time="0.105" /><testcase classname="backend.tests.test_iter184_ird_vip_weather_groupevents.TestRegression" name="test_requests_list" time="0.119" /><testcase classname="backend.tests.test_iter184_ird_vip_weather_groupevents.TestRegression" name="test_location_share" time="0.115" /></testsuite></testsuites>