<?xml version="1.0" encoding="utf-8"?><testsuites name="pytest tests"><testsuite name="pytest" errors="0" failures="0" skipped="0" tests="11" time="2.292" timestamp="2026-04-23T05:54:23.506863+00:00" hostname="agent-env-0d514397-b02f-409d-829a-33424537802f"><testcase classname="backend.tests.test_iter216_fingerprint.TestFingerprintContribute" name="test_contribute_fingerprint_success" time="0.135" /><testcase classname="backend.tests.test_iter216_fingerprint.TestFingerprintContribute" name="test_contribute_fingerprint_invalid_histogram" time="0.121" /><testcase classname="backend.tests.test_iter216_fingerprint.TestFingerprintQuery" name="test_query_fingerprint_match" time="0.220" /><testcase classname="backend.tests.test_iter216_fingerprint.TestFingerprintConfirm" name="test_confirm_fingerprint_promotion" time="0.355" /><testcase classname="backend.tests.test_iter216_fingerprint.TestFingerprintStats" name="test_fingerprint_stats" time="0.110" /><testcase classname="backend.tests.test_iter216_fingerprint.TestPreliminaryFromImage" name="test_preliminary_no_match" time="0.115" /><testcase classname="backend.tests.test_iter216_fingerprint.TestPreliminaryFromImage" name="test_preliminary_with_match" time="0.333" /><testcase classname="backend.tests.test_iter216_fingerprint.TestCaptureStillFingerprintShortCircuit" name="test_capture_still_fingerprint_shortcircuit" time="0.362" /><testcase classname="backend.tests.test_iter216_fingerprint.TestFeatureFlags" name="test_feature_flags_fingerprint" time="0.109" /><testcase classname="backend.tests.test_iter216_fingerprint.TestRegressionStubPath" name="test_capture_still_no_media_uses_stub" time="0.231" /><testcase classname="backend.tests.test_iter216_fingerprint.TestRegressionShadowContributeLogs" name="test_shadow_contribute_logs_endpoint" time="0.103" /></testsuite></testsuites>