<?xml version="1.0" encoding="utf-8"?><testsuites name="pytest tests"><testsuite name="pytest" errors="0" failures="0" skipped="2" tests="8" time="0.894" timestamp="2026-04-17T12:54:59.787747+00:00" hostname="agent-env-0d514397-b02f-409d-829a-33424537802f"><testcase classname="tests.test_iter134_ai_image_cake_designer.TestAIImageEndpoints" name="test_ai_image_generate_endpoint_exists" time="0.145" /><testcase classname="tests.test_iter134_ai_image_cake_designer.TestAIImageEndpoints" name="test_ai_image_generate_validates_prompt" time="0.000"><skipped type="pytest.skip" message="Skipping actual AI generation to save credits - endpoint verified in test_ai_image_generate_endpoint_exists">/app/backend/tests/test_iter134_ai_image_cake_designer.py:32: Skipping actual AI generation to save credits - endpoint verified in test_ai_image_generate_endpoint_exists</skipped></testcase><testcase classname="tests.test_iter134_ai_image_cake_designer.TestAIImageEndpoints" name="test_ai_image_cake_concept_endpoint_exists" time="0.000"><skipped type="pytest.skip" message="Skipping actual AI generation to save credits - endpoint verified via OPTIONS">/app/backend/tests/test_iter134_ai_image_cake_designer.py:37: Skipping actual AI generation to save credits - endpoint verified via OPTIONS</skipped></testcase><testcase classname="tests.test_iter134_ai_image_cake_designer.TestAIImageEndpoints" name="test_ai_image_cake_concept_endpoint_via_options" time="0.076" /><testcase classname="tests.test_iter134_ai_image_cake_designer.TestAIImageEndpoints" name="test_ai_image_history_endpoint" time="0.142" /><testcase classname="tests.test_iter134_ai_image_cake_designer.TestAIImageEndpoints" name="test_ai_image_history_with_limit" time="0.136" /><testcase classname="tests.test_iter134_ai_image_cake_designer.TestHealthAndBasicAPIs" name="test_health_endpoint" time="0.207" /><testcase classname="tests.test_iter134_ai_image_cake_designer.TestHealthAndBasicAPIs" name="test_yields_api_working" time="0.116" /></testsuite></testsuites>